1000
2000
3000
4000
5000
6000
7000
8000
9000
10000
11000
12000
13000
14000
15000
16000
17000
18000
19000
20000
21000
22000
23000
24000
25000
26000
27000
28000
29000
30000
31000
32000
33000
34000
35000
36000
36500
37000
37500
38000
38500
39000
39500
40000
40500
41000
41500
42000
42500
43000
43500
44000
44500
45000
45500
46000
46500
47000
47500
48000
48500
49000
49500
50000
50500
51000
51500
52000
52500
53000
53500
54000
54500
55000
55500
56000
56500
57000
57500
58000
58500
59000
59500
60000
60500
61000
61500
62000
62500
63000
63500
64000
64500
65000
65500
66000
66500
67000
67500
68000
68500
69000
69500
70000
70500
71000
71500
72000
72333
72666
72999
73332
73665
73998
74332
74666
74999
75333
75667
76000
76334
76668
77002
77335
77669
78003
78336
78669
79002
79336
79669
80003
80337
80671
81004
81338
81672
82006
82339
82672
83006
83339
83672
84000
84334
84667
85000
85333
85667
86000
86333
86666
87000
87333
87667
88001
88335
88668
89001
89334
89668
90001
90334
90667
91001
91335
91668
92002
92336
92669
93002
93335
93668
94002
94335
94669
95002
95336
95670
96000
96334
96667
97000
97333
97666
97999
98333
98667
99001
99334
99667
100001
100334
100667
101000
101333
101666
102000
102334
102667
103000
103333
103667
104001
104335
104668
105002
105336
105670
106004
106337
106670
107004
107338
107671
108000
108250
108500
108750
109000
109250
109500
109750
110000
110250
110500
110750
111000
111250
111500
111750
112000
112250
112500
112750
113000
113250
113500
113750
114000
114250
114500
114750
115000
115250
115500
115750
116000
116250
116500
116750
117000
117250
117500
117750
118000
118250
118500
118750
119000
119250
119500
119750
120000
120250
120500
120750
121000
121250
121500
121750
122000
122250
122500
122750
123000
123250
123500
123750
124000
124250
124500
124750
125000
125250
125500
125750
126000
126250
126500
126750
127000
127250
127500
127750
128000
128250
128500
128750
129000
129250
129500
129750
130000
130250
130500
130750
131000
131250
131500
131750
132000
132250
132500
132750
133000
133250
133500
133750
134000
134250
134500
134750
135000
135250
135500
135750
136000
136250
136500
136750
137000
137250
137500
137750
138000
138250
138500
138750
139000
139250
139500
139750
140000
140250
140500
140750
141000
141250
141500
141750
142000
142250
142500
142750
143000
143250
143500
143750
144000
144200
144400
144600
144800
145000
145200
145400
145600
145800
146000
146200
146400
146600
146800
147000
147200
147400
147600
147800
148000
148200
148400
148600
148800
149000
149200
149400
149600
149800
150000
150200
150400
150600
150800
151000
151200
151400
151600
151800
152000
152200
152400
152600
152800
153000
153200
153400
153600
153800
154000
154200
154400
154600
154800
155000
155200
155400
155600
155800
156000
156200
156400
156600
156800
157000
157200
157400
157600
157800
158000
158200
158400
158600
158800
159000
159200
159400
159600
159800
160000
160200
160400
160600
160800
161000
161200
161400
161600
161800
162000
162200
162400
162600
162800
163000
163200
163400
163600
163800
164000
164200
164400
164600
164800
165000
165200
165400
165600
165800
166000
166200
166400
166600
166800
167000
167200
167400
167600
167800
168000
168200
168400
168600
168800
169000
169200
169400
169600
169800
170000
170200
170400
170600
170800
171000
171200
171400
171600
171800
172000
172200
172400
172600
172800
173000
173200
173400
173600
173800
174000
174200
174400
174600
174800
175000
175200
175400
175600
175800
176000
176200
176400
176600
176800
177000
177200
177400
177600
177800
178000
178200
178400
178600
178800
179000
179200
179400
179600
179800
180000
180167
180333
180499
180665
180831
180997
181163
181330
181496
181662
181828
181994
182161
182328
182494
182661
182828
182994
183160
183327
183494
183660
183826
183992
184159
184325
184491
184657
184824
184990
185157
185323
185490
185657
185824
185991
186158
186325
186492
186658
186825
186992
187158
187325
187491
187658
187825
187991
188157
188324
188490
188657
188823
188989
189156
189323
189489
189656
189823
189989
190156
190322
190488
190654
190820
190986
191153
191320
191487
191653
191820
192000
192166
192332
192499
192665
192832
192999
193166
193332
193498
193664
193831
193998
194165
194332
194498
194664
194830
194996
195162
195328
195495
195661
195827
195993
196160
196327
196494
196660
196827
196994
197161
197328
197495
197662
197829
197995
198161
198328
198494
198660
198826
198993
199160
199326
199492
199658
199824
199990
200156
200322
200489
200656
200823
200990
201156
201322
201488
201655
201822
201989
202156
202323
202490
202656
202823
202989
203156
203322
203488
203654
203821
204000
204166
204333
204499
204665
204832
204998
205164
205331
205498
205665
205832
205999
206166
206333
206500
206667
206833
207000
207167
207333
207500
207666
207833
207999
208166
208332
208498
208664
208831
208998
209164
209331
209498
209665
209831
209998
210165
210332
210498
210665
210832
210999
211165
211332
211498
211664
211830
211997
212164
212330
212496
212662
212828
212994
213160
213327
213493
213660
213826
213993
214159
214325
214492
214658
214824
214991
215158
215324
215490
215657
215823
216000
216143
216286
216428
216571
216713
216855
216998
217140
217282
217425
217568
217710
217852
217995
218138
218281
218424
218566
218709
218852
218994
219137
219279
219421
219564
219706
219849
219992
220134
220277
220420
220563
220706
220848
220991
221134
221277
221420
221562
221704
221847
221990
222132
222275
222418
222561
222703
222846
222989
223132
223274
223417
223559
223702
223845
223988
224131
224273
224415
224558
224700
224843
224985
225127
225269
225412
225555
225697
225839
225982
226125
226267
226410
226552
226695
226837
226980
227123
227266
227408
227550
227692
227834
228000
228142
228284
228427
228569
228711
228853
228995
229137
229280
229423
229565
229707
229850
229992
230135
230277
230420
230563
230706
230848
230991
231133
231276
231419
231561
231704
231847
231989
232132
232274
232416
232558
232700
232843
232986
233129
233272
233414
233557
233700
233843
233986
234128
234271
234413
234555
234697
234840
234982
235124
235266
235409
235552
235695
235837
235980
236122
236264
236407
236550
236692
236834
236977
237120
237262
237404
237547
237690
237833
237975
238118
238261
238404
238547
238690
238832
238974
239117
239260
239403
239545
239687
239830
240000
240143
240285
240428
240571
240713
240856
240999
241141
241284
241427
241570
241712
241855
241998
242141
242284
242427
242570
242712
242854
242997
243139
243281
243424
243566
243708
243850
243993
244135
244277
244420
244563
244706
244849
244992
245135
245277
245419
245561
245703
245845
245988
246130
246272
246415
246557
246700
246843
246986
247128
247271
247413
247555
247697
247840
247982
248125
248267
248410
248552
248694
248837
248980
249122
249265
249407
249549
249691
249833
249976
250119
250262
250405
250547
250690
250832
250974
251117
251260
251402
251544
251687
251830
252000
252125
252250
252375
252500
252625
252750
252875
253000
253125
253250
253375
253500
253625
253750
253875
254000
254125
254250
254375
254500
254625
254750
254875
255000
255125
255250
255375
255500
255625
255750
255875
256000
256125
256250
256375
256500
256625
256750
256875
257000
257125
257250
257375
257500
257625
257750
257875
258000
258125
258250
258375
258500
258625
258750
258875
259000
259125
259250
259375
259500
259625
259750
259875
260000
260125
260250
260375
260500
260625
260750
260875
261000
261125
261250
261375
261500
261625
261750
261875
262000
262125
262250
262375
262500
262625
262750
262875
263000
263125
263250
263375
263500
263625
263750
263875
264000
264125
264250
264375
264500
264625
264750
264875
265000
265125
265250
265375
265500
265625
265750
265875
266000
266125
266250
266375
266500
266625
266750
266875
267000
267125
267250
267375
267500
267625
267750
267875
268000
268125
268250
268375
268500
268625
268750
268875
269000
269125
269250
269375
269500
269625
269750
269875
270000
270125
270250
270375
270500
270625
270750
270875
271000
271125
271250
271375
271500
271625
271750
271875
272000
272125
272250
272375
272500
272625
272750
272875
273000
273125
273250
273375
273500
273625
273750
273875
274000
274125
274250
274375
274500
274625
274750
274875
275000
275125
275250
275375
275500
275625
275750
275875
276000
276125
276250
276375
276500
276625
276750
276875
277000
277125
277250
277375
277500
277625
277750
277875
278000
278125
278250
278375
278500
278625
278750
278875
279000
279125
279250
279375
279500
279625
279750
279875
280000
280125
280250
280375
280500
280625
280750
280875
281000
281125
281250
281375
281500
281625
281750
281875
282000
282125
282250
282375
282500
282625
282750
282875
283000
283125
283250
283375
283500
283625
283750
283875
284000
284125
284250
284375
284500
284625
284750
284875
285000
285125
285250
285375
285500
285625
285750
285875
286000
286125
286250
286375
286500
286625
286750
286875
287000
287125
287250
287375
287500
287625
287750
287875
288000
288111
288223
288335
288447
288559
288670
288781
288893
289005
289116
289227
289338
289450
289562
289674
289785
289896
290007
290119
290231
290343
290455
290566
290677
290789
290901
291013
291124
291236
291348
291459
291571
291683
291794
291905
292017
292129
292240
292352
292464
292575
292687
292799
292911
293022
293134
293245
293357
293469
293580
293691
293802
293914
294025
294136
294247
294358
294469
294581
294692
294804
294916
295028
295140
295251
295362
295473
295585
295697
295808
295920
296031
296143
296255
296367
296479
296591
296702
296813
296924
297035
297146
297258
297370
297481
297592
297704
297815
297927
298039
298150
298262
298373
298485
298597
298708
298819
298931
299043
299154
299265
299376
299488
299600
299711
299823
299934
300000
300111
300223
300335
300447
300559
300670
300782
300894
301006
301118
301229
301340
301452
301563
301674
301786
301897
302008
302119
302230
302342
302453
302564
302675
302787
302898
303009
303121
303232
303344
303455
303566
303677
303789
303901
304012
304123
304235
304347
304458
304569
304681
304792
304903
305015
305127
305239
305350
305461
305573
305684
305795
305907
306018
306130
306242
306353
306465
306576
306688
306800
306912
307024
307135
307246
307358
307470
307582
307693
307805
307917
308028
308140
308252
308363
308474
308585
308697
308809
308920
309031
309142
309253
309365
309477
309588
309700
309812
309924
310036
310147
310258
310370
310481
310592
310703
310815
310927
311039
311150
311261
311372
311483
311594
311706
311818
311929
312000
312111
312222
312334
312445
312556
312668
312779
312890
313002
313113
313224
313335
313447
313558
313670
313782
313894
314005
314117
314229
314340
314451
314562
314673
314784
314895
315007
315119
315231
315342
315453
315564
315675
315787
315898
316009
316120
316232
316343
316455
316567
316678
316790
316902
317014
317125
317236
317347
317458
317570
317682
317794
317905
318016
318128
318240
318351
318463
318574
318685
318797
318909
319020
319131
319243
319355
319467
319578
319690
319802
319913
320025
320137
320248
320360
320472
320583
320694
320806
320917
321028
321139
321251
321363
321474
321586
321697
321809
321920
322031
322142
322254
322365
322476
322588
322699
322810
322921
323033
323145
323256
323368
323480
323591
323703
323814
323926
324000
324100
324200
324300
324400
324500
324600
324700
324800
324900
325000
325100
325200
325300
325400
325500
325600
325700
325800
325900
326000
326100
326200
326300
326400
326500
326600
326700
326800
326900
327000
327100
327200
327300
327400
327500
327600
327700
327800
327900
328000
328100
328200
328300
328400
328500
328600
328700
328800
328900
329000
329100
329200
329300
329400
329500
329600
329700
329800
329900
330000
330100
330200
330300
330400
330500
330600
330700
330800
330900
331000
331100
331200
331300
331400
331500
331600
331700
331800
331900
332000
332100
332200
332300
332400
332500
332600
332700
332800
332900
333000
333100
333200
333300
333400
333500
333600
333700
333800
333900
334000
334100
334200
334300
334400
334500
334600
334700
334800
334900
335000
335100
335200
335300
335400
335500
335600
335700
335800
335900
336000
336100
336200
336300
336400
336500
336600
336700
336800
336900
337000
337100
337200
337300
337400
337500
337600
337700
337800
337900
338000
338100
338200
338300
338400
338500
338600
338700
338800
338900
339000
339100
339200
339300
339400
339500
339600
339700
339800
339900
340000
340100
340200
340300
340400
340500
340600
340700
340800
340900
341000
341100
341200
341300
341400
341500
341600
341700
341800
341900
342000
342100
342200
342300
342400
342500
342600
342700
342800
342900
343000
343100
343200
343300
343400
343500
343600
343700
343800
343900
344000
344100
344200
344300
344400
344500
344600
344700
344800
344900
345000
345100
345200
345300
345400
345500
345600
345700
345800
345900
346000
346100
346200
346300
346400
346500
346600
346700
346800
346900
347000
347100
347200
347300
347400
347500
347600
347700
347800
347900
348000
348100
348200
348300
348400
348500
348600
348700
348800
348900
349000
349100
349200
349300
349400
349500
349600
349700
349800
349900
350000
350100
350200
350300
350400
350500
350600
350700
350800
350900
351000
351100
351200
351300
351400
351500
351600
351700
351800
351900
352000
352100
352200
352300
352400
352500
352600
352700
352800
352900
353000
353100
353200
353300
353400
353500
353600
353700
353800
353900
354000
354100
354200
354300
354400
354500
354600
354700
354800
354900
355000
355100
355200
355300
355400
355500
355600
355700
355800
355900
356000
356100
356200
356300
356400
356500
356600
356700
356800
356900
357000
357100
357200
357300
357400
357500
357600
357700
357800
357900
358000
358100
358200
358300
358400
358500
358600
358700
358800
358900
359000
359100
359200
359300
359400
359500
359600
359700
359800
359900
360000
360091
360182
360273
360363
360453
360544
360634
360725
360816
360907
360998
361089
361180
361270
361361
361452
361543
361633
361724
361814
361904
361995
362085
362175
362266
362356
362447
362537
362628
362718
362809
362900
362991
363081
363171
363262
363352
363443
363534
363624
363715
363806
363896
363987
364077
364168
364258
364348
364439
364530
364621
364712
364803
364894
364984
365074
365165
365255
365345
365435
365525
365615
365706
365796
365886
365977
366067
366158
366248
366338
366429
366520
366610
366700
366790
366881
366971
367061
367152
367242
367332
367423
367514
367605
367696
367787
367877
367967
368057
368148
368238
368329
368419
368509
368599
368690
368781
368871
368962
369053
369143
369234
369324
369414
369504
369595
369686
369776
369867
369957
370047
370138
370228
370319
370410
370500
370591
370681
370771
370861
370951
371042
371132
371222
371313
371404
371495
371585
371676
371766
371856
372000
372091
372182
372272
372363
372453
372543
372634
372724
372814
372905
372995
373085
373175
373266
373356
373446
373536
373626
373717
373807
373898
373988
374079
374169
374260
374351
374441
374531
374622
374712
374803
374893
374984
375074
375164
375255
375346
375436
375527
375618
375709
375799
375889
375979
376070
376160
376250
376340
376430
376520
376610
376701
376792
376882
376973
377063
377154
377245
377335
377426
377516
377606
377696
377786
377876
377966
378056
378146
378236
378326
378417
378507
378598
378688
378779
378870
378960
379051
379141
379232
379322
379412
379503
379593
379684
379774
379865
379956
380046
380137
380228
380319
380409
380500
380591
380682
380773
380863
380953
381043
381134
381224
381314
381405
381495
381586
381677
381768
381859
381949
382039
382129
382219
382309
382400
382491
382581
382672
382763
382854
382945
383035
383125
383216
383306
383397
383487
383578
383668
383759
383850
384000
384090
384181
384271
384361
384451
384542
384633
384723
384814
384905
384996
385087
385177
385267
385357
385447
385538
385629
385720
385811
385902
385993
386083
386173
386264
386354
386444
386535
386626
386716
386806
386897
386987
387077
387167
387257
387348
387439
387530
387620
387710
387800
387890
387980
388071
388162
388253
388344
388434
388525
388615
388706
388796
388887
388978
389068
389158
389248
389338
389428
389519
389609
389699
389789
389880
389970
390061
390151
390242
390333
390424
390514
390604
390695
390786
390877
390967
391058
391148
391239
391330
391421
391512
391602
391693
391783
391873
391964
392054
392144
392235
392325
392416
392507
392598
392688
392779
392870
392960
393050
393141
393232
393322
393412
393502
393593
393683
393773
393864
393954
394044
394134
394224
394314
394405
394496
394586
394676
394767
394858
394948
395039
395129
395219
395309
395400
395491
395581
395672
395762
395852
396000
396083
396166
396249
396332
396415
396499
396582
396665
396749
396833
396917
397001
397085
397168
397252
397335
397419
397502
397585
397668
397751
397834
397917
398000
398084
398167
398251
398334
398417
398500
398584
398667
398751
398835
398918
399002
399085
399168
399252
399335
399418
399502
399586
399670
399754
399837
399921
400005
400089
400172
400255
400339
400423
400506
400589
400672
400755
400839
400923
401007
401090
401174
401258
401342
401425
401508
401591
401675
401759
401843
401927
402011
402095
402179
402263
402346
402430
402513
402596
402679
402762
402846
402930
403013
403097
403180
403263
403346
403430
403513
403596
403679
403762
403845
403928
404012
404096
404179
404262
404346
404430
404514
404597
404681
404764
404847
404930
405014
405098
405181
405265
405349
405432
405516
405600
405683
405767
405850
405934
406018
406101
406185
406269
406352
406435
406518
406601
406685
406768
406851
406934
407017
407101
407184
407268
407352
407436
407520
407603
407687
407770
407853
407936
408000
408084
408168
408251
408335
408418
408502
408585
408668
408751
408835
408918
409001
409084
409168
409251
409334
409417
409501
409584
409667
409750
409833
409917
410001
410085
410168
410251
410335
410419
410502
410585
410669
410753
410836
410920
411004
411087
411170
411254
411338
411422
411506
411590
411674
411758
411841
411924
412007
412091
412174
412257
412341
412425
412508
412591
412674
412757
412840
412924
413008
413091
413174
413257
413340
413424
413507
413590
413673
413757
413841
413924
414007
414090
414173
414256
414339
414423
414507
414591
414675
414759
414842
414925
415009
415092
415176
415259
415343
415427
415511
415594
415678
415762
415845
415929
416013
416096
416180
416264
416348
416431
416514
416597
416680
416764
416847
416931
417015
417099
417183
417267
417351
417434
417518
417602
417685
417768
417852
417935
418019
418103
418187
418270
418353
418437
418520
418604
418688
418771
418854
418937
419020
419104
419187
419270
419354
419437
419521
419604
419687
419771
419855
419939
420000
420083
420166
420250
420333
420417
420500
420583
420666
420749
420833
420917
421000
421083
421167
421251
421335
421418
421501
421585
421669
421752
421835
421919
422002
422085
422168
422252
422335
422419
422503
422587
422670
422754
422837
422921
423005
423088
423172
423255
423338
423421
423504
423587
423671
423755
423838
423922
424005
424089
424172
424256
424340
424423
424506
424589
424672
424755
424838
424921
425004
425088
425171
425255
425339
425423
425507
425590
425674
425758
425842
425925
426008
426091
426175
426259
426343
426427
426510
426594
426678
426761
426844
426928
427012
427095
427179
427263
427347
427431
427514
427597
427680
427763
427847
427931
428014
428098
428182
428266
428349
428433
428517
428601
428685
428768
428852
428935
429018
429101
429185
429269
429353
429436
429519
429602
429686
429770
429854
429937
430021
430105
430189
430272
430355
430438
430521
430604
430687
430771
430855
430938
431022
431106
431189
431273
431356
431439
431522
431605
431688
431772
431856
431940
432000
432077
432153
432230
432307
432383
432460
432537
432614
432691
432768
432845
432921
432998
433075
433151
433228
433305
433381
433458
433535
433612
433689
433765
433842
433919
433996
434072
434149
434226
434302
434378
434454
434531
434608
434685
434761
434837
434914
434991
435067
435143
435219
435296
435373
435450
435526
435603
435679
435755
435831
435907
435984
436060
436136
436212
436288
436364
436440
436517
436594
436670
436746
436823
436900
436977
437054
437130
437206
437283
437359
437435
437512
437588
437664
437740
437817
437893
437970
438046
438122
438199
438276
438352
438428
438505
438582
438659
438735
438811
438888
438965
439042
439118
439195
439271
439348
439424
439500
439576
439653
439730
439806
439882
439959
440036
440112
440188
440264
440341
440417
440494
440571
440648
440725
440801
440877
440954
441031
441107
441183
441259
441336
441413
441490
441566
441643
441719
441795
441872
441948
442024
442100
442177
442253
442330
442407
442483
442559
442635
442711
442787
442863
442939
443015
443091
443168
443245
443322
443398
443474
443550
443627
443704
443780
443856
444000
444076
444153
444230
444306
444382
444458
444534
444611
444688
444764
444840
444916
444993
445069
445145
445221
445298
445374
445451
445527
445604
445681
445758
445835
445911
445988
446065
446141
446218
446294
446370
446447
446524
446601
446678
446754
446830
446907
446984
447061
447138
447215
447292
447369
447445
447522
447599
447676
447752
447829
447905
447981
448057
448133
448210
448286
448363
448440
448517
448593
448670
448746
448823
448899
448975
449052
449128
449204
449281
449358
449435
449511
449588
449664
449741
449817
449894
449970
450047
450124
450200
450276
450353
450430
450506
450583
450660
450736
450813
450890
450967
451044
451121
451198
451275
451352
451428
451505
451582
451658
451735
451811
451888
451964
452040
452117
452194
452271
452347
452424
452500
452576
452653
452730
452807
452883
452959
453036
453112
453188
453264
453340
453417
453493
453570
453647
453724
453801
453877
453953
454030
454106
454182
454258
454334
454411
454488
454565
454641
454717
454793
454869
454945
455021
455097
455173
455249
455326
455403
455479
455556
455633
455709
455785
455861
456000
456076
456152
456229
456305
456381
456458
456535
456611
456687
456763
456839
456916
456992
457068
457144
457220
457297
457374
457450
457527
457604
457681
457757
457833
457910
457986
458063
458139
458215
458292
458369
458445
458521
458597
458673
458749
458826
458902
458978
459055
459131
459208
459285
459362
459439
459516
459593
459669
459745
459821
459897
459973
460050
460127
460203
460280
460357
460434
460511
460587
460663
460739
460816
460893
460970
461047
461124
461201
461278
461354
461431
461508
461584
461660
461737
461814
461891
461968
462044
462121
462197
462273
462350
462427
462503
462579
462655
462731
462807
462884
462960
463036
463113
463190
463266
463343
463420
463496
463573
463650
463727
463804
463881
463958
464034
464110
464186
464263
464339
464415
464491
464567
464643
464719
464796
464872
464948
465025
465102
465178
465254
465331
465407
465484
465561
465637
465713
465790
465866
465942
466018
466094
466170
466246
466322
466399
466475
466551
466627
466704
466781
466858
466934
467010
467087
467163
467240
467316
467392
467469
467545
467621
467698
467775
467852
468000
