828
1889
1896
2321
2924
3598
4365
5341
5973
6794
7917
8381
8539
8717
9437
10346
10854
11460
12539
12710
14263
14790
17127
17556
18866
19380
19825
20175
22520
23035
23139
23267
23837
26497
26993
30004
32307
35550
38147
41698
42978
43759
43973
44642
49840
50303
50399
50786
51895
53144
53274
53910
54214
55378
55419
55468
56384
57205
62677
64271
64950
64969
64979
67380
67568
67710
67758
67895
68232
69449
70272
70980
71000
72269
76842
77311
78685
79432
79439
79635
81042
81842
81958
84609
87207
87476
87509
87734
87905
89875
90921
91241
92792
93002
93132
95093
95234
97090
97128
97246
98934
99058
99816
101130
104415
104423
105321
106935
107892
109373
109864
110200
111748
114869
115023
115822
116334
117578
117950
118305
118550
122537
122994
126130
126963
127389
128456
129052
129442
130305
131543
133728
133977
134219
134251
135319
135861
135976
137787
137862
137970
139491
142850
144544
144968
146229
146260
146858
147399
148379
148691
149344
151851
152050
152179
153113
155123
155552
155859
156286
156618
156819
156881
158669
158770
160134
160243
161209
161769
163415
164417
165685
166584
167108
167170
167926
168559
169912
170401
170729
171215
171976
172288
174899
177733
180687
181365
181932
183041
183247
183599
183941
185302
185390
186130
186236
186288
186564
186928
188144
188701
190244
190582
191484
191860
191990
193734
194367
196582
196637
197733
198105
198822
203310
203933
206197
206487
207697
208090
209328
210371
211492
211822
212600
213830
213997
215097
215112
216019
217200
218325
218577
219829
220847
221321
221662
222068
226688
227228
228833
230416
231419
231708
233582
234343
235878
236311
236379
238297
238927
241242
243188
243361
244346
244416
245095
246762
247133
247515
247563
248762
249564
249904
250232
250585
251636
253828
256022
256092
257144
257302
259775
260425
261277
262474
262563
263348
263373
263906
264520
265025
266284
266300
267123
267648
269914
270811
270915
271232
271372
272991
273399
273726
275685
276312
277232
280401
281035
281356
282136
282450
283608
284602
285506
288711
289964
289999
291432
292695
293360
293425
293888
294330
296473
296921
297726
299346
299773
300472
301114
302853
303119
305617
307067
308005
308993
310834
311137
312836
313284
313704
314731
315572
316434
319018
323436
324035
324202
324348
326034
326092
326120
327101
327232
327890
328236
328365
328795
330043
331602
332335
333172
333989
335263
337084
337628
338430
339492
339637
339962
340984
341209
342337
342572
343245
344893
346331
347255
348233
348975
349439
350702
351592
353336
353635
355032
355600
355782
356786
357979
358422
361412
361613
362659
362689
364243
364924
366525
366802
367348
369132
370049
370850
372843
375590
376016
376984
377468
378348
379223
380199
380816
381992
382182
383114
383429
384012
384941
386268
386665
386995
387243
387507
387587
387711
389588
390346
393098
393101
393692
395316
395336
397779
398337
399606
399721
399734
399904
400423
401053
402058
403837
403849
404827
405979
406118
406850
408379
408553
409608
410456
414558
414752
415184
415992
417094
418230
420169
423481
427005
428042
431372
431833
432846
433449
433524
434573
434583
438314
438493
438873
441132
442842
445162
446515
449230
454315
455721
459102
462168
462357
463422
463701
463895
465293
465797
465971
466627
467264
469797
470160
471085
471224
472271
472414
472590
474082
474137
475430
476770
477108
477562
478757
479437
480989
481050
481142
484607
485689
486903
487602
488008
491234
491408
491869
492175
492386
492489
493179
493407
494855
494855
495098
495231
495252
497517
499117
500226
500762
501948
502832
503949
504173
505149
506498
507266
508459
509972
512614
514666
515184
518414
520887
520914
521838
523629
526890
527391
531129
531141
535666
535865
537070
539797
539852
540626
540875
543522
544245
545096
548751
549570
552058
552684
552760
553175
554215
554621
557412
557711
557762
560170
560201
560298
560484
560505
563525
564456
564786
565067
565933
567191
569291
570774
570818
572676
573318
573823
574446
576064
577024
577203
579755
580501
581159
581764
581828
581992
584851
585717
585898
587897
591668
593071
595524
595619
596195
597042
598799
598944
600433
601361
601362
606533
606913
607073
608723
612936
613248
613870
613949
615293
615526
615880
615916
616795
616822
617980
619751
621276
622711
623910
626645
626999
627376
628882
630191
631353
632557
634596
634619
636823
637719
639774
640433
642552
642856
643086
643946
646191
647281
649241
650290
654421
655413
657244
659759
660716
660901
661067
662572
662759
662957
663352
664888
665611
665990
666558
666719
666912
667951
669103
669908
671311
671747
672575
672636
674774
676269
676624
678178
680236
681672
681712
681868
682489
683511
684739
687360
688917
689056
689154
689537
690149
690643
691367
691769
694571
694697
697987
699566
700493
701371
702942
703138
704171
704255
707116
707879
708942
711746
711916
712115
715624
716576
717021
717149
717159
717771
720315
720879
722816
723158
723739
724486
725262
725865
726147
727247
728083
728676
728885
730068
731888
732537
733235
734607
735002
735885
737046
740008
746023
746200
748926
749668
750388
751828
751927
752008
753311
754234
754588
756183
757219
757327
759336
760798
761782
764727
765013
766859
767331
769048
769353
769774
771223
773641
776725
776845
777001
778858
781027
781193
783646
785173
785630
786226
788755
789076
790316
790468
790725
791681
791761
791995
792957
793872
795667
798227
799046
800113
800420
800453
801416
801460
802345
805885
807025
807783
809646
810509
810529
813385
814758
818174
818365
818435
818484
819802
822009
822717
823128
823580
823600
823859
824891
825423
827712
830758
831688
833904
834614
835091
835379
837436
838324
838540
839470
839880
840106
840372
840898
840967
843388
843732
844776
844891
845385
846164
846626
848905
849353
849741
851160
852921
854318
856977
857365
858807
860153
860692
860896
861060
861152
861323
863769
864522
864986
865361
866189
867010
870283
870286
870444
872446
874685
874768
876711
876744
877376
878315
878967
879334
883689
884203
885539
887015
887179
887601
887750
887855
888132
888222
888584
889677
892945
894533
896075
896705
897456
898620
899706
899760
900071
901469
901543
902397
903112
905108
905144
906572
907222
908432
908499
908995
910600
911836
914248
915233
916201
916360
919073
919506
922322
923088
923121
923311
924180
925320
926647
929082
931532
933564
934948
936515
937138
937176
937454
938074
939863
940017
940759
941084
941345
941603
942548
945144
945985
946436
947711
948256
949119
951685
951804
954551
954575
958614
959156
959966
960251
961342
962196
968066
968812
968859
969090
971011
971561
971664
973749
975461
975961
979084
979096
980709
984152
984273
984560
984600
985928
989395
989916
991310
991667
993512
993792
995018
995739
996713
997830
999763
1000228
1002785
1002802
1003267
1003308
1003760
1004346
1004385
1004926
1006678
1009965
1013817
1014689
1016775
1018703
1020239
1020556
1021390
1021944
1023408
1023575
1024962
1025204
1025792
1029502
1030079
1030143
1030607
1031843
1032900
1034685
1034879
1035141
1035570
1035619
1036181
1036381
1041208
1042170
1042813
1043216
1043837
1044050
1044559
1045004
1045842
1050175
1051294
1051441
1051548
1051629
1052664
1053572
1054234
1054661
1056687
1057475
1059198
1060248
1060830
1061548
1063459
1064793
1064796
1065400
1067013
1069692
1071785
1071904
1072726
1077027
1077813
1080584
1080752
1082476
1084825
1084849
1084949
1086579
1087376
1088101
1088299
1088874
1090913
1091566
1092404
1093792
1094944
1096105
1097341
1097346
1097379
1099067
1101695
1102445
1102655
1103067
1103467
1103794
1104268
1104822
1105997
1107985
1108556
1109359
1109733
1110260
1110777
1112411
1113814
1115899
1121721
1122114
1122250
1123194
1126449
1129613
1132352
1132639
1136213
1137119
1137373
1137664
1139968
1141299
1142795
1143563
1147303
1149467
1150565
1150770
1150962
1151213
1151314
1154962
1156265
1158370
1162061
1162406
1164263
1164945
1165234
1165705
1168189
1169631
1169824
1170198
1172760
1174721
1175909
1176667
1179351
1182332
1182693
1183374
1183872
1185943
1187796
1189277
1189801
1190307
1191361
1191520
1191618
1192396
1193486
1194533
1194655
1196561
1196636
1198008
1198059
1199908
1200416
1200747
1201832
1202311
1202391
1203805
1207528
1207868
1210199
1210772
1211051
1211708
1212174
1212199
1212203
1213047
1213052
1213511
1215877
1218351
1218504
1219501
1220535
1224700
1228408
1234385
1234848
1237725
1239107
1239132
1239133
1245380
1246819
1247390
1247395
1248679
1250364
1252077
1252390
1252978
1255112
1255685
1256539
1257503
1257863
1260683
1262085
1263071
1268071
1270824
1271667
1272863
1274277
1277426
1279360
1279980
1280107
1282063
1283869
1285203
1286141
1287558
1287945
1289173
1290575
1291607
1294548
1295269
1296194
1297934
1298290
1298631
1298826
1299183
1299193
1300844
1302648
1303693
1304340
1310122
1310602
1311092
1314500
1314795
1315654
1316982
1317060
1319202
1319493
1320601
1321526
1324203
1324223
1324623
1327100
1328086
1331314
1332174
1333206
1333645
1333977
1340400
1340463
1340668
1342460
1342827
1343454
1344368
1345153
1345339
1346358
1346380
1346659
1347017
1347744
1349472
1350386
1350618
1350863
1351024
1351343
1353005
1353648
1356653
1358366
1359039
1359727
1360898
1362891
1363241
1364873
1366905
1367433
1369730
1371852
1372445
1373512
1374061
1374724
1377102
1377564
1377686
1378374
1379724
1379799
1380985
1382320
1386037
1386356
1386792
1386800
1387260
1387789
1388366
1389199
1389951
1391191
1391310
1391696
1393389
1393500
1394212
1395043
1397000
1397377
1397762
1398382
1399225
1400501
1402390
1403189
1406348
1407436
1408141
1409850
1410892
1411153
1413103
1416097
1416786
1418093
1418370
1419506
1422250
1422346
1422764
1427042
1427241
1428292
1429678
1429738
1430453
1431920
1431972
1432207
1433768
1434350
1435333
1436712
1437512
1437520
1439021
1439615
1440408
1440798
1441702
1442825
1444577
1445070
1449891
1450410
1450431
1451065
1453419
1453669
1455346
1456523
1458021
1458592
1459750
1460331
1460475
1461343
1462697
1463235
1465302
1466762
1467665
1469529
1470395
1471003
1471631
1471716
1471909
1473033
1474422
1474565
1475463
1476148
1477506
1477826
1477972
1478116
1478994
1480892
1481051
1481611
1484935
1486205
1488070
1488183
1488548
1493441
1493869
1495548
1497191
1498100
1498769
1499654
1500546
1502556
1503526
1504350
1506092
1507124
1509317
1514351
1514948
1515212
1515573
1516138
1518804
1520188
1527563
1529397
1530070
1530346
1530440
1531063
1531772
1532561
1532911
1537525
1538590
1538723
1539651
1540587
1540840
1541552
1542910
1543960
1544599
1545012
1545821
1547680
1547789
1547921
1548856
1549059
1550359
1550850
1552657
1553121
1553137
1555064
1562025
1562299
1562879
1562983
1564311
1566013
1566420
1567376
1567995
1569311
1569615
1571729
1572484
1577098
1578600
1579693
1581531
1582462
1582614
1584670
1584831
1586045
1586467
1586968
1587957
1588810
1589028
1589088
1590541
1590793
1590936
1591340
1592027
1592668
1595591
1597473
1599269
1601926
1602519
1603151
1605410
1606257
1606371
1608534
1610017
1610058
1610436
1612663
1614267
1614882
1615186
1615683
1616703
1617593
1621023
1625973
1626485
1630193
1633555
1633854
1634071
1634794
1635342
1635795
1636440
1636947
1637623
1638044
1638885
1638889
1639543
1642653
1642840
1644684
1645112
1645507
1645902
1650303
1651362
1651615
1652914
1653614
1653718
1654956
1655409
1657778
1658061
1658871
1658903
1659330
1660646
1661602
1662021
1663829
1664030
1664513
1664692
1664934
1666258
1666491
1667613
1667653
1668623
1668980
1670054
1672576
1672721
1674218
1676226
1679196
1680476
1681069
1681209
1681256
1682345
1682554
1683054
1683156
1683777
1685174
1686635
1686755
1686801
1687218
1689354
1691203
1691804
1692202
1693364
1693477
1693519
1694130
1694738
1695163
1695678
1696168
1696190
1697872
1698390
1699940
1700015
1700760
1702332
1703093
1704530
1705591
1705616
1706267
1712266
1714127
1714250
1715289
1716709
1716875
1717378
1719687
1720195
1721382
1721848
1724287
1724807
1725040
1726559
1726898
1727125
1727225
1727415
1729389
1732911
1732935
1734492
1734803
1735813
1736472
1737391
1738497
1738983
1739621
1742649
1742749
1743271
1743936
1744333
1744466
1745511
1745727
1750046
1750283
1751734
1753564
1755890
1757103
1758618
1759114
1762114
1763616
1767448
1768590
1769362
1770051
1770253
1773265
1773296
1773302
1773417
1773760
1775880
1777553
1777628
1777883
1777889
1778650
1778874
1780219
1781305
1782433
1783668
1783885
1783947
1785798
1787731
1789748
1792495
1794427
1795459
1796550
1796824
1797396
1800007
1800503
1801209
1801404
1801701
1801859
1801928
1803305
1803994
1804065
1804808
1805412
1805518
1807230
1807282
1807886
1808906
1809547
1812763
1814079
1816339
1817810
1818807
1819206
1820135
1821437
1822006
1822674
1823575
1824329
1826192
1826952
1827560
1827660
1828009
1828243
1829750
1830673
1833761
1834599
1835224
1835712
1836849
1837178
1838181
1838423
1839735
1840566
1840740
1847056
1849523
1849642
1850833
1850885
1852794
1853832
1854049
1854822
1855172
1855593
1857090
1859735
1859833
1859854
1860151
1861901
1865475
1865572
1865697
1868240
1869259
1869514
1869609
1871471
1871569
1872836
1873767
1875114
1875668
1875886
1876341
1877488
1878725
1878987
1880403
1881906
1882077
1884410
1885975
1888669
1891487
1892636
1893520
1896351
1896392
1896488
1896786
1898533
1899759
1900196
1900377
1900745
1902528
1903320
1905071
1905621
1906692
1907612
1908577
1909253
1909713
1912962
1914637
1916690
1916783
1917026
1917291
1917302
1917438
1919250
1919589
1922291
1922641
1923531
1924114
1926317
1927039
1929312
1929422
1929676
1930002
1931375
1932434
1933737
1933738
1934536
1935251
1935350
1935824
1937294
1937548
1937672
1939248
1939266
1940302
1941324
1942094
1942151
1944050
1944677
1947296
1948236
1950267
1950488
1951459
1952474
1952647
1954329
1957123
1958800
1958903
1959206
1959355
1959463
1959653
1960755
1961395
1963152
1963493
1964773
1964777
1964807
1965683
1965988
1966888
1968466
1973164
1973400
1973469
1977224
1981181
1982854
1983304
1984958
1985542
1985707
1985713
1986246
1986742
1987091
1987111
1987194
1987815
1990221
1990284
1991301
1992685
1994764
2000300
2001738
2002071
2002517
2002602
2002947
2003160
2003601
2003701
2003713
2003717
2004060
2006452
2006593
2006732
2009143
2009815
2009841
2010189
2010555
2012073
2012676
2014270
2014279
2016384
2016929
2019821
2023707
2023977
2024831
2026835
2029063
2031443
2031579
2032779
2033772
2036216
2036295
2036844
2037353
2040510
2042035
2042049
2042412
2043361
2044233
2044456
2044552
2047192
2049747
2052030
2054567
2056420
2057330
2060744
2060976
2061546
2061958
2063587
2064547
2066923
2067332
2067714
2067816
2068475
2069365
2069414
2070937
2073509
2073634
2074953
2075373
2075451
2076422
2076675
2077352
2079023
2079314
2079774
2081806
2082790
2083664
2084805
2087912
2088972
2090259
2092910
2092956
2093280
2095472
2096210
2096563
2097152
2097204
2098122
2098235
2099751
2101055
2101782
2102159
2102977
2104041
2104616
2105242
2105731
2106798
2107065
2107813
2108025
2108549
2108949
2109090
2111026
2111784
2113985
2114523
2117131
2118760
2120759
2121395
2122556
2123500
2123586
2123697
2124122
2124317
2125192
2125912
2126719
2127420
2127639
2127870
2128197
2129426
2130947
2133041
2134677
2135382
2135965
2136392
2136652
2137815
2139114
2139855
2140661
2141120
2141814
2144251
2144530
2145705
2146314
2146453
2146721
2147013
2147993
2148646
2150149
2150398
2151728
2152067
2152929
2153079
2153232
2155424
2156819
2157075
2157776
2157994
2159248
2160664
2160779
2161220
2162957
2165714
2166140
2166624
2167034
2170554
2173889
2174647
2176604
2178236
2183578
2185106
2185627
2185642
2185703
2187432
2187800
2189431
2189594
2190636
2191477
2194108
2195707
2195822
2196522
2196971
2198201
2199364
2199543
2200025
2201954
2203659
2209985
2210033
2210755
2212232
2212973
2213019
2213687
2213925
2213995
2218790
2218894
2219319
2221116
2221907
2225434
2226554
2228950
2229320
2232534
2234514
2235826
2236498
2236646
2238338
2238655
2239098
2240578
2241192
2241251
2245153
2245158
2245801
2246468
2247708
2247785
2249151
2250183
2252502
2252921
2254440
2256052
2257755
2258201
2260187
2260404
2260540
2260592
2260798
2261523
2262258
2262898
2263684
2264521
2266634
2272038
2275111
2275821
2276727
2277292
2278175
2278470
2278727
2279069
2279238
2280942
2280957
2282620
2284495
2285128
2285730
2286373
2289539
2289551
2289567
2289696
2290593
2290627
2290721
2291093
2291140
2292228
2293008
2293198
2295077
2296366
2297496
2298290
2298550
2298888
2298982
2300079
2300329
2300384
2300861
2301344
2302435
2302816
2304325
2306569
2307627
2307825
2307887
2307889
2307985
2309249
2309793
2310010
2310486
2310931
2311272
2311480
2312255
2313353
2314810
2316020
2318677
2321505
2321659
2321740
2325813
2326037
2327264
2327624
2329257
2331732
2332014
2332430
2332916
2333677
2339399
2340010
2342002
2346905
2348465
2349716
2350864
2352634
2356407
2356633
2358038
2358126
2358492
2359531
2359890
2360358
2360688
2361369
2362297
2362648
2362917
2363149
2363556
2363674
2363752
2365835
2366167
2366280
2366647
2366713
2367430
2367979
2368638
2369272
2372831
2374004
2374423
2374782
2374832
2375333
2376232
2376421
2376904
2379259
2379401
2379839
2380201
2380363
2380374
2380450
2381644
2381772
2381887
2382789
2383269
2383400
2383825
2384107
2384336
2387919
2389098
2389556
2390139
2392449
2395005
2395684
2398050
2400022
2400795
2401636
2402102
2402951
2403057
2403108
2403226
2405120
2405179
2405896
2410081
2410576
2410949
2411356
2413645
2413888
2413961
2415486
2415788
2417682
2418892
2419806
2420242
2420699
2421289
2422396
2424722
2425230
2426760
2427100
2427457
2427520
2427697
2428469
2429078
2429642
2430181
2430354
2430829
2431169
2431698
2432093
2432169
2432405
2433268
2435922
2435925
2436296
2437515
2438536
2438721
2439127
2439836
2443353
2443801
2446067
2446370
2447647
2447893
2449231
2450206
2450256
2452358
2452833
2454119
2456028
2457171
2458775
2459552
2459722
2459871
2463021
2463050
2463204
2463492
2467890
2471570
2471929
2474283
2476358
2477250
2479247
2481306
2481798
2484915
2485381
2485436
2485546
2485623
2485732
2485847
2488243
2488320
2489084
2493578
2494872
2495130
2495157
2496281
2497351
2498578
2498778
2499145
2499551
2500855
2500859
2501767
2501782
2501885
2502550
2503691
2504292
2504573
2505594
2506073
2506732
2508240
2508655
2509005
2511297
2511856
2512509
2514036
2514645
2519310
2519759
2520582
2520857
2521512
2521608
2522540
2523783
2525405
2527011
2529148
2531814
2532396
2534429
2536658
2537176
2537259
2537630
2538607
2539039
2541170
2542079
2543198
2543722
2543789
2546319
2548987
2549858
2551039
2551990
2552562
2552566
2554047
2558003
2558971
2559485
2560222
2560427
2560779
2561010
2561421
2562021
2563370
2563764
2564316
2571618
2573387
2573537
2574786
2576961
2577928
2578385
2578612
2579850
2580074
2581794
2582156
2582174
2584213
2585383
2585603
2586950
2587004
2588198
2591833
2594239
2595807
2596949
2597274
2597489
2598272
2599741
2602190
2602364
2602672
2602753
2602876
2605932
2606515
2607205
2610693
2611470
2611761
2611829
2612595
2612790
2615560
2617824
2617976
2618023
2619813
2623395
2623714
2623786
2625201
2631014
2631350
2632089
2632235
2633618
2633948
2634333
2634461
2635224
2635626
2636223
2636572
2637463
2638055
2638192
2639713
2641608
2641775
2641813
2641890
2643250
2644215
2644602
2645345
2646322
2646495
2647311
2648132
2649129
2650139
2651496
2651751
2651828
2652260
2653505
2654696
2655955
2656219
2660252
2661735
2661780
2663861
2665713
2666172
2666503
2667734
2668270
2668446
2669027
2669704
2672385
2672575
2672844
2672883
2672972
2673934
2674415
2675196
2675239
2677059
2677537
2679647
2679760
2680081
2680927
2681030
2681857
2682012
2682936
2686522
2686640
2686975
2689909
2690222
2690917
2691115
2696099
2697907
2697980
2698099
2698112
2700198
2700245
2700645
2702848
2703548
2704160
2707271
2707354
2707364
2707802
2708127
2709086
2711034
2711359
2711546
2711631
2711786
2711901
2712556
2713956
2714758
2714763
2717008
2717891
2718769
2719266
2722326
2722767
2722973
2723117
2723840
2724828
2726581
2726706
2728908
2729280
2729710
2730121
2730353
2731408
2731683
2731736
2733105
2735494
2736216
2736900
2737550
2738087
2739040
2739754
2739757
2740246
2740719
2741585
2741841
2742234
2742276
2742727
2746949
2747408
2748329
2748833
2749609
2752065
2752473
2755095
2757476
2758841
2764679
2765014
2766042
2767611
2769584
2771887
2772340
2775431
2776585
2778409
2778713
2779512
2782524
2783063
2786152
2788063
2788673
2788764
2789032
2789876
2790016
2791534
2791740
2794556
2796155
2798553
2799788
2800081
2800172
2801375
2801769
2802428
2803254
2803421
2804406
2804803
2805042
2805807
2806584
2807011
2808485
2809064
2810576
2810767
2811351
2811980
2812138
2812165
2813409
2814443
2814886
2816103
2816189
2816510
2817476
2817842
2820055
2821087
2822440
2824662
2825219
2826787
2826910
2827292
2828927
2829332
2829540
2830506
2831041
2831746
2831997
2832883
2833398
2834226
2834471
2835230
2835735
2835877
2836162
2836803
2836826
2837135
2837823
2838760
2839158
2840723
2840920
2843071
2844111
2845112
2845862
2846643
2847893
2848209
2848417
2849235
2849818
2849960
2852610
2852990
2853129
2854633
2855888
2856654
2858434
2862439
2863198
2863700
2865052
2865122
2866268
2866787
2868014
2868732
2869006
2870065
2872211
2872337
2872799
2873048
2873204
2874213
2876722
2876956
2877258
2878866
2880220
2881018
2881961
2882116
2882447
2882617
2882991
2884609
2885508
2886968
2887350
2889016
2890111
2894186
2895625
2895690
2896588
2898312
2898746
2902445
2902740
2903442
2903991
2904945
2910335
2910429
2911481
2916776
2916782
2918439
2919203
2919329
2919992
2920752
2921935
2922322
2923373
2923621
2925749
2926158
2926505
2926506
2927447
2928150
2928781
2928900
2929987
2930436
2933239
2935515
2937399
2937668
2938376
2938390
2938490
2939650
2942498
2943092
2945439
2947796
2948585
2950208
2950585
2950594
2951325
2952529
2953739
2957209
2957673
2960619
2962017
2963323
2964252
2964982
2965080
2966797
2967574
2968023
2968127
2970966
2971026
2971914
2972874
2973806
2974334
2975568
2976546
2976958
2977213
2977437
2977669
2979007
2979073
2982006
2984278
2985436
2985861
2986165
2986725
2988193
2988652
2989317
2991222
2993134
2994842
2994916
2996158
2996330
2996351
2997320
2998209
2999421
3002719
3004148
3004259
3005112
3007690
3008721
3010640
3011229
3011258
3012218
3012656
3013560
3013690
3014750
3015325
3015538
3016046
3016127
3016912
3017307
3017315
3017656
3018784
3018903
3019971
3020473
3020617
3021369
3021842
3024118
3024588
3025646
3026648
3026734
3027847
3029744
3032116
3032426
3033040
3033154
3035039
3035180
3035527
3037201
3037716
3037928
3038060
3039338
3039353
3039420
3041146
3041613
3043999
3044219
3045188
3045438
3047407
3050068
3050803
3051520
3051524
3053958
3054364
3054408
3056023
3057721
3058345
3058867
3059399
3059546
3059651
3065760
3067552
3068165
3068216
3071473
3072114
3072479
3073410
3073636
3074773
3076377
3077583
3079948
3080293
3081253
3081475
3082392
3082444
3083570
3084560
3085317
3085598
3087869
3089740
3091035
3091444
3093739
3094860
3095429
3095949
3096999
3097940
3100020
3100100
3100309
3102103
3102632
3103476
3104956
3105070
3107136
3107364
3108431
3109093
3110320
3112650
3113289
