389
772
1956
2647
3214
3291
4043
6260
6491
6939
7323
8770
10028
11241
11434
11436
11778
12263
12669
13132
13140
15132
15556
15971
16064
16071
16463
18168
19547
19946
20169
21116
21293
22413
23832
23849
24266
24760
24999
26127
26173
26471
26754
28198
29308
29593
30084
30179
30508
30892
31594
32087
32452
33065
33505
33899
34189
34291
35328
35353
35356
35731
36011
36181
36469
36994
37459
38365
38620
39062
39659
39712
40544
41708
42018
42309
42349
42890
43633
43647
44312
45406
45491
45530
45919
46598
46638
47066
47356
47939
48135
48439
49298
49581
49621
49836
51160
52469
53566
54709
55195
55214
55591
56703
56801
57768
58720
58962
59117
60083
62056
62820
64557
64616
64808
65071
65177
65583
65906
67320
67474
67608
68919
69332
69383
69559
69961
70375
71563
72048
73086
73302
73427
73682
73708
73718
73956
74486
74669
75179
76016
76788
76945
77717
77829
78942
79304
79622
79652
79969
80280
80466
80968
80983
81376
81506
81540
82850
83844
83963
84014
84106
84454
85494
85576
86007
86229
86697
86783
87560
88736
88912
89058
89609
89799
91331
92218
92846
93119
93153
93252
93757
95245
95641
96101
96484
96606
96661
97178
97828
98432
98843
98962
99313
99804
100449
100533
100589
100749
100780
101762
102034
102210
103839
104066
104540
104634
105050
105288
105430
105463
105563
105863
106626
106714
107086
107687
107973
108801
109215
109227
111227
111498
112444
113405
113532
113534
113883
114529
114922
115431
115800
116064
118548
119558
119626
120863
121892
121910
122619
123868
124428
125801
126339
127527
128816
128991
129587
129690
129768
130788
130980
131145
132105
132830
133480
133488
134350
134495
134536
134910
136040
136307
136447
136791
137042
137253
137358
138664
138935
139589
139622
139840
139870
139874
140419
140659
140992
141355
141789
141985
142111
144471
144551
144655
146157
146591
147626
147745
147756
148614
148693
148979
149458
150107
150549
151173
152608
152961
153571
154765
155741
155766
156684
156750
157538
157606
157703
158153
158413
159024
161083
162353
162776
165766
167504
168119
168830
170336
170786
171344
171590
172067
172256
172262
172354
172474
172609
172837
173063
173468
174154
174202
174251
174964
175320
175731
176486
176744
176988
177017
177079
177185
177319
177693
178266
178371
178551
179106
179368
179553
179844
182374
184399
184636
184987
185680
187906
188199
188558
189649
189652
189889
190147
190387
190775
191977
192425
193481
193642
194681
194885
195311
195868
196446
197340
197630
197939
198842
200612
200993
201088
201316
201465
202383
202564
202673
203571
203588
203762
203978
204480
205495
205862
206508
207480
207569
207702
207791
208253
208725
209516
209780
210681
212269
212717
212797
213464
214825
214852
214860
214871
214999
215676
217843
217885
217951
218237
218291
218553
218707
218936
218955
219302
219434
221060
221558
222343
222419
223130
224204
224594
224760
225973
226664
226848
227482
227524
228889
229386
230122
230789
231558
232737
232923
233120
234541
234782
235099
235225
236586
236746
237354
237452
237636
237765
238191
238191
238196
238316
238358
238906
239386
240569
241225
241244
241283
242138
242218
242339
242908
243481
245585
246115
248097
248164
248428
248674
248897
249396
249903
250266
250412
250758
251400
251491
251555
253002
253340
254004
254470
254711
255003
255723
255768
256898
257102
257624
257679
257969
258156
258220
259296
260012
260576
261331
261587
261995
262176
262937
263008
265509
266431
266780
266918
267194
267585
268382
268476
269508
270169
270710
271856
272010
272081
272640
273279
273452
273714
273720
273965
274551
274815
276253
276366
276459
276858
277601
277993
280349
280398
280903
280969
281221
281264
283574
284025
284591
286314
286673
287328
287420
287800
288368
289268
289464
290388
291158
291907
292708
293196
293380
293530
293681
293721
295191
295307
296284
296768
299570
300172
300888
302027
302577
302737
303146
303327
303516
303700
303717
304278
304502
305508
307545
307804
307861
307978
308487
308657
309239
309761
309869
310426
310568
310662
310667
310678
312230
312979
313172
313410
313722
313860
314487
314505
316038
316117
317837
318323
318584
318952
319060
319736
320195
320547
322168
322234
322369
322370
323239
323243
323866
323921
324103
324171
326594
326823
327127
327246
328212
328933
329331
330994
332316
332369
333008
333014
333030
333677
333875
334032
335817
336045
336325
336992
337022
337198
338161
338222
338969
339626
340369
340718
340823
341045
341542
341711
341771
342400
342567
342613
342798
343175
343923
345619
346258
346292
346585
346857
347321
347436
347635
348030
348302
349547
349690
349785
351042
351836
352752
354094
355380
355671
356440
357015
357197
358996
359785
361325
361545
361728
362248
362275
362334
363614
364883
365791
366133
367228
367466
367815
368527
368670
368983
369185
369789
370503
371314
371770
371880
372642
373421
373631
373639
373663
374153
374594
375060
375163
375452
375457
375488
375778
375914
376214
376243
376315
376564
377310
377764
377827
378238
378440
378527
379196
381696
382054
382394
382627
382928
382978
383114
383797
384561
385115
385116
386135
386823
387538
388237
388433
388461
389490
389593
389720
390960
390992
392002
392669
392923
392925
393305
393354
393442
394230
394378
394568
394907
395590
395598
395935
396370
396636
396695
396706
397145
397811
398209
398629
399667
399897
400188
400746
401066
401251
401458
402615
402831
403480
403688
404148
404565
404607
405506
407020
407479
408651
409811
410233
410988
411137
411282
411463
412505
412615
413233
413891
414399
414622
414651
416511
416650
417306
417490
417718
418111
419391
419560
419731
420166
420536
421298
421300
421648
422094
423045
423235
424133
424837
425132
426166
426258
426566
426928
427023
427869
428247
428395
428537
429048
429896
431070
431613
432693
435092
435896
436278
436325
436665
437645
438313
439041
441558
441788
441890
441919
443528
443663
444049
444229
444251
444781
444817
445035
445109
445126
445196
445227
445788
447089
447319
447748
447882
448259
448615
448724
449246
449468
451278
451539
453421
453757
454193
454782
454969
455554
456971
457672
458187
458779
458983
458991
459495
459982
460053
460826
460835
461213
461337
461374
461691
461836
462013
462035
462330
462709
462727
463150
463372
463455
463688
464730
464754
465609
466377
466378
467042
467545
467761
469046
469525
470994
471146
471154
471555
472284
472788
473584
473737
474253
474915
475085
476170
476470
476479
476830
476903
477591
479648
480724
480806
481578
481876
482506
482676
482908
482933
483311
483349
483526
483894
483976
484111
484469
484926
485595
485800
485850
486114
486543
487164
487286
487386
487826
488902
489192
489408
489454
490020
490322
491234
492093
492482
492579
493283
493440
495627
496228
496398
496490
497496
498058
498235
500110
500637
501155
502127
502843
502990
503624
504249
504583
505035
505243
505788
506033
506463
506719
507278
507398
507474
507768
508351
508380
508393
509343
509761
509819
509943
510325
510586
510699
510945
511699
511786
512522
513545
513875
513996
514178
515670
516826
517599
517746
518380
518683
518760
518958
519343
519847
520003
520026
520649
521687
521721
522803
523136
523513
523623
523739
525288
525781
526136
526945
527044
527237
527821
528146
528995
529112
529826
529916
530327
530566
530646
531396
532305
532507
533470
533980
535341
536216
536438
537252
538243
539481
539990
540822
541088
541475
543198
543479
543837
544282
544512
544844
545359
545485
546400
546400
546707
546889
547090
548382
548855
549044
550782
550892
553340
554203
554424
554564
556144
556383
556827
557351
557905
557936
558061
558447
559020
559383
561048
561181
561262
561404
561580
562300
563084
565668
565818
566365
566739
567042
567208
567210
568632
569496
570601
570878
570975
571065
571148
572648
572883
573167
574001
574363
574451
574536
574700
574729
574761
575494
576038
576686
577204
577274
577391
577473
577865
578433
578740
579065
579213
579990
581167
581257
581928
582156
582380
582636
582791
584603
584950
585947
586248
586812
587232
588036
588649
590425
590432
590544
590702
591943
592046
592459
592673
593095
593243
593831
595081
595363
595972
596248
596450
596491
598389
598476
598811
599499
599669
601877
603423
603569
603804
603869
604125
604394
604427
604921
605330
605966
606105
606255
606659
606790
607181
607219
607340
608107
608747
608827
609318
609346
609561
610907
611180
611604
611850
612116
612489
612874
613335
613626
613796
613818
615474
616929
617018
617727
618129
619672
619688
619726
619825
620651
622202
623114
623121
625026
625206
625536
625634
625768
626539
627038
627611
627704
628219
628390
630016
630029
630153
630636
631125
631252
631388
631489
631500
631892
632086
632143
632754
632873
632927
634379
634692
634785
635282
635612
636104
637186
637677
637755
638292
638677
640288
640677
640784
640812
641297
641797
642350
643060
644354
644399
644891
645368
645507
646304
646592
647209
648112
648763
649528
649803
650380
650904
651878
653432
653654
653725
654323
654509
655378
655687
656587
657022
657051
657183
657209
657258
657472
657681
659223
660720
660954
661360
661562
662073
662368
662720
663280
663634
663697
663970
664589
666217
666388
666541
666717
667057
667232
667306
668016
668215
668399
668903
669614
669901
670314
671410
671548
671659
671986
672550
672724
673124
673703
673881
674807
675576
675763
676480
677065
677542
678074
678230
679335
680110
680187
682061
682433
682746
683221
684021
684337
685131
685515
685776
685898
686752
686974
687498
688791
689165
689832
690403
691098
691528
691548
691765
691773
691836
692261
692851
693231
693843
693922
694491
694492
695411
696086
696352
696880
697064
697730
697799
698387
698719
699145
699538
699566
699646
699722
700350
701317
701630
701859
701941
703011
703430
706196
706794
707625
708365
709012
710171
710757
710812
710875
711044
712667
712728
712811
712908
713611
713684
713797
714384
714455
714739
715194
715788
715880
716525
717485
717761
717778
718321
719398
720396
720867
721845
722998
723165
723233
724192
724884
725330
727029
727085
727811
728682
728737
728978
729565
729644
729719
730158
730616
731675
731690
732051
732275
732601
733414
734385
734711
734797
735174
735484
736046
736161
736175
736563
736988
737929
738789
738969
739369
739400
739592
740049
740691
741514
742131
742406
743098
744232
744377
744999
746411
747393
747628
748039
748194
748280
748826
748920
749860
750028
750120
750503
750754
750898
751187
751390
751811
752517
752551
752941
755016
755053
755644
755908
757105
757344
757357
757540
758006
758221
758972
759223
760319
760731
761135
761586
763420
763914
763971
764817
764907
765457
765802
766397
767678
768928
769355
770172
770267
770975
771442
771878
771969
772278
772721
774426
774566
775001
775270
775732
776208
776925
777098
777734
777744
778174
778815
778974
779571
780462
780680
781637
782924
784603
785390
786291
787068
787345
787437
787853
788458
788620
788682
789036
789538
789850
790573
790714
790822
790891
792004
792030
792294
792805
793552
794837
794897
795173
796030
796369
796757
796990
798056
799002
800069
800434
800662
800745
801498
802481
803195
803387
804113
804120
804764
805018
805803
806103
806193
806597
807181
808529
808819
809409
809501
810197
811373
811604
812704
813267
813678
814592
814626
815710
815751
815814
816034
816234
816535
816625
816840
816898
817112
817207
817337
818053
818586
818664
818887
819136
819190
819487
820318
820370
820874
821321
821641
822749
822850
822858
824029
824069
824893
825005
825167
825196
825267
825686
825761
826929
829289
829708
831042
831436
832482
832529
832707
832715
832938
833801
833943
835113
836370
836903
837349
837406
837513
838223
839875
840025
840631
841037
841386
841672
841754
842495
842658
843117
844140
844343
844409
844681
845375
845396
846190
846375
846377
846914
847308
847322
847359
847460
848398
848631
848782
849108
850183
850740
851099
851665
852565
852737
853399
854319
854819
855547
855669
856033
856821
857247
857801
858412
858504
858650
858815
858839
859269
859424
859843
859924
860160
860459
861167
861310
862480
864812
864915
867816
867819
868639
868672
868923
869126
869200
869238
869588
870320
870504
870518
870712
871006
871088
872888
873963
874000
874088
874194
876083
877105
877963
878050
879471
879657
879747
879864
880042
880654
880811
880925
881034
881486
881714
882593
883316
883323
883486
883584
884034
884131
884606
884618
884737
885136
885897
886651
888823
889552
890364
892085
892698
892817
893169
894538
894796
895107
895194
895678
896271
896457
896685
896856
897651
897725
897804
898069
898209
898791
901036
902074
902295
902578
902656
903115
903640
903877
904289
905240
905707
906241
906357
906481
907239
911521
911871
912910
912912
913730
914329
914999
915041
915461
915492
915895
915997
916310
916545
917023
917151
917181
917750
917804
918026
918260
919230
920009
920761
920926
920992
921468
922137
922291
922711
922762
922910
923905
923931
925196
925563
925881
926045
926318
926454
927351
927381
927712
927920
928099
928577
928727
928756
928988
931161
931455
931631
932167
932464
933082
933416
933748
934545
934904
935456
935651
936262
937642
938803
938946
939993
941087
941417
941605
941705
942227
942328
943209
943747
944461
944589
945939
946073
946424
946651
946689
948218
948916
948975
949157
949267
949901
950029
950179
950915
950941
951058
951762
952265
952349
952930
953251
954265
954452
955775
956092
956437
956548
956604
956881
957968
958085
959355
960171
960378
961141
961509
962067
962365
962384
963326
964233
964643
964646
965048
965189
965248
965545
965765
967388
967605
967621
967842
968076
969138
969447
969847
969882
970438
970784
971176
971225
971497
972352
972527
973251
973575
973800
973875
973981
974190
974960
975622
975955
976163
976361
976435
976857
977218
977259
979708
981715
981819
982789
982937
983189
983715
984195
984371
984478
984523
984751
984826
986167
986320
986957
987087
987543
987654
987794
988095
988329
988466
988929
988983
989426
989677
990510
991042
991133
991759
992487
992560
992676
992805
992955
993265
993411
993426
993945
995416
995427
995453
995899
996149
996935
997046
997443
997655
997809
998299
999260
999842
1000674
1001204
1001299
1002285
1002393
1003331
1003529
1004287
1005468
1005964
1005983
1006602
1006905
1007172
1007675
1008490
1008663
1009830
1010390
1010539
1011033
1012872
1012949
1013020
1013955
1014152
1014319
1015298
1015532
1015761
1015952
1015988
1016161
1016347
1016657
1017425
1017787
1017979
1018287
1018522
1018771
1018783
1018862
1019260
1019794
1020344
1020846
1020946
1021586
1021615
1022071
1023052
1023231
1024063
1024078
1025241
1025481
1025535
1026121
1026145
1026393
1026563
1027360
1027575
1027695
1028653
1028740
1028800
1029142
1029984
1030615
1030859
1032266
1032476
1034896
1036499
1036541
1036592
1036618
1037738
1037865
1037881
1038524
1039961
1040158
1040202
1040352
1040544
1040715
1041063
1041813
1041988
1042822
1042879
1043607
1043793
1043863
1044884
1045210
1045943
1046527
1046834
1046859
1046989
1047351
1047692
1048009
1049446
1050184
1050806
1051917
1052260
1053887
1054765
1056035
1056143
1056198
1056362
1056715
1057061
1057733
1058370
1059640
1059791
1059920
1060342
1062376
1062837
1063389
1063453
1064523
1064816
1065057
1065615
1066934
1067325
1067484
1067613
1067736
1068092
1068198
1068304
1068566
1068594
1068865
1068878
1068986
1069498
1070229
1070267
1070316
1072197
1072249
1074215
1074439
1074516
1074780
1074921
1074923
1074992
1075628
1076155
1076699
1076713
1077250
1077984
1077994
1078157
1078301
1078620
1079506
1079960
1081265
1081342
1081485
1081719
1081930
1081975
1083146
1083792
1084285
1084348
1084577
1085089
1086400
1087635
1087937
1087969
1088148
1088160
1088168
1089356
1090444
1090686
1090855
1091493
1091708
1091909
1093690
1095870
1096883
1096973
1098693
1099382
1099425
1099558
1100404
1100558
1100636
1100766
1101081
1101813
1104143
1104547
1104977
1106497
1106821
1107013
1108020
1109133
1109595
1109933
1110311
1111041
1112730
1112778
1114085
1114649
1114678
1114923
1115108
1115376
1115895
1116098
1116523
1116712
1117027
1117085
1117630
1118173
1118363
1118425
1118762
1119011
1119363
1119733
1119809
1119925
1119930
1120184
1121937
1122091
1122301
1122430
1122440
1122916
1124121
1124361
1124572
1125226
1126072
1126250
1126836
1127683
1128168
1128529
1128853
1129179
1129733
1130103
1130502
1131510
1131860
1131955
1132321
1132607
1132661
1133957
1134065
1134967
1135026
1135487
1135930
1136009
1136132
1136226
1137132
1137189
1137204
1137644
1138385
1138786
1138787
1140148
1140676
1140830
1140981
1141180
1141759
1143325
1143633
1143855
1143888
1143907
1144160
1145864
1146123
1147208
1147372
1147498
1148155
1148199
1148473
1148740
1149697
1149754
1149817
1150209
1150942
1151355
1151863
1152051
1152295
1153051
1153922
1154018
1155061
1155435
1155968
1156258
1156391
1156741
1157673
1157926
1158136
1158235
1159851
1160006
1161141
1163291
1163806
1164146
1164223
1164337
1165717
1165888
1169016
1169223
1169285
1170368
1170490
1170570
1171126
1171318
1172284
1172347
1173269
1173991
1174122
1175094
1175520
1176327
1176713
1177633
1178382
1178512
1180032
1180126
1180266
1180348
1180705
1181231
1181346
1182655
1183383
1183965
1184075
1184485
1184990
1185549
1185596
1186796
1187871
1189251
1190175
1190867
1191020
1191415
1192923
1192925
1192927
1193548
1193606
1193657
1194929
1195720
1196207
1196393
1196558
1196564
1196643
1196790
1198481
1198888
1200390
1200688
1201038
1201322
1201632
1201713
1202079
1203080
1203218
1203482
1203642
1203894
1204003
1205578
1205627
1205682
1205855
1206152
1206353
1207217
1207692
1208257
1208722
1209066
1209451
1210809
1211353
1212258
1212382
1212456
1213227
1213780
1214080
1214133
1214830
1214869
1215747
1216150
1216209
1216211
1216672
1218591
1218925
1220058
1220640
1221716
1222228
1222248
1222433
1222640
1222757
1224230
1224476
1225481
1225636
1225883
1225898
1227070
1227103
1227720
1228745
1229252
1229978
1230468
1230930
1231555
1231677
1232807
1233425
1233495
1234600
1235291
1235602
1236448
1236706
1237306
1237870
1238286
1238619
1239101
1239125
1240062
1240201
1240379
1241117
1241204
1241296
1241747
1243057
1243419
1243664
1243896
1243946
1244774
1244810
1244866
1245060
1245787
1245945
1246197
1246767
1246933
1247068
1247414
1248547
1249097
1249570
1250210
1250631
1250724
1252027
1252152
1252899
1252925
1253589
1254963
1255211
1255253
1256909
1257262
1257361
1257831
1258061
1258091
1258225
1258247
1258248
1258571
1259050
1259206
1259233
1259425
1259740
1260234
1260794
1261765
1262531
1263461
1263724
1264604
1265373
1266110
1266977
1267163
1268387
1268824
1269326
1269571
1269661
1269691
1270287
1271283
1271369
1271405
1272235
1272312
1272651
1273605
1274931
1274932
1275109
1275554
1277735
1278203
1279482
1279500
1281067
1281095
1282227
1282655
1282884
1283208
1283688
1283739
1283892
1283985
1284071
1284709
1285194
1285600
1286697
1286707
1287298
1287511
1287532
1287634
1287980
1288358
1289304
1289397
1289659
1290290
1290368
1290691
1292527
1293072
1293615
1294157
1294422
1295651
1295769
1295821
1297289
1298198
1298405
1298660
1299460
1299607
1299998
1300208
1302807
1303517
1303573
1303686
1304002
1304185
1304292
1304422
1304516
1305047
1305991
1306149
1306438
1307144
1308148
1308426
1309282
1309316
1309718
1309830
1310070
1310396
1310584
1310641
1311243
1312471
1312568
1313323
1313406
1313437
1313746
1314126
1314987
1315202
1315546
1315757
1316892
1317942
1318626
1319113
1319167
1319673
1319690
1319725
1321102
1321102
1321430
1321680
1322018
1322317
1322668
1322851
1323550
1323928
1324276
1326032
1326463
1327178
1327239
1327501
1327952
1328189
1328847
1329118
1329933
1329935
1330432
1331183
1331964
1332450
1332527
1332598
1332852
1333389
1334126
1335412
1335789
1335995
1336363
1336623
1337236
1337675
1337948
1337960
1339084
1339441
1339869
1340068
1340538
1340594
1340975
1341082
1341943
1342871
1343694
1343776
1343884
1344399
1344973
1345691
1345988
1346162
1346223
1347450
1348065
1349210
1349313
1349500
1349501
1349925
1350075
1350352
1350561
1350829
1350955
1351517
1351524
1352304
1352557
1352949
1353097
1353755
1354592
1355108
1356356
1356375
1357080
1359896
1360429
1360751
1361301
1362077
1362147
1363471
1364043
1364329
1364438
1364878
1365809
1366335
1366567
1366847
1367083
1367289
1367301
1367487
1368618
1369340
1370125
1370186
1371032
1371124
1372045
1372252
1373374
1373879
1375745
1376404
1376573
1376812
1377529
1377718
1378777
1379066
1379079
1379908
1381969
1382211
1382500
1383306
1384127
1384589
1384993
1385024
1385234
1385271
1387151
1387251
1387321
1387403
1387560
1388393
1388905
1390350
1390854
1391193
1392261
1392620
1392962
1393133
1393135
1393225
1393504
1393939
1393954
1394059
1395428
1395669
1396561
1397125
1397308
1397466
1397758
1398105
1398280
1398409
1398601
1399305
1399527
1399781
1400571
1400971
1401069
1401093
1401477
1402193
1403841
1405459
1405498
1405784
1406556
1406785
1407036
1408314
1408400
1408642
1408781
1409569
1409959
1410816
1411196
1411742
1412532
1413491
1413807
1413937
1415409
1415795
1416169
1416455
1416503
1416631
1417635
1418098
1419289
1420009
1420572
1421688
1422523
1423769
1423785
1424156
1424587
1424776
1424996
1425043
1425186
1425350
1425659
1425892
1425971
1426836
1427656
1428135
1428463
1428802
1429069
1429405
1429483
1429547
1429628
1430560
1430948
1431659
1431820
1431855
1431985
1433721
1434443
1434524
1434715
1434905
1435029
1435087
1435121
1435665
1435726
1435780
1435823
1435967
1437464
1437550
1437736
1438031
1438436
1438460
1438470
1438627
1438817
1440821
1441522
1442984
1443781
1444077
1444722
1445927
1446197
1446452
1446992
1447147
1447545
1449043
1449727
1449815
1449826
1450185
1450488
1450629
1450716
1451300
1452645
1452795
1454369
1455207
1455306
1455350
1456246
1456334
1456465
1456603
1456990
1457163
1457722
1458333
1458988
1459296
1459548
1459861
1460379
1460421
1460447
1462238
1462665
1463146
1464571
1464657
1464695
1464899
1465181
1465664
1466867
1467495
1468230
1468707
1469561
1469808
1470158
1471000
1471936
1472153
1473351
1473932
1474053
1474328
1474366
1475004
1475207
1475967
1477342
1477986
1478212
1479490
1480800
1480815
1481061
1481195
1481557
1483245
1483349
1483575
1483672
1483945
1485184
1485477
1485519
1485745
1486865
1487045
1487427
1487772
1487911
1488394
1489127
1489318
1489362
1490457
1490610
1490713
1491445
1492287
1493189
1494279
1494682
1494787
1494909
1494943
1495063
1495762
1496301
1497625
1498257
1498569
1499454
1499679
1500690
1501458
1501462
1501623
1501690
1503210
1504086
1504542
1504754
1505116
1506025
1506137
1506668
1506988
1507023
1507248
1507294
1507299
1507605
1508118
1509204
1509370
1510575
1510855
1510888
1511709
1512081
1512376
1512473
1512865
1512947
1513164
1516504
1516713
1516845
1516975
1517339
1518181
1519152
1521068
1521941
1521962
1522176
1522737
1522756
1522766
1523284
1523665
1524220
1524362
1524569
1524734
1525055
1525485
1525885
1526540
1527553
1527926
1528196
1528340
1528407
1528642
1529587
1530025
1530579
1531057
1531199
1531352
1531835
1533042
1533474
1533522
1533640
1533880
1534181
1534216
1534422
1535492
1535967
1536131
1537017
1537335
1538081
1538801
1539251
1539535
1540010
1540548
1540928
1542650
1542824
1543779
1544034
1544260
1544669
1544704
1544939
1545099
1545687
1545829
1546266
1546764
1547249
1547268
1547289
1547572
1547779
1548585
1548998
1549376
1550000
1550588
1550603
1550845
1551242
1553834
1554327
1554550
1554674
1555366
1555771
1555790
1556918
1558314
1558584
1559269
1559358
1559724
1561724
1561769
1562283
1562580
1564151
1565190
1566254
1566321
1566597
1566604
1567497
1567919
1567930
1569074
1569276
1570403
1570947
1571011
1571719
1574645
1575605
1576584
1577101
1577574
1579438
1579692
1580702
1580990
1581628
1581672
1582153
1583176
1583765
1583903
1584117
1584169
1584202
1584804
1585624
1585768
1586484
1587913
1587948
1588755
1589084
1589650
1590264
1592485
1593248
1593260
1594537
1595288
1596234
1596758
1599486
1600161
1600987
1601020
1601115
1603405
1603673
1603731
1604025
1605132
1605407
1605528
1605642
1605813
1606218
1606339
1607224
1607354
1607478
1607847
1607882
1607996
1608922
1609151
1609264
1609357
1610435
1610682
1612436
1612639
1612789
1613519
1613830
1613943
1614581
1614949
1616456
1617105
1617116
1617789
1618229
1619312
1620858
1622331
1624459
1625283
1625412
1626106
1626270
1627324
1628412
1628490
1629273
1629663
1630275
1630311
1630656
1631002
1631561
1631857
1631931
1632394
1632396
1632838
1633061
1633227
1633430
1634103
1634430
1634750
1636183
1636356
1637262
1637955
1638430
1638564
1639812
1640331
1640369
1641311
1641352
1641698
1641752
1642000
1642403
1642485
1642711
1642955
1643021
1643155
1643249
1643567
1643768
1644447
1644807
1646292
1647342
1648497
1649634
1649720
1649895
1650016
1650592
1650696
1650888
1652674
1653325
1654701
1654873
1654943
1655040
1655451
1655599
1656104
1656268
1656347
1656491
1657615
1657941
1658609
1658906
1659178
1660421
1660546
1664613
1665369
1665750
1665989
1667195
1667900
1668805
1669017
1669310
1669766
1670498
1670933
1671122
1671274
1672213
1673170
1673335
1673511
1675682
1677722
1678220
1679357
1679969
1680064
1680411
1680744
1681326
1681480
1684057
1684151
1684406
1684503
1684806
1685024
1685662
1686101
1686460
1687216
1687702
1687902
1688455
1689191
1689280
1689434
1690337
1691929
1691946
1692196
1692238
1692252
1692283
1692489
1693894
1693903
1695198
1695461
1695523
1695579
1695773
1695951
1696258
1697684
1698162
1698669
1698979
1700033
1700444
1700568
1701317
1702149
1702272
1702785
1702787
1703324
1703535
1705892
1706039
1706302
1706323
1707576
1707782
1707888
1708269
1709370
1709391
1709641
1709666
1709705
1709944
1711015
1711149
1711302
1711379
1712000
1712006
1712108
1712421
1713315
1715108
1715448
1716391
1716617
1716868
1718570
1718653
1718803
1720338
1720481
1720522
1721061
1721290
1722186
1722317
1722683
1723033
1723428
1724340
1724346
1724499
1727160
1727778
1727867
1727903
1728823
1728946
1729219
1729404
1730066
1730576
1730889
1731391
1732386
1732448
1732814
1733078
1733665
1733837
1733839
1733945
1734015
1734667
1736247
1736307
1738430
1738683
1738870
1738939
1739205
1739365
1739391
1740024
1741969
1742109
1742963
1743792
1744210
1745018
1745755
1746312
1746988
1747100
1748243
1748535
1748572
1749382
1749937
1750389
1750418
1751035
1752109
1752845
1753267
1753407
1755938
1756051
1756453
1757519
1757613
1757742
1757846
1757949
1758834
1759102
1759237
1759446
1759455
1759554
1760302
1763419
1763728
1764236
1764546
1764602
1764702
1765606
1765718
1766715
1766861
1768227
1768412
1768528
1768816
1769782
1770562
1770821
1771126
1771316
1771444
1772484
1772859
1773148
1774082
1774387
1774730
1775391
1775938
1777896
1778367
1778657
1778868
1779261
1779400
1779546
1779624
1779916
1780543
1781619
1783015
1783051
1783419
1783501
1783756
1783827
1783947
1784929
1785916
1785955
1786273
1786355
1788266
1788821
1789578
1790462
1790633
1792240
1792386
1792434
1792833
1794141
1794295
1794356
1794401
1794745
1794760
1795610
1796051
1796454
1796595
1796609
1797206
1797576
1798648
1798871
1799637
1799676
1800502
1800888
1801211
1801219
1801538
1801694
1802008
1802263
1804534
1804740
1804864
1805306
1806041
1806738
1808850
1808866
1810357
1810871
1811056
1811162
1811466
1811722
1811850
1812092
1812201
1812302
1812380
1812429
1812696
1813812
1814972
1815228
1816069
1817796
1818060
1818404
1818706
1818829
1820509
1821240
1821417
1821763
1822079
1823336
1823529
1823532
1824217
1825322
1825613
1826583
1826733
1827369
1827499
1827669
1828051
1828592
1828780
1828796
1829251
1830231
1830256
1831942
1832634
1832744
1833370
1833429
1833828
1834188
1834350
1834929
1835003
1835698
1835841
1835850
1836606
1837186
1837626
1838106
1838779
1838785
1840244
1840251
1840621
1841035
1841626
1842044
1842574
1842906
1843348
1843624
1844805
1844861
1845885
1846234
1846271
1847930
1848090
1848511
1849206
1850099
1850185
1850253
1850284
1850562
1850728
1850846
1851133
1851166
1851843
1853387
1853678
1854077
1854984
1856430
1856863
1857452
1858339
1859668
1860388
1860485
1860529
1861536
1862060
1862477
1863791
1864501
1864569
1866031
1866169
1866179
1866208
1869573
1869710
1870922
1871395
1872314
1872323
1872374
1872385
1872641
1872751
1873060
1874287
1874414
1875586
1876345
1876532
1879985
1880042
1880510
1881070
1881574
1882055
1882252
1882670
1883039
1883318
1883678
1883700
1884178
1884480
1884635
1885156
1885353
1885452
1886319
1887517
1888920
1889506
1889681
1889857
1890961
1891536
1892746
1893535
1893620
1893812
1894238
1896011
1897452
1897719
1897872
1900118
1900509
1901117
1901284
1902960
1903333
1903736
1905095
1905606
1906473
1907245
1907596
1908035
1908115
1908458
1909139
1909887
1911291
1911460
1911565
1912181
1912364
1913110
1913524
1913694
1913840
1914273
1914404
1914703
1915155
1915651
1915752
1915787
1915807
1915854
1916447
1916461
1916463
1918462
1919332
1919403
1919716
1920070
1921123
1921708
1922055
1922292
1922645
1923904
1924108
1924478
1924521
1924620
1924712
1925116
1925371
1926154
1926517
1926641
1926673
1929282
1929293
1929427
1930313
1930527
1930598
1931053
1931245
1931846
1931894
1932274
1932538
1934004
1934004
1934584
1934729
1936911
1937208
1938091
1938573
1938735
1939538
1939547
1939569
1939632
1939840
1939984
1939995
1940116
1941214
1941376
1943046
1943086
1944626
1945256
1946038
1946157
1946695
1946888
1946963
1947576
1947830
1947954
1949176
1949379
1949860
1950115
1950697
1952596
1953010
1954611
1954622
1954725
1954735
1954879
1955023
1955487
1955841
1956312
1956556
1957059
1957136
1958541
1958694
1958765
1959124
1959658
1959891
1960001
1960309
1960430
1960659
1961346
1962030
1962121
1962243
1962707
1963062
1963984
1964519
1964754
1965228
1965766
1966073
1966491
1966897
1967225
1967282
1967542
1968139
1968188
1968252
1968479
1969120
1970557
1971894
1971986
1972090
1972228
1973370
1975021
1975141
1975175
1975274
1975431
1975554
1975750
1975783
1975911
1976399
1976551
1976722
1976969
1977346
1978122
1978994
1979322
1979529
1979595
1979917
1980036
1980065
1980240
1980659
1980786
1980873
1980910
1981025
1981768
1982895
1982953
1983107
1983221
1983537
1983715
1983953
1985828
1985999
1986575
1987018
1987088
1987889
1988242
1989445
1990785
1990902
1990975
1991455
1991599
1993884
1994484
1994492
1994779
1995176
1995409
1996192
1996751
1997032
1997451
1997477
1997698
1998190
1998488
1998703
1998832
1999342
1999534
2000003
2000319
2000421
2003084
2003752
2004542
2004741
2005240
2005539
2006623
2006865
2007108
2007402
2007831
2008734
2009448
2009628
2010247
2010762
2011762
2012397
2012508
2012684
2013766
2014774
2014926
2015755
2016033
2016308
2016551
2018265
2018387
2018981
2019054
2019312
2019538
2020088
2020707
2021544
2021567
2021710
2022612
2023243
2023654
2023654
2024004
2024133
2024244
2024743
2025927
2025972
2026030
2026061
2026265
2026504
2027661
2027926
2028766
2029007
2029053
2029203
2030477
2032410
2032518
2033387
2033755
2034149
2034345
2035178
2035253
2035831
2035998
2037050
2037310
2037557
2039857
2040144
2040630
2040705
2041620
2042209
2043508
2043590
2043794
2044460
2044898
2045143
2045344
2046138
2046181
2046293
2046300
2047041
2047914
2048548
2048807
2048992
2049345
2049722
2049756
2050330
2050826
2050928
2052068
2052123
2052187
2052475
2053013
2053038
2053649
2054331
2055708
2056106
2056504
2057164
2057205
2057255
2057266
2057588
2058777
2058783
2059439
2061284
2062163
2063007
2063119
2063415
2063677
2063692
2063750
2065436
2066376
2066528
2067106
2067125
2067909
2068174
2068207
2068286
2068311
2068511
2069175
2069372
2069778
2071333
2071979
2073510
2074319
2074456
2074632
2074955
2075196
2075234
2075238
2076331
2077207
2077422
2077542
2079031
2079111
2079176
2079453
2079727
2081324
2081431
2081643
2082105
2083585
2084874
2085062
2085505
2086749
2087415
2087580
2088622
2089192
2090034
2090183
2090191
2090271
2091220
2092023
2092248
2093023
2093075
2093444
2093506
2093714
2093782
2094539
2095177
2095292
2095388
2096969
2097084
2098547
2098824
2099755
2099919
2100830
2101371
2101428
2101869
2101961
2102193
2103031
2103526
2104281
2104458
2104572
2104701
2105130
2105783
2105867
2105958
2106397
2106438
2106822
2107081
2107268
2107887
2107947
2108458
2108883
2109421
2109805
2110522
2110894
2110949
2111474
2112419
2112647
2112969
2113275
2113636
2114172
2115137
2115692
2116412
2116600
2116719
2117036
2117132
2117326
2117329
2117712
2118014
2118104
2118224
2118587
2118836
2119533
2119625
2120659
2121169
2121451
2121731
2121781
2122076
2122250
2122432
2123148
2123338
2124016
2124020
2124328
2124463
2124587
2125449
2125521
2125775
2125923
2126495
2126605
2126777
2126900
2126965
2127449
2128097
2129254
2129357
2129895
2130110
2130529
2131099
2132210
2132758
2132820
2132823
2132853
2133336
2133435
2133877
2133981
2134473
2134831
2135094
2135977
2136396
2136696
2136899
2139350
2139537
2141089
2141241
2142032
2142439
2142474
2142926
2143180
2143441
2143517
2143742
2143825
2144112
2144171
2144785
2144899
2145316
2147044
2148696
2149104
2149118
2149126
2149300
2149510
2150271
2150487
2150729
2150969
2151697
2152255
2152313
2152400
2153194
2153349
2153471
2154603
2154704
2156149
2156676
2158056
2158289
2159514
2160011
2160956
2161646
2161727
2161756
2162434
2162955
2163662
2166559
2166809
2166857
2168070
2168839
2169374
2169950
2171037
2171549
2172421
2173452
2175642
2175996
2176016
2176412
2176804
2178290
2178390
2178817
2179578
2179913
2180309
2180318
2182137
2182310
2182337
2183243
2183473
2184806
2185114
2185542
2185821
2186127
2186169
2186272
2186892
2186917
2187001
2187126
2188212
2188286
2188594
2189239
2189341
2189929
2190644
2191038
2191242
2192350
2192437
2193116
2193596
2193727
2194428
2194517
2195250
2195641
2196101
2196787
2197015
2198042
2198184
2198492
2198542
2199003
2201516
2201620
2201993
2202137
2203275
2203375
2203741
2203776
2203828
2205541
2205722
2206028
2206285
2206747
2206832
2206928
2207124
2207424
2208917
2209743
2210855
2210990
2211685
2212224
2212896
2213209
2213591
2213608
2214124
2214202
2214511
2215325
2215627
2217817
2218210
2218854
2219429
2219435
2221299
2221404
2221570
2222309
2223065
2223229
2223642
2223932
2223937
2224067
2224553
2224842
2225323
2225362
2225390
2225708
2225758
2226173
2227324
2227625
2228392
2229161
2229333
2229691
2229945
2230080
2230645
2232390
2232687
2232779
2234443
2234635
2234744
2234869
2235233
2235466
2236155
2236285
2236540
2236874
2236971
2237320
2237487
2237603
2237898
2238137
2238211
2238828
2239294
2240377
2241559
2241723
2241781
2241990
2242359
2242713
2242758
2243443
2243772
2244535
2244661
2244972
2245114
2246144
2246252
2246281
2246466
2246648
2246971
2247488
2247578
2247706
2248089
2248214
2248304
2248324
2248523
2248734
2248766
2249460
2250561
2250634
2253339
2253997
2254478
2254587
2255451
2255708
2255772
2257559
2257954
2258468
2259411
2259434
2259555
2259756
2259833
2260123
2260863
2261145
2261456
2261572
2261823
2262709
2263239
2263569
2263968
2264521
2264615
2265173
2265338
2265617
2266039
2266457
2266466
2267086
2267404
2268092
2269378
2269476
2269653
2270552
2270728
2271043
2272043
2272586
2272935
2274830
2274936
2275716
2275911
2277659
2277981
2278274
2278616
2278662
2279347
2279402
2279752
2280272
2280274
2280763
2280917
2281243
2281860
2282386
2282502
2283128
2283914
2284472
2285216
2285431
2285470
2285704
2286017
2287354
2288309
2289956
2290176
2290195
2290911
2290913
2292195
2292448
2293715
2294119
2294233
2294966
2295070
2295345
2296266
2296504
2296803
2297068
2297335
2298285
2299170
2299172
2299461
2299495
2299632
2299644
2300331
2300496
2300589
2300838
2300867
2301674
2301936
2303786
2303941
2304472
2304478
2304506
2304822
2306024
2306375
2306965
2307231
2309043
2309711
2310452
2310488
2310953
2311499
2311991
2312130
2312309
2312616
2312946
2313482
2313588
2314216
2314345
2314441
2314630
2314911
2314963
2315079
2315345
2315752
2316244
2317335
2317653
2317885
2318202
2318220
2318516
2319317
2319528
2321059
2321717
2321951
2322495
2322558
2322663
2322670
2324555
2324606
2324717
2325144
2325362
2326222
2326514
2326665
2326948
2327284
2327312
2327643
2327675
2327691
2328642
2328776
2329004
2329948
2329989
2330932
2330957
2331092
2331350
2331884
2332424
2332709
2334759
2334959
2335222
2335721
2336282
2336322
2336799
2337196
2337423
2337766
2338443
2338563
2338779
2338779
2339587
2339998
2340070
2340208
2341221
2342144
2342304
2343150
2343197
2343307
2343415
2344478
2344531
2344636
2345136
2345418
2345848
2347333
2348019
2348472
2348751
2348871
2349106
2349706
2350395
2350554
2350660
2350672
2350861
2351345
2351767
2352195
2352307
2352444
2352460
2352963
2355050
2355300
2355413
2355875
2356391
2356526
2357081
2357107
2358161
2358384
2359282
2360449
2360492
2361014
2361094
2361591
2362570
2363015
2363343
2363452
2364628
2364995
2366524
2366813
2366998
2367151
2369689
2370990
2371529
2371869
2372547
2373181
2373375
2373587
2373625
2373689
2374610
2374636
2375625
2375846
2376184
2376467
2376709
2377175
2377700
2378090
2378775
2379047
2380883
2380939
2380973
2381483
2382648
2383080
2383123
2383225
2383311
2384184
2384240
2384830
2385881
2386055
2386614
2387004
2387018
2388786
2389236
2391033
2391614
2391862
2391902
2392025
2392036
2392324
2392736
2392757
2393054
2395723
2396071
2396448
2397072
2397223
2397439
2397780
2397783
2398432
2399737
2400096
2400631
2402178
2402328
2404481
2404692
2404814
2405417
2405881
2406151
2406508
2408121
2408455
2408647
2409359
2409443
2410493
2410979
2411195
2411210
2413140
2413909
2413989
2414668
2414909
2415852
2417405
2417964
2417986
2418792
2419009
2419901
2419971
2419998
2420494
2420570
2420636
2420779
2420935
2421158
2422782
2423076
2423717
2424200
2424429
2425453
2425664
2425813
2426420
2426581
2427317
2429105
2429390
2429647
2430410
2430708
2431464
2432335
2432445
2432854
2433101
2433208
2433404
2435207
2435504
2435788
2436173
2436436
2436636
2436735
2437259
2437640
2437719
2437841
2438055
2438361
2438817
2439000
2439121
2439707
2439945
2441027
2441830
2442022
2442166
2442826
2442856
2443103
2443628
2445141
2446175
2446803
2447047
2447498
2447505
2447858
2448060
2448094
2449415
2449910
2449928
2450547
2450826
2450845
2451210
2451437
2451868
2451915
2452143
2452244
2452488
2452628
2452997
2454381
2454486
2454777
2455338
2455513
2455933
2456281
2456483
2456854
2456867
2457223
2457305
2457400
2457553
2457584
2457752
2459675
2460308
2460662
2461575
2461652
2462106
2463126
2463655
2463721
2463997
2464095
2464699
2465166
2465658
2465863
2465876
2466680
2466823
2467044
2467430
2468237
2469857
2470095
2470619
2471300
2472196
2472682
2472886
2473230
2473507
2473628
2473710
2474041
2474071
2474078
2474162
2474278
2475573
2475985
2476457
2477596
2477701
2478236
2478684
2479508
2480076
2480298
2482015
2482194
2482335
2482554
2483429
2483621
2484599
2485465
2485540
2487905
2487960
2488061
2488343
2488886
2489036
2489767
2490167
2490627
2490806
2491242
2491939
2492173
2492230
2492503
2493887
2494361
2495476
2495782
2496063
2496370
2496701
2496976
2497048
2497371
2497392
2497615
2498616
2499193
2499206
2499477
2499743
2500672
2501872
2502338
2502671
2502725
2502846
2503208
2503824
2504401
2504732
2504791
2505700
2506258
2506872
2506944
2507420
2507592
2507737
2508323
2508560
2508661
2509011
2509375
2509525
2509715
2510629
2510685
2510734
2511771
2512064
2512860
2513232
2514569
2514589
2515311
2515358
2515599
2515784
2517443
2517797
2518345
2518401
2519578
2519814
2520541
2521011
2522001
2523624
2523663
2524606
2525020
2525580
2526941
2527161
2527192
2527571
2528570
2528622
2528957
2529701
2529928
2531053
2531117
2531240
2531506
2532272
2532372
2532588
2533242
2534190
2534230
2535028
2535788
2536037
2536105
2536329
2536410
2536625
2536997
2537570
2537941
2538234
2538594
2538725
2538822
2538955
2540011
2540432
2540517
2540609
2540612
2541305
2541790
2542207
2542837
2543021
2543750
2543763
2545181
2545538
2545565
2546871
2546915
2546944
2547130
2547182
2547464
2548338
2548356
2548799
2549777
2550599
2550853
2551150
2551314
2552168
2552190
2552434
2552586
2554107
2554820
2554894
2555034
2555728
2557087
2558159
2559827
2559861
2560198
2560654
2560861
2560930
2561573
2562148
2562226
2562716
2562932
2563876
2564289
2564429
2564973
2565038
2565846
2565938
2565990
2566102
2566273
2567216
2568011
2568156
2568361
2568397
2568603
2568869
2568965
2569758
2570802
2571304
2571797
2572075
2572162
2572789
2572832
2573514
2574667
2577421
2578818
2579094
2579516
2579580
2579687
2580519
2580751
2581144
2581771
2581842
2583022
2584246
2584790
2584864
2585016
2585066
2585179
2585182
2585360
2585895
2587150
2587599
2587640
2587750
2588037
2588506
2588598
2588702
2590314
2590646
2590697
2591470
2591504
2592181
2592337
2593277
2593597
2593750
2593939
2594192
2594226
2594837
2595464
2595498
2595804
2596096
2596397
2596847
2597490
2597639
2598379
2599282
2599326
2599359
2599369
2600800
2601079
2601820
2601988
2602768
2602986
2603841
2604969
2605344
2605857
2606065
2606328
2606762
2607253
2607413
2607637
2608174
2608892
2609012
2609928
2610697
2611069
2611617
2611826
2612581
2612855
2614174
2614482
2614562
2615638
2618044
2618417
2618595
2619787
2620939
2621140
2621250
2621374
2622679
2622885
2623469
2623710
2624319
2624338
2624361
2624914
2625893
2626075
2626112
2628054
2628118
2628236
2628620
2629060
2629724
2630498
2630870
2631334
2631975
2632402
2632726
2633132
2633623
2633695
2633891
2633943
2633951
2634360
2635077
2635825
2635839
2635892
2635900
2637742
2639022
2639564
2640148
2641672
2641677
2642240
2642452
2642858
2642884
2643826
2644231
2644995
2645267
2646696
2647062
2647774
2648456
2648516
2648717
2648742
2650359
2650573
2651174
2652148
2652300
2652349
2652999
2653223
2653240
2653495
2653583
2654846
2656723
2658569
2659187
2659476
2659711
2659848
2659877
2660260
2660400
2660633
2660722
2661158
2661247
2661497
2661728
2661807
2661845
2662080
2663031
2663997
2664167
2666777
2666886
2667105
2667641
2667799
2668146
2668418
2668464
2668903
2669214
2670912
2671543
2671650
2672039
2672798
2672924
2674376
2674938
2675214
2675328
2675614
2677223
2677796
2677891
2677905
2678276
2678338
2678366
2678907
2678976
2679056
2679424
2679503
2679640
2680013
2680255
2681592
2681777
2681798
2681935
2683150
2684324
2684633
2684652
2685573
2685612
2686555
2686840
2687169
2687354
2687568
2687804
2688214
2688265
2688550
2688651
2688736
2688807
2688908
2688923
2689253
2689965
2690804
2691108
2691252
2691856
2692136
2692505
2692834
2693595
2694387
2694941
2695644
2696411
2696956
2697527
2697737
2698118
2698456
2698502
2698851
2698852
2699175
2700014
2700025
2700068
2700233
2702178
2702368
2702594
2702839
2703850
2703870
2704452
2706451
2706689
2706723
2707146
2707557
2707870
2709169
2709234
2709282
2710868
2711170
2711284
2711759
2711814
2711943
2712039
2713188
2714582
2715932
2716398
2717025
2717061
2717321
2717704
2717803
2718536
2718759
2719191
2719808
2720105
2721148
2721592
2721710
2722188
2722375
2723011
2723536
2724833
2725344
2725611
2725746
2726691
2727167
2728412
2728566
2729555
2731089
2731331
2731475
2731987
2732183
2732552
2733579
2734218
2734354
2734845
2735048
2735502
2735811
2736089
2736151
2736217
2737098
2737426
2738978
2739019
2740948
2740956
2741183
2741241
2741876
2741925
2742650
2742669
2743291
2743854
2744605
2744619
2744821
2744827
2744991
2745922
2745960
2746970
2747019
2747182
2747496
2751385
2751836
2751975
2752116
2752696
2752943
2753889
2753939
2753949
2754048
2754111
2755357
2755548
2756115
2756360
2756831
2757661
2757701
2757701
2758075
2758857
2760104
2760275
2760515
2760652
2761462
2761597
2762146
2762218
2762238
2762871
2763737
2763925
2763933
2764451
2764960
2765654
2765684
2765874
2766022
2766153
2766513
2766531
2766710
2767332
2769670
2769980
2770480
2771682
2772024
2772683
2772844
2773172
2773337
2773371
2773501
2773738
2773959
2774046
2774120
2774439
2775169
2776156
2779370
2780131
2780283
2780406
2781001
2781212
2781462
2781629
2783035
2783541
2783785
2784114
2784510
2784814
2784998
2785043
2785346
2785486
2785537
2785585
2785588
2785841
2786054
2786173
2786430
2787552
2788254
2789594
2789846
2789987
2790649
2791967
2792028
2792578
2793372
2793527
2794325
2794731
2795200
2796999
2797090
2797816
2798406
2798938
2799210
2799955
2800333
2800475
2801135
2801426
2802047
2802529
2804411
2804911
2805037
2805093
2805142
2805248
2806120
2806855
2806909
2807760
2808081
2808649
2808775
2809535
2809954
2811023
2811621
2811778
2811944
2812244
2812741
2812810
2813583
2813606
2814063
2815027
2816561
2817090
2817420
2817457
2817788
2817818
2817838
2818177
2818297
2818364
2818388
2819121
2819281
2819357
2819632
2821484
2822448
2823104
2823187
2823399
2824373
2824461
2825965
2826817
2827363
2827596
2827663
2828092
2828365
2828556
2829479
2829660
2829999
2830104
2830701
2830810
2830889
2831229
2831336
2833096
2833180
2833982
2834206
2834604
2835064
2835830
2837472
2838532
2839246
2839850
2840010
2841069
2841240
2841430
2841499
2841666
2842711
2843262
2843483
2843860
2843928
2843953
2844180
2845166
2845838
2846417
2846670
2846688
2847535
2847612
2847679
2847900
2848073
2848345
2848408
2848783
2849052
2849477
2850233
2850672
2851058
2851350
2851905
2852060
2852817
2853361
2855538
2856478
2858668
2859174
2859722
2860105
2860722
2861641
2862151
2863210
2863878
2864590
2864631
2864734
2866920
2868411
2868734
2868987
2869756
2869800
2870239
2870826
2871656
2872173
2872396
2872619
2872799
2872949
2873186
2873661
2873754
2873856
2874219
2874484
2874588
2875223
2875324
2877033
2877641
2877856
2878671
2879399
2879651
2879941
2880096
2881042
2884250
2885235
2885737
2886343
2886768
2886962
2886972
2888155
2889082
2889085
2889309
2889326
2889390
2889780
2891474
2892058
2894287
2895333
2895505
2895731
2896916
2897460
2898315
2898525
2899328
2899516
2900456
2900797
2901262
2901920
2901957
2903984
2906242
2906318
2906612
2907830
2908570
2909404
2910404
2910493
2911415
2911778
2911984
2912729
2913060
2913195
2913314
2913639
2913976
2914806
2914924
2915170
2915524
2915809
2916564
2917859
2918351
2918518
2918608
2919019
2919806
2919808
2921163
2921575
2921791
2923217
2923411
2923608
2924153
2925833
2925935
2926590
2926871
2927258
2927293
2927689
2928724
2929297
2929531
2930559
2930589
2930992
2931840
2932425
2932601
2933322
2933350
2933668
2934173
2934519
2934604
2935839
2935841
2937118
2937723
2940598
2940739
2940810
2941058
2942267
2942414
2943629
2945213
2945228
2945305
2945546
2946315
2947149
2947227
2947335
2947925
2947970
2947993
2948849
2948912
2949305
2950106
2952856
2952883
2952896
2954106
2954950
2955042
2955169
2955894
2956304
2956759
2957030
2957171
2958488
2959388
2959731
2960219
2960645
2960774
2961150
2961615
2964066
2964185
2964255
2964255
2965429
2965563
2966234
2967339
2967699
2968539
2968732
2969616
2970204
2970789
2970965
2971363
2971409
2971966
2971998
2974052
2974228
2974359
2974478
2974833
2975943
2977174
2977237
2977362
2978225
2979257
2980046
2980709
2981902
2982615
2983416
2983454
2983898
2983898
2984310
2984579
2984913
2986563
2986899
2987268
2988002
2988070
2988126
2988303
2988780
2988928
2989301
2989362
2989724
2990119
2990269
2990517
2991339
2991388
2991852
2992237
2992847
2993014
2993053
2993256
2993293
2994516
2994715
2995669
2995890
2995918
2996041
2996354
2997410
2998504
2998736
2998832
2999754
3000139
