1017
1179
1590
1610
1934
2273
2309
3073
3129
3477
3569
3604
4111
4122
4448
5257
5312
5747
5768
5792
5887
6559
6827
6874
7126
7326
7540
7600
8004
8202
8277
8763
9311
9407
9512
9813
9976
9992
11555
11931
12018
12383
14342
14503
14634
15082
15231
15272
15304
15912
16039
16848
17111
17237
17277
17767
18058
18256
18337
18523
18865
18925
19309
19364
19422
19564
19697
19951
19956
20542
21574
21640
21667
21876
21877
22690
23065
23143
23550
23718
24249
24360
24483
25138
25274
25508
25524
25746
26199
26207
26819
27608
27694
28798
28831
29224
29916
29988
30020
30218
30862
30912
30951
31086
31639
31844
31885
31954
31989
32163
32924
33380
33472
33500
34083
34146
34262
34623
34814
35305
35376
35459
35553
36277
36631
36659
36765
37176
37733
37900
37923
38492
39144
39176
40479
40649
41251
42012
42248
42766
42819
43353
43628
43777
44452
44655
45441
45516
46044
46390
46504
47469
47519
47772
48172
48292
48353
49360
49495
49588
49670
49688
50878
50893
51121
51219
51923
51936
52017
52246
52297
52416
52507
52954
53386
53612
53826
54302
55317
55478
55553
56115
56415
57016
57034
57406
57497
58121
58304
59222
59380
59501
60029
60253
60399
60607
61334
61417
61528
61540
61999
62218
62314
62370
63050
63179
63375
64379
64400
64444
64737
65647
65951
65954
67003
67442
67461
67828
68760
69213
69292
70062
70456
71058
71146
72709
73084
74287
74325
74442
74627
74956
75668
76429
76539
76950
77458
77738
77836
78229
78610
78684
78764
79503
80045
80739
80856
80966
81064
81124
81312
81588
81680
81784
82595
82732
83562
83676
84355
84576
84860
85204
85422
85832
86130
86157
86380
86725
86828
87005
87380
87639
88265
88426
88895
89152
89811
89830
90367
90669
90802
90836
90885
91327
91421
91670
91827
91851
92013
92128
92527
92593
92969
93129
93479
93616
93816
93912
94962
95205
95666
96128
96667
97223
97268
97580
97668
97714
98168
98717
98768
98801
98860
98989
99332
100310
101153
101298
101527
101546
102115
102153
102378
102380
102435
102978
103168
103923
104493
105033
105369
105948
106688
107518
108143
108276
108288
108580
108894
108906
109143
109293
109519
110446
110752
110813
110960
111518
111531
111893
112222
112393
112776
113194
113206
113210
113293
113415
114182
114276
115225
115279
115736
116480
116502
117147
117252
117322
117717
117724
117869
118397
118534
118827
118839
119299
120237
120380
120563
122070
122477
122512
123111
123174
123217
123892
124289
124873
125274
125723
125938
126602
126729
126779
126840
126909
127107
128447
128749
128860
128919
129932
129990
130265
130716
131536
131637
131939
132597
132721
132801
133663
133696
134121
134603
134711
135135
136784
137125
137357
137532
137654
138172
138356
138613
138646
139184
139287
139531
140609
140692
140817
141143
141427
141791
142510
143027
143493
143670
143952
144242
144402
144653
144657
145014
145146
145264
145393
145811
145984
146221
146593
146718
146925
146938
147302
147411
147520
147641
147883
148871
149804
149951
150088
150152
151164
151586
152537
153086
153531
153813
153903
154728
155286
155984
156384
156632
156871
157163
157511
157729
157900
157994
158353
158620
158867
158975
159895
160180
160274
160480
160950
161350
161508
162103
162152
162190
162306
162992
163054
163342
164059
164142
164693
164788
164991
165232
165299
165342
165706
166153
166541
166996
167046
168264
168422
168539
168589
168653
169149
169745
169797
169823
170138
170710
170775
170953
171084
171272
171584
171920
172036
172873
173592
174123
174301
174447
174928
174998
175003
175139
175279
175777
175784
175792
176464
176814
178113
178317
178584
178788
178970
179605
179762
180080
180744
180937
181259
181506
181509
181553
181820
182263
182476
182499
182697
182873
182938
183082
183139
183278
183649
183689
184152
184451
184778
184790
184920
185109
185461
185679
185803
187306
187870
188057
188450
188500
188703
189019
189241
189446
190383
190863
190972
191277
191486
191755
191812
192073
192413
192930
193363
193473
194386
194992
196313
196529
197665
198235
199026
199032
199605
200264
200275
200327
200407
200435
200676
200775
202244
203000
203458
204037
204425
204511
205249
205549
205868
205939
206389
206433
206437
206577
206873
207595
208160
208260
208711
209232
209698
209893
209907
210276
210485
210776
210914
211241
211433
211514
211520
212127
212209
212472
212743
212952
213173
213939
214310
214369
214527
215343
216025
216431
216590
217397
217663
217676
217792
217852
218163
218180
218333
218395
218491
218896
219026
219366
219500
220897
221094
221227
221399
221459
221542
221941
221981
221993
222491
222705
222789
223463
224486
224736
224835
225186
225609
225877
226048
226473
227006
228218
228278
228856
229604
229703
229714
230347
230465
230788
231078
231195
232017
232517
233185
233192
233218
233415
233822
233834
234226
234611
234709
235395
235631
235681
235808
235830
236087
236458
236616
236976
237546
237677
237712
237834
237835
238320
238672
239542
239558
239944
241520
241587
242404
242411
242619
243002
243066
243339
243442
244194
244982
245269
245642
246265
246413
246931
247089
247390
247699
247971
248050
249043
250103
250147
250292
250611
250869
250974
252236
252924
252947
253099
253143
254455
254680
254736
254819
255113
255492
255537
255653
256210
256981
257441
258265
258341
258507
258697
258825
258997
259077
259434
259482
259517
259658
260111
260299
260497
260964
261602
261846
262543
262549
263469
263794
263959
264232
264561
264779
265006
265035
265175
265797
265880
266817
267335
267766
268299
268847
268945
269019
269767
269802
270262
270919
270953
271719
271884
272047
272365
272552
272890
273200
273239
273427
273435
274063
274852
275281
275698
276002
276668
276885
277472
277577
277730
278165
278370
278795
278965
279061
279224
279593
280041
280268
280548
280583
280710
280865
281290
281511
282208
282747
282751
283232
283245
283268
283491
283502
283715
284047
284407
284459
284989
285700
285812
285870
286296
286402
286756
287527
288263
288415
288636
290261
290583
290786
290904
291962
292128
292613
292982
293285
293941
293948
294232
294263
294369
294402
294548
294624
294746
294771
295492
295793
296364
296544
296901
297193
297373
297451
297851
298238
298660
299048
300414
300499
300517
301013
301629
301750
301766
302079
302887
302969
303021
303393
303729
304086
304152
304152
304657
305239
305324
305540
306906
307436
308511
309016
309092
309419
309542
309781
310026
310053
310110
310792
310951
311201
311439
311556
312465
312683
312773
312998
313378
313835
313978
314479
314633
315092
315266
315746
315908
316438
317458
318076
318258
318304
318342
318553
318575
318790
319574
319852
320130
320432
320452
320615
320624
321612
321837
321963
322006
322035
323054
323083
323241
324254
324390
324677
324712
325095
325353
325606
325929
325956
326961
327075
327140
327935
328004
328238
328348
328390
329364
329450
329954
330004
330067
330122
330492
330494
330630
331281
332041
332173
332227
332441
332799
332861
332869
333167
333353
333662
333907
334002
334030
334674
334819
335367
335859
336280
336670
336752
337955
338421
338829
339026
339363
339523
339834
339868
340377
340608
340675
340682
342220
342990
342997
343196
343299
343709
343844
344699
344989
345148
345695
345779
346086
347027
347895
348479
348689
348810
349210
349338
350337
350695
351125
351204
351665
351767
352459
352981
353991
354204
354328
354748
354823
355882
356077
356131
356474
356772
357237
357452
357761
358375
358614
358820
358965
359006
359755
359881
359927
360322
361387
361409
361703
361931
362323
362335
362508
362630
362656
362892
363041
363481
363704
363803
364714
365094
365502
365538
365891
366737
367079
367468
367552
368083
368234
368462
368517
368605
368675
368968
369455
369647
369681
369800
369833
370362
370679
371017
371233
371484
371830
371941
372027
372040
372465
373008
373557
373817
373996
374216
374282
374799
374817
374856
375671
375882
375957
376450
376510
376855
376874
377150
378020
378844
379052
379061
379804
379839
379948
381105
381171
381881
382353
383164
383260
383463
383633
383796
383840
383896
384026
384259
385060
385574
386013
386110
386202
386460
386722
386775
386817
387164
387169
387482
388062
388349
389097
389287
389386
389449
389822
389958
391066
391225
391369
393265
394012
394232
394678
394770
394773
394795
395892
396028
396545
396548
396837
396992
397045
397268
398260
398783
398920
398973
399002
399378
399556
399932
400178
400279
400387
400493
400780
401158
402047
402297
402501
403306
403348
403349
403443
403754
404165
404221
404399
405357
405407
405596
405657
405725
405999
406291
406323
407800
408188
408328
408668
409104
409274
409484
410654
411141
411156
412097
412182
412830
413377
413395
413465
413904
413907
414077
414144
415218
415581
416429
416493
416976
417383
417502
417507
417675
417841
418124
418199
418395
418412
418704
419020
419452
419484
419817
420222
420491
420579
420887
421152
421398
421423
421501
421523
421644
421702
421728
421793
421971
422234
422398
423010
423014
423092
423828
424056
424281
424415
424919
425377
425551
425826
426308
426604
426627
426838
427054
427533
428322
428366
428537
428573
428699
429046
429116
429333
429484
429926
430013
430179
430274
431077
431301
431670
432766
432826
433320
433462
433473
434312
434644
434843
434887
435619
435772
435801
436080
436936
437911
438429
438610
439003
439245
439379
439693
439720
440099
440329
440588
441696
442303
443040
443197
443201
443953
444267
444725
444968
445341
445540
445670
445988
446094
446178
446422
447390
448197
448412
448528
449189
449623
449861
450026
450152
450567
450915
451114
451209
451647
452080
453118
453475
453818
454355
454463
455553
455573
456143
457656
458124
458394
458443
458446
458710
459469
459600
460181
461121
461276
461485
462238
463169
463630
463818
463895
464077
464565
464627
465808
466210
466483
466516
466633
466727
466757
468774
468971
469038
469051
469300
469350
469696
470233
470311
470486
470594
471298
471341
471626
471828
472183
472964
472977
473474
473639
473787
473953
474152
474421
475034
475280
475282
475296
475669
475745
476420
477017
477409
477659
477861
478028
478118
478193
478545
478941
478951
479024
479818
480184
480820
481335
482032
482091
482526
482611
483077
483540
484008
484205
485532
485857
486417
487375
487458
487541
487770
488281
488456
489152
489913
490430
490436
490904
491345
491352
492322
492568
492956
492959
493026
493228
493245
493251
493455
494060
494529
495112
496263
496624
496810
497003
497367
497565
497617
498668
498917
499773
500416
501029
502628
502669
502734
502749
502755
503018
503279
504014
506009
506142
507506
507836
508445
509570
509671
510070
510123
512562
512804
512928
513057
513162
513743
513992
514097
514250
514852
515878
515991
516197
516517
517266
518122
518390
518510
518808
519053
519339
520004
520638
521066
521111
521239
521814
521931
522009
522129
522249
522285
522472
522791
523118
523779
523872
524189
524299
524343
524401
524493
524921
525978
526698
527434
528148
528542
528906
528972
529116
529261
529372
529798
530235
531037
531935
531953
532253
532470
532601
533848
533984
534249
534564
535698
535782
536194
536392
536745
537016
537308
537803
537912
538247
538333
538476
538787
538883
539347
539478
539727
539819
539943
540192
540254
540661
540989
541561
541781
542076
542186
542317
542653
542803
543084
543206
543680
543700
543744
543838
543954
543985
544175
544316
545140
545340
545870
547009
547148
547180
547338
547690
547946
548735
548840
549419
550054
550193
550277
551711
551778
551796
552331
552336
552342
552381
552590
552604
553140
553346
553706
554097
554230
555347
555536
555639
556361
556472
556669
556686
556702
556792
557788
557874
557959
558208
558589
559194
559258
560078
560911
561368
562395
562509
562751
562874
563180
563302
564514
565928
566033
566169
566633
566879
566948
567378
567578
567975
568117
568202
568312
568667
569439
569607
570254
570610
570955
571779
571866
571938
572033
572528
572790
573045
573737
574657
574837
575122
575190
575662
575796
575928
576082
576434
576583
577028
577436
577927
578232
578386
578436
578470
579124
579286
579434
580077
581074
581734
582014
582073
582848
583241
583575
584050
584103
586139
586176
586327
587141
587261
587808
587925
588257
588851
588898
589107
589130
589521
589671
589819
590214
590413
590580
590889
591323
591334
591495
591630
592650
592711
592828
593444
593633
593713
593806
594358
594363
594585
594722
594848
595982
596150
596957
597407
597461
597509
597645
597732
597845
598658
598871
599051
600694
600788
601201
601274
601543
601548
601611
601879
602090
602134
602462
602758
602795
602980
603371
603443
603456
603726
604041
604512
604620
604659
604779
604972
605227
605307
607005
607006
607568
607867
607922
608526
608620
608686
608705
609255
609329
609368
609752
610942
611385
611643
612176
612192
612250
612306
612719
612726
612968
613057
613142
613253
613340
613467
613681
613779
613993
614757
614915
615181
615229
615321
615323
615580
615587
615830
616320
616723
616842
617323
617637
617745
618468
619440
619615
620281
620365
620477
620691
620726
621359
621520
621664
622263
622456
622790
622795
623411
623525
623604
623943
624190
624902
625331
625914
625926
626082
626357
626482
626503
626941
627716
627902
628102
628481
628598
628797
629178
629378
629575
629626
629675
630400
631000
631016
632540
633010
633135
633193
633320
633675
634426
634680
634690
634722
635103
635472
635502
636359
636393
636438
636473
636572
636695
636724
636839
638268
638419
638961
640346
640569
640882
641862
642520
643216
643334
644526
644599
645232
645994
647034
647573
647765
648022
648137
648160
649181
649246
649271
649324
649417
649916
650335
650638
650939
651148
651410
651494
651909
651910
652013
652685
653903
654437
654644
654850
655059
655213
655319
655701
655762
656439
656516
657003
657045
657146
657252
657570
658114
658271
658551
658716
659146
660416
660593
661186
661486
662050
662386
662406
662452
663079
663323
663329
663946
664078
664238
664300
664470
664517
664584
664733
665271
666146
666395
666599
666814
667561
668150
668360
668646
669202
669372
669499
669616
669943
669993
670658
670745
670761
670773
670886
670943
671030
671375
671748
671767
671777
672343
672657
672788
673804
674816
674954
675078
675167
675292
675802
676926
677051
677117
677174
678283
678631
678653
679013
679066
679271
680082
680258
680477
681408
681434
681870
681950
682045
682490
682534
684088
684557
685314
686122
686690
686994
687570
688186
688502
688774
689326
689349
689434
689513
690726
690797
690856
691506
691935
693179
693655
693735
693936
694444
694583
694723
695247
695314
696159
696255
696294
696374
696429
696643
697461
698240
698400
698446
698621
700101
701017
701351
701437
701508
701980
702096
702121
702136
702432
705172
705271
705631
705959
706240
706249
706402
706572
706974
707508
707657
707913
708662
708957
709483
709818
710108
710331
710517
710653
710888
711181
711227
711730
711848
712269
712438
712748
713274
713431
714206
714735
714793
715964
717101
717874
717986
718044
718386
718553
718793
719778
720099
720119
720210
720344
720591
720618
721317
721363
721534
722550
722860
723218
724753
725324
725816
725983
726033
726184
726473
727214
727730
727767
727858
727976
728337
728573
729004
729008
729133
729185
729729
730071
730550
730734
730831
731132
731360
731507
731550
731861
732845
733196
733560
733825
733910
734010
734501
734661
734869
735136
735276
735482
737497
738133
738419
738704
738737
738885
739271
739365
739602
740107
740378
740675
740681
741103
741254
742003
742136
744317
744317
744716
744871
744872
745017
745398
745518
746152
746273
746589
746674
747108
747427
747714
749041
749125
749130
750479
751134
751429
751711
751817
752027
752160
752449
753095
753443
753741
754009
754278
754756
754931
754942
755039
755358
755494
756004
756237
757103
757161
757697
758260
758817
758882
759359
759797
759855
760242
760529
761478
761518
762847
762962
763386
763559
764054
764082
764633
765054
765746
765834
765882
766447
766778
766949
767163
768748
768791
769032
770414
771194
771759
772290
773168
773856
773888
774906
775306
775335
775566
777806
778233
778243
779664
779878
779945
780857
781096
781239
781273
781369
781416
781945
782364
782878
782931
783074
783083
783528
783714
783765
783900
784387
784563
784781
785125
785180
785218
785721
786416
786457
786520
787195
787236
787442
787854
789515
789932
789951
790482
791060
791091
791109
791170
791575
791649
791882
792734
792939
793041
793133
793538
794253
794801
795037
795931
796294
796295
796449
796542
796631
796796
796813
797038
797527
797845
797977
798236
798496
798593
798898
799068
799262
799407
799533
799902
800261
800472
801417
801847
802163
802548
802871
803101
803298
803731
803890
804064
804628
805105
805520
806192
806374
806807
806993
807007
807122
808138
808597
808680
809106
809546
809926
810687
811987
812233
812275
812948
813023
813817
814041
814239
814277
814429
814737
814930
814988
815834
816249
816554
816923
816975
817413
817556
817762
817901
818039
818148
818499
818756
819313
819536
819999
820791
820797
821382
821656
822637
822845
823228
824396
824612
824769
825967
826144
826491
826733
826789
827195
827514
827731
828265
828561
829112
829141
829204
829575
829626
829840
830120
830397
830792
831054
831672
832156
832400
832729
832745
833189
833380
833990
834177
835201
835265
835786
836747
837141
837151
837536
838268
838507
838536
838983
839412
839557
839690
840263
840726
841939
842176
843040
843274
843285
844084
844422
844959
845600
845615
845631
845636
845815
846158
846357
846899
847181
847361
847756
847913
847974
848417
848855
849509
849971
850267
850375
850535
850564
851201
851567
851642
851670
851742
852317
852702
852985
853480
853482
853709
854034
854316
854360
855016
855334
855502
855844
856030
856376
857645
857790
857845
858279
858309
858311
858500
858732
859193
859965
860048
860316
860352
860386
860465
860581
860605
860771
861544
862221
862252
862323
862480
862594
862911
862996
863146
863630
863691
864273
864360
864415
864529
864578
865267
865327
865641
866004
866289
866482
866897
867131
868381
869113
869276
869297
869520
869568
870226
870558
871000
871028
871072
871175
871459
871515
871550
872151
872952
873682
873802
874178
874211
874504
874596
875251
875285
875909
875924
876190
876316
876684
876760
876781
876935
877101
877799
878498
878604
878851
879200
879251
879556
880290
881871
882085
882366
883702
883760
883906
885113
885215
886062
886261
886645
886807
887227
887524
887533
887845
888800
888885
890099
890162
890211
890269
890376
892707
893058
893360
893532
893938
894174
894472
895552
895587
895726
895834
895920
895991
897174
898405
898428
898654
899117
901044
901857
903316
903356
903387
903453
903723
904075
904163
904272
904471
905021
905304
905307
905607
906220
906610
907365
907444
907976
908390
908556
908838
909057
909236
909535
910264
910449
910689
911012
911059
911122
912121
912581
913133
913418
914238
914322
914468
914647
914949
915265
915303
915313
915429
915557
915892
916339
917001
917349
918605
918621
918663
918862
919100
919292
919620
920057
920204
920620
920671
920680
921107
921146
921290
921407
921569
921712
921982
922030
922207
922307
922349
922392
922844
924035
924653
925100
925166
925487
926225
926291
926435
926456
926459
926561
926562
927179
927233
927275
927405
927470
928108
928448
928483
928493
929024
929093
929129
929394
930001
930973
931269
931327
931337
931438
931490
931616
932371
933181
933304
933335
933572
933639
933640
935665
935987
936352
936821
936956
937159
937626
937799
938049
938155
938242
938320
938393
938670
938804
939134
939545
939644
939747
939949
939992
940939
941254
942010
942111
942610
942949
943606
944020
944673
944839
945195
945565
945624
945927
945966
946518
946995
947197
947397
947481
947504
948632
948868
949334
949578
949609
949767
949794
950273
950506
950530
951011
951211
951328
952011
952632
952785
952973
953623
953824
954407
955321
956400
956465
957087
957305
957636
957956
958356
958669
958889
959280
959389
959785
960229
960809
960825
961243
961429
961459
962863
962909
963158
963201
963257
963310
963342
963371
963457
963508
964039
964251
964267
964581
964714
965401
965462
965657
966016
966299
966317
966942
967047
967277
967376
967508
967539
967992
968058
969485
969628
969709
970196
970212
971108
971296
971470
971578
971643
971653
972132
972430
972470
972964
973214
973449
973906
974315
976183
976224
976310
976378
976389
977195
977256
977357
978151
978733
978887
978890
980095
980650
980718
980747
981840
983038
983713
983829
984358
984444
984469
985202
985623
985927
986197
986326
986459
986760
987507
987557
987573
988110
988244
988544
989027
989639
989666
989679
989698
989817
990421
991260
991797
991836
992047
992174
992294
992379
992436
992627
992816
993375
993502
993802
993896
994134
994496
994737
994838
995301
995466
995550
995724
995904
996177
996337
997751
998157
999282
999331
999792
999948
1000506
1000714
1001129
1001980
1002546
1002890
1002892
1003176
1003224
1003261
1003581
1004050
1004506
1004972
1005022
1005788
1005921
1006186
1006292
1006849
1007198
1007654
1007820
1007887
1008036
1009267
1009361
1009976
1010334
1011580
1011616
1011746
1011968
1012198
1012217
1012246
1012487
1012715
1013421
1013878
1014017
1014306
1014506
1014615
1014867
1015230
1015840
1016438
1016489
1016727
1017078
1017387
1017702
1018018
1018280
1018297
1019247
1019369
1019395
1021793
1022102
1022405
1022720
1022740
1022757
1023496
1023775
1023943
1023984
1024045
1024079
1024121
1024519
1024632
1024655
1024830
1025703
1026229
1026706
1027445
1027576
1028068
1028683
1029119
1029270
1029630
1029799
1030562
1030664
1030963
1031120
1031210
1031360
1031379
1031471
1031561
1031589
1031780
1032421
1032481
1032530
1032908
1032984
1033097
1033536
1033837
1033917
1034076
1034235
1034311
1035145
1036060
1036779
1037749
1037889
1038330
1039338
1039424
1039462
1039745
1040145
1040258
1040826
1041250
1041870
1042536
1043306
1043950
1044061
1044456
1044571
1044709
1044984
1045084
1045544
1045678
1045754
1046587
1046677
1046813
1047147
1047217
1048419
1049142
1049355
1049519
1049962
1050120
1050489
1051556
1051846
1052132
1052302
1052427
1052721
1054114
1054334
1054346
1054557
1054786
1055263
1055397
1055721
1055932
1055996
1056204
1057397
1057640
1057898
1059759
1059768
1060009
1060053
1060846
1061637
1061729
1061984
1062860
1062966
1063392
1063611
1063939
1064177
1066333
1066711
1066954
1067127
1067184
1067344
1067536
1067567
1067614
1068828
1069083
1069251
1069434
1069479
1069589
1069662
1070410
1070641
1070752
1071662
1071769
1072083
1072206
1072387
1073200
1073238
1073257
1073322
1074098
1074223
1074438
1074489
1074642
1076475
1077210
1078906
1078913
1079468
1079528
1080320
1080887
1081224
1081231
1081297
1081360
1081413
1081875
1081966
1082036
1082438
1082651
1082801
1083358
1083892
1084798
1085279
1085294
1085532
1085903
1086332
1087660
1088274
1089050
1089219
1089543
1089895
1090375
1090496
1090532
1090747
1090889
1091092
1091410
1091422
1091676
1091772
1091824
1091873
1092044
1092533
1092697
1092862
1092889
1093537
1093725
1094261
1094319
1094553
1095446
1095636
1095927
1096297
1096340
1096793
1098298
1099294
1100194
1100692
1100800
1101566
1102108
1102628
1103561
1103606
1104127
1104181
1104721
1105497
1105620
1105785
1105937
1106034
1106331
1106506
1107465
1107610
1107704
1107865
1108651
1109199
1109564
1109695
1110246
1110279
1110704
1110734
1111154
1111256
1111671
1111967
1112236
1112280
1112301
1112389
1112525
1112531
1113034
1113757
1113974
1114992
1115692
1115876
1116438
1116534
1116959
1117551
1117715
1117761
1117793
1117890
1118360
1119154
1119316
1119516
1119829
1120429
1120785
1120911
1121972
1122244
1123008
1123653
1124024
1124772
1124903
1125081
1125383
1125597
1125833
1126253
1126299
1126410
1126599
1126816
1126989
1127291
1127426
1127711
1128380
1128760
1128810
1129248
1129363
1129381
1129984
1129993
1130072
1130126
1130186
1130403
1131308
1131653
1131870
1131922
1132581
1132585
1132638
1133583
1133768
1133791
1134096
1134968
1135112
1135175
1135222
1135309
1135319
1135390
1135581
1135865
1136308
1136792
1137298
1137362
1137917
1138775
1138894
1139095
1139285
1139685
1139899
1140443
1140808
1141115
1141515
1141542
1141599
1141845
1142341
1143321
1143490
1143884
1143901
1145008
1145610
1145710
1145780
1146047
1146329
1147182
1147211
1147781
1148339
1148625
1148627
1148879
1149294
1149515
1150043
1150884
1151283
1151412
1151501
1151854
1151988
1152249
1153139
1154150
1154332
1154391
1154455
1154887
1155217
1155252
1155424
1155443
1156757
1156921
1156941
1157615
1157897
1158228
1158360
1158391
1158455
1158501
1158932
1159304
1159406
1159506
1159594
1160425
1160553
1160765
1161347
1161820
1162501
1162530
1162637
1162672
1163114
1163474
1164606
1164906
1165085
1165555
1165561
1165654
1165851
1165879
1165896
1166344
1166526
1166754
1167129
1167368
1167403
1167909
1168297
1168586
1168873
1169132
1169808
1169886
1170094
1170309
1170834
1171498
1171553
1171718
1171793
1171849
1172217
1172221
1172951
1173668
1174336
1174631
1174962
1175030
1175624
1176263
1176514
1176816
1176839
1177529
1178012
1179730
1180575
1180592
1181062
1181771
1182087
1182232
1182307
1182501
1182649
1182735
1183619
1183766
1183837
1184048
1184111
1184390
1184725
1185271
1185877
1185913
1185978
1186106
1186530
1186559
1186788
1187237
1187317
1187370
1187463
1187494
1187631
1189353
1190092
1190265
1190466
1190866
1190872
1190956
1191369
1191394
1191399
1191565
1191735
1191746
1192121
1192206
1192231
1192406
1192593
1192877
1193288
1193433
1193464
1193615
1193856
1194456
1194515
1194791
1194835
1195514
1195972
1196114
1196244
1197792
1198088
1198123
1198662
1199008
1199033
1199537
1199582
1199677
1199752
1199763
1199930
1200237
1200281
1200485
1200541
1200621
1200773
1201116
1201784
1201848
1201862
1201918
1202214
1202223
1202227
1202560
1202908
1202960
1202983
1203218
1203736
1203987
1204054
1204190
1204880
1204975
1205426
1206038
1206767
1207475
1207690
1207997
1208226
1208914
1209051
1210513
1210892
1210945
1210963
1211266
1211303
1211320
1212136
1212604
1212751
1213247
1213638
1214186
1214497
1214620
1214776
1215095
1215621
1216497
1216589
1216734
1216800
1217170
1217376
1217772
1218383
1219076
1219363
1219369
1220436
1220464
1220658
1221139
1221346
1221861
1222082
1222403
1222595
1222897
1223516
1223804
1224909
1225165
1225984
1226122
1226145
1226232
1226431
1227476
1227686
1227765
1228013
1228435
1228528
1228581
1228990
1229744
1229911
1230010
1230332
1230352
1230463
1230524
1230575
1231008
1231173
1231251
1231885
1232075
1232311
1234109
1234367
1234714
1234808
1235031
1235057
1235425
1235873
1236075
1236080
1236291
1236479
1236837
1237836
1238050
1238728
1239200
1239271
1239385
1239387
1239424
1239707
1239725
1239971
1240127
1240296
1241334
1241497
1242542
1243013
1243220
1243241
1243582
1244467
1244512
1244837
1245816
1245990
1246488
1246537
1246662
1246871
1246877
1247315
1248175
1248185
1248324
1248441
1248565
1248791
1248952
1249154
1249660
1250464
1250624
1251888
1252186
1252598
1252897
1253526
1253531
1254078
1254275
1254954
1255040
1255246
1255564
1255569
1256015
1256098
1257158
1257418
1257743
1258376
1259297
1259440
1259542
1259589
1259694
1259910
1260190
1260536
1260541
1261369
1261458
1261592
1262700
1262792
1263151
1263259
1263304
1263631
1263774
1264036
1264993
1265045
1265188
1265415
1265745
1265913
1266015
1266452
1266542
1266673
1266758
1267121
1267420
1267565
1267656
1267713
1268230
1268925
1269210
1269332
1269710
1269857
1270059
1270513
1270529
1270547
1270688
1270909
1271336
1272377
1272632
1272761
1272903
1273361
1273504
1273528
1273804
1273971
1274903
1274934
1274978
1275172
1275194
1275528
1275584
1276030
1276418
1276566
1276612
1277453
1277719
1278092
1278257
1278448
1279032
1279330
1279589
1279655
1279817
1280050
1280338
1280903
1280908
1281532
1281743
1282341
1282784
1283536
1283783
1284124
1284293
1284348
1285166
1285234
1285302
1285606
1286042
1286091
1286146
1286639
1287307
1287371
1287625
1287705
1287980
1287995
1288039
1289020
1289390
1290034
1290576
1290773
1291395
1291643
1291807
1291919
1292496
1292608
1292731
1293153
1293226
1293610
1293667
1293748
1293959
1293991
1294111
1295788
1295855
1295969
1296323
1297214
1297554
1298128
1298699
1299089
1299164
1299549
1299561
1300558
1300991
1301049
1301062
1301070
1301168
1301361
1301574
1302004
1302209
1302292
1303202
1303540
1303788
1304038
1304723
1305048
1305603
1306308
1306624
1306757
1307394
1307520
1307779
1307954
1308070
1308178
1308469
1309329
1309370
1309431
1309776
1311822
1311878
1312130
1312326
1312561
1312820
1312917
1313059
1313123
1313191
1313192
1313587
1313629
1314877
1315456
1315529
1315603
1315651
1315657
1315695
1315789
1315979
1316003
1316547
1316632
1317281
1317475
1317518
1318163
1318490
1318703
1318807
1318902
1319199
1319516
1319530
1320167
1320626
1321066
1321394
1321779
1322129
1322365
1322375
1322389
1322438
1322653
1322709
1322729
1322978
1323018
1323065
1323220
1323472
1323735
1323748
1324005
1324196
1324354
1324384
1324700
1324826
1325362
1325447
1325839
1326310
1326699
1327051
1327415
1327615
1327836
1328379
1328556
1328805
1329452
1330126
1330246
1330986
1331411
1332323
1332401
1332440
1333731
1334690
1334776
1334888
1335832
1336323
1336549
1336625
1336855
1337175
1337509
1338766
1339041
1339186
1339316
1339390
1339560
1340601
1340705
1340727
1340776
1340931
1341387
1342033
1342332
1342510
1342642
1343393
1343719
1344349
1344359
1344818
1344855
1344984
1345078
1345504
1345739
1345942
1346153
1346219
1346442
1347767
1347826
1348071
1348625
1348683
1350111
1350196
1350199
1350265
1350842
1351227
1351233
1351293
1351696
1352036
1352526
1352629
1353467
1353670
1353693
1353794
1353813
1353926
1354125
1354313
1354331
1354853
1355082
1355104
1355359
1355439
1355831
1356000
1356777
1356977
1357159
1357404
1357404
1357542
1357696
1359106
1359761
1359763
1360582
1361885
1361887
1362016
1362291
1362387
1363012
1363060
1363115
1363236
1363771
1364040
1364397
1364814
1365166
1365179
1365490
1366039
1366109
1366131
1366363
1366602
1366759
1367085
1367811
1368020
1368134
1368402
1369652
1370483
1370568
1370637
1371021
1371094
1371225
1371271
1371316
1371751
1371958
1372073
1372607
1372673
1372941
1372946
1373032
1373170
1373275
1373676
1373909
1374298
1374614
1374665
1374704
1374714
1375087
1375612
1377160
1377597
1378005
1378592
1378704
1378846
1379039
1379496
1380039
1380203
1380412
1380448
1381123
1381429
1381436
1381561
1381837
1383112
1384367
1384376
1385594
1386559
1386564
1386746
1386905
1386942
1387155
1388009
1388157
1388430
1388864
1389597
1389650
1389777
1389884
1390173
1390337
1390799
1391481
1392256
1392584
1392944
1393367
1394322
1394970
1395550
1395817
1396191
1396346
1396453
1396727
1396976
1397028
1397741
1397993
1399064
1399663
1399762
1399787
1400896
1401047
1401128
1401219
1401400
1401414
1402160
1402329
1402452
1402493
1403286
1403434
1403916
1404063
1404275
1404275
1404408
1405089
1406094
1406520
1406687
1407582
1407600
1408085
1408118
1408182
1408834
1409226
1409389
1410228
1410544
1410589
1410641
1410768
1411044
1411088
1411101
1411260
1411350
1411663
1411706
1411736
1412177
1412336
1412414
1412584
1412674
1413187
1414037
1415030
1415124
1415397
1415475
1415740
1415855
1416075
1416154
1416268
1416333
1416504
1418199
1418317
1418477
1418879
1419466
1419796
1419940
1420526
1420591
1420752
1421362
1421691
1422131
1422259
1422378
1422562
1422580
1422938
1423479
1423674
1423710
1423782
1423984
1424406
1424438
1424438
1424636
1424829
1424918
1424939
1425502
1425606
1425809
1425881
1426212
1426437
1427065
1427489
1427769
1428543
1429219
1429502
1429510
1429639
1429799
1429813
1430149
1431299
1431620
1431640
1431907
1431977
1434046
1434343
1434441
1434694
1434991
1435774
1436246
1436341
1437139
1437628
1438261
1438502
1438770
1439066
1439184
1439808
1440431
1440784
1441270
1442112
1442422
1442619
1443048
1443248
1443653
1443715
1443720
1443771
1443893
1445559
1446468
1446617
1446760
1447996
1448088
1448877
1449521
1449752
1450986
1451245
1452228
1452703
1453072
1453086
1453141
1454546
1455158
1455443
1456355
1456379
1456462
1456981
1457078
1457255
1457436
1457634
1457765
1457824
1458379
1458578
1458721
1459678
1459848
1460035
1460106
1460798
1460960
1461888
1463211
1463216
1463418
1463452
1464892
1464931
1464947
1465214
1465547
1465676
1466189
1466751
1466985
1467299
1468360
1468955
1469229
1469573
1469890
1470084
1470843
1471157
1471498
1473014
1473822
1473979
1474445
1474951
1475184
1475189
1475222
1475227
1475404
1475569
1476420
1476609
1476640
1477096
1477110
1477425
1477454
1477905
1478162
1478389
1478597
1478927
1479601
1479909
1480022
1480026
1481092
1481294
1482073
1482081
1482327
1483022
1483126
1483207
1483396
1483847
1484458
1484621
1484654
1484658
1484999
1485270
1485607
1486288
1486790
1486803
1486866
1487385
1488112
1488848
1488868
1488948
1489213
1489295
1489560
1489612
1490194
1491150
1491188
1491201
1491556
1492065
1492778
1492943
1493025
1493712
1493834
1494281
1494522
1494898
1496186
1496991
1497648
1498078
1498132
1498168
1498481
1499220
1500046
1500658
1500805
1501359
1501987
1502707
1503068
1503916
1505223
1505361
1505458
1505873
1506054
1506267
1506453
1507580
1508196
1508207
1508336
1508422
1508504
1508548
1508558
1509590
1510070
1510161
1510248
1511091
1511303
1511646
1511983
1512140
1514347
1515344
1515523
1515638
1515879
1515884
1516144
1516820
1516838
1517076
1518410
1518429
1518501
1519268
1519741
1519975
1521043
1521654
1521714
1521785
1522062
1522471
1522563
1522867
1522890
1523165
1523690
1523801
1524981
1525323
1525421
1527212
1527293
1527917
1528328
1528719
1528800
1529632
1529640
1529752
1529861
1530504
1530933
1531581
1531898
1532085
1532477
1533614
1533758
1534053
1534903
1535327
1535932
1536005
1536360
1536385
1537103
1537132
1537306
1537925
1538113
1538463
1538963
1539698
1539999
1540057
1540067
1540360
1540763
1541078
1541139
1541233
1541475
1542379
1542484
1542530
1542725
1542789
1543449
1543796
1543860
1544236
1544309
1544396
1545286
1545474
1545484
1545511
1545614
1546576
1546591
1548277
1548453
1548604
1548817
1549809
1550398
1550662
1550932
1551051
1551187
1551571
1551581
1551681
1551882
1552521
1552528
1552534
1553268
1553409
1553424
1553573
1553592
1553896
1554107
1554228
1555065
1555906
1556073
1556621
1556631
1556847
1557379
1557796
1558193
1558511
1558920
1559210
1559241
1559340
1559376
1559568
1559618
1559800
1560177
1560464
1560466
1560569
1560611
1561387
1561859
1563912
1564015
1564223
1564552
1564562
1564986
1565091
1566240
1567052
1567441
1567563
1569371
1569537
1570370
1570734
1571401
1571461
1571765
1572437
1572909
1573584
1574229
1574478
1574921
1575384
1576472
1576522
1577116
1577584
1578048
1578184
1578682
1578999
1579150
1579444
1580080
1580539
1580702
1580785
1580841
1580898
1581027
1581435
1582086
1583358
1583731
1584107
1584427
1584465
1584570
1584816
1584923
1584958
1585051
1585473
1585487
1585508
1585536
1585746
1586106
1586837
1587003
1587249
1587670
1588819
1589142
1590328
1591234
1591496
1591980
1592345
1593177
1593353
1593498
1593561
1593802
1593962
1593983
1594056
1594175
1594575
1595064
1595307
1595520
1596138
1597117
1597496
1597508
1598674
1598746
1598864
1599209
1599336
1599882
1600328
1601083
1601726
1601798
1603350
1604704
1604922
1605561
1606192
1606520
1606996
1607697
1607957
1608077
1608458
1608569
1608752
1608836
1609064
1609309
1609983
1609992
1610453
1610594
1610835
1610891
1610936
1611021
1611252
1611410
1611850
1612046
1612073
1612209
1612480
1612817
1612877
1613241
1613361
1614466
1614823
1614962
1615742
1616008
1616021
1616557
1616632
1616659
1617037
1617428
1617525
1618025
1618028
1618437
1619816
1620229
1621295
1621906
1621966
1622655
1623457
1623970
1624199
1624225
1624260
1624267
1624502
1624685
1624941
1625416
1625420
1625928
1625938
1626026
1626169
1626961
1627136
1627462
1628073
1628111
1628438
1628514
1628595
1628794
1629204
1629358
1629546
1630362
1630493
1630776
1630937
1630979
1631026
1631059
1631673
1631798
1631846
1632071
1632258
1632300
1633567
1633661
1633771
1634046
1634843
1635310
1636435
1636514
1636645
1638152
1638175
1638320
1638505
1638931
1639046
1639179
1639904
1640267
1640617
1641574
1641598
1641838
1642039
1642218
1643019
1643057
1643237
1643703
1643894
1643951
1644026
1644433
1645280
1645496
1645720
1646368
1646878
1648466
1649003
1649218
1649236
1650964
1651321
1652177
1652654
1654136
1654163
1654624
1654731
1655189
1655730
1655734
1655795
1655900
1656467
1657056
1657109
1657211
1657322
1657591
1657930
1659255
1659524
1659670
1659703
1659781
1660320
1660693
1661056
1661566
1661570
1661927
1662252
1662511
1662521
1662937
1663845
1664513
1664533
1664633
1664664
1665175
1665253
1665292
1665552
1665568
1665809
1665899
1666069
1667406
1667684
1667719
1667949
1668543
1669879
1670061
1670123
1670126
1670338
1670467
1670804
1670817
1670861
1671478
1672404
1672880
1674685
1674731
1675112
1675156
1675232
1675346
1675392
1675979
1676032
1676987
1677116
1677319
1677400
1677401
1677516
1677716
1678798
1678862
1679207
1679487
1680161
1681016
1681265
1681415
1682390
1682414
1682822
1683475
1683738
1683756
1683967
1684197
1684578
1684994
1685225
1685388
1685604
1685626
1685933
1686155
1686185
1686874
1687401
1687578
1688493
1688538
1688872
1688989
1689878
1690655
1690701
1690886
1691214
1691783
1692586
1692908
1693018
1693511
1693747
1694688
1695216
1695802
1695962
1695987
1696320
1696522
1696785
1697060
1697111
1697153
1697657
1697686
1698530
1699821
1699852
1700336
1701063
1701237
1701349
1701357
1702064
1703140
1703498
1703646
1704171
1704340
1704408
1704750
1705031
1705091
1705130
1705900
1705966
1706463
1706748
1706915
1707054
1707133
1707494
1707663
1708596
1708754
1709024
1709063
1709285
1710212
1710749
1710819
1710957
1711178
1711284
1711708
1711716
1711998
1712175
1713335
1713472
1713522
1713540
1714321
1714454
1714754
1715054
1715088
1715117
1716030
1716266
1716440
1716491
1717077
1717323
1717622
1717749
1717884
1718166
1718451
1719653
1719979
1720043
1720196
1720452
1720737
1721000
1722228
1722762
1723021
1723255
1723379
1723439
1723442
1723502
1723567
1723927
1724002
1724090
1724243
1724695
1724834
1724994
1725383
1725520
1726063
1726112
1727344
1727632
1727884
1727897
1728286
1728333
1728464
1729361
1729716
1729808
1729940
1730049
1730085
1730125
1730998
1732350
1732790
1732839
1733348
1733405
1733977
1734086
1734161
1735736
1736035
1736320
1736489
1736739
1736751
1736923
1737108
1737383
1737480
1738277
1738284
1738404
1738770
1739023
1739165
1739284
1739436
1739558
1739985
1740268
1740317
1740351
1740433
1740558
1740908
1741503
1741506
1742084
1742919
1743062
1743322
1743404
1743753
1744493
1744676
1744895
1745257
1745520
1746349
1746355
1746713
1746760
1746901
1747343
1747366
1748149
1749051
1749836
1750012
1750025
1750400
1750598
1751076
1751451
1751515
1752490
1752889
1753266
1753412
1753984
1754129
1754730
1754733
1754850
1755380
1755390
1756741
1757017
1757093
1757266
1757537
1757728
1757775
1757829
1758109
1758579
1758759
1758768
1759182
1759375
1760165
1760547
1760739
1760750
1760829
1761053
1761159
1762126
1762494
1762503
1763103
1763450
1763605
1764009
1764099
1764235
1764424
1765579
1765745
1765900
1766167
1766349
1767037
1767043
1767760
1767875
1768057
1768783
1768854
1769337
1769486
1769533
1769896
1769987
1770372
1770594
1770758
1771229
1771825
1771849
1772416
1772991
1773127
1773165
1773370
1774080
1774330
1774750
1775441
1775490
1775569
1775629
1775872
1775961
1776097
1776112
1776236
1776503
1777226
1777551
1777886
1779144
1779188
1779261
1779329
1779426
1779569
1779863
1780220
1780492
1780552
1781028
1781164
1781589
1781647
1781907
1782089
1782531
1782876
1782903
1783051
1783259
1783455
1783742
1784606
1784905
1785036
1785242
1785851
1785975
1786048
1786374
1786711
1787186
1787586
1788233
1788907
1789048
1789649
1790254
1790410
1790420
1790678
1791403
1791446
1792132
1792211
1792387
1792430
1793564
1793630
1793683
1795556
1795772
1795913
1796351
1797226
1797241
1797536
1798104
1799100
1799143
1799225
1799496
1800164
1800793
1801273
1801655
1801672
1801835
1801909
1802050
1802728
1803240
1803675
1804417
1804715
1804717
1804897
1805216
1805497
1805523
1805580
1806037
1806750
1807448
1807466
1808268
1808358
1809080
1809228
1809441
1810047
1810205
1810696
1811265
1811459
1812087
1812680
1812768
1812964
1813230
1813927
1814131
1814165
1814469
1814702
1814780
1815068
1815092
1815374
1815450
1815560
1816027
1816368
1817729
1817772
1817799
1818405
1818886
1819440
1820289
1821264
1821413
1821418
1821886
1821915
1822596
1823088
1824022
1824100
1824188
1824356
1825468
1825894
1825935
1825940
1826235
1826236
1826496
1826828
1826912
1826917
1826931
1826935
1827756
1827793
1828015
1828406
1829366
1829974
1829982
1830538
1831475
1831550
1831847
1831889
1832309
1832941
1833353
1833540
1834534
1834576
1834699
1834844
1835347
1835409
1835535
1836094
1836966
1837785
1837903
1838125
1838169
1838220
1838385
1838400
1838477
1838614
1839254
1839327
1839868
1839875
1840089
1840891
1840964
1841076
1841845
1842485
1843464
1844018
1844631
1845048
1846879
1846935
1847419
1847761
1847915
1847945
1848156
1848265
1848543
1849131
1849223
1849543
1849909
1849917
1849928
1850013
1850967
1851075
1851229
1851794
1851960
1852435
1853215
1853246
1853421
1854890
1856311
1856573
1856608
1856660
1857143
1857157
1857631
1857661
1857974
1858017
1859184
1859284
1859421
1860009
1860890
1860958
1861442
1861824
1861926
1862898
1863009
1863029
1863084
1863099
1864871
1865802
1866137
1866469
1866509
1867260
1867362
1867826
1869149
1869191
1869771
1870358
1870443
1870857
1872214
1872881
1873106
1873115
1873294
1873686
1873820
1874154
1874263
1874311
1874965
1874975
1875126
1875673
1875776
1875779
1876025
1876140
1877274
1877469
1877648
1878128
1879124
1879299
1879573
1880271
1880348
1880357
1880357
1880699
1880831
1880947
1881412
1881471
1881691
1882326
1882751
1883984
1884905
1885246
1885503
1885757
1885846
1885861
1885969
1886226
1886859
1887893
1887911
1888242
1889933
1890051
1890071
1890250
1890508
1890647
1891314
1891602
1892048
1892076
1892424
1892471
1892591
1892781
1893985
1894070
1894111
1894298
1894637
1894778
1894968
1895719
1895886
1895960
1896257
1896998
1897468
1898718
1899076
1899198
1899465
1899624
1899899
1899994
1900294
1900736
1901387
1902023
1902166
1902307
1902866
1903028
1903461
1904048
1904596
1904729
1904928
1905491
1905502
1905682
1906006
1906249
1907378
1907590
1908622
1908641
1908714
1908989
1909296
1909936
1910666
1910920
1911218
1911282
1911357
1911606
1911687
1911848
1912203
1913044
1913235
1913617
1914061
1914699
1914845
1915043
1915066
1915067
1915607
1915991
1916062
1916204
1916777
1916951
1917602
1917640
1917794
1917821
1918157
1918794
1919254
1919900
1920328
1920830
1920855
1921105
1921198
1921237
1923062
1923557
1924106
1924181
1924280
1924300
1924483
1924598
1924874
1924990
1925174
1925601
1925668
1925736
1926284
1926488
1926627
1926703
1927313
1927568
1927907
1927949
1928297
1929019
1929363
1929643
1929662
1929796
1930412
1931164
1931656
1932129
1932508
1933073
1933496
1933797
1933915
1934541
1935192
1935345
1935496
1935550
1935669
1936023
1936317
1937130
1938092
1938247
1938547
1938623
1938633
1938758
1939140
1939289
1940808
1941588
1942036
1942508
1942920
1944648
1944807
1944879
1945297
1945485
1946112
1946686
1948586
1949707
1950102
1950701
1951300
1951382
1951538
1951827
1951839
1951840
1952226
1952492
1952760
1953490
1953814
1954704
1955480
1955567
1956151
1956779
1956869
1957377
1957922
1957922
1957941
1958701
1958772
1958893
1958903
1958908
1959187
1959289
1959600
1959649
1960470
1960765
1961193
1961957
1962168
1962293
1963030
1963627
1963753
1964093
1965284
1966339
1966503
1966567
1966568
1966695
1968006
1968433
1968799
1968991
1969128
1969309
1969579
1970520
1970699
1970701
1971865
1971868
1972809
1972920
1973080
1973115
1973379
1973738
1973883
1974802
1975475
1975862
1976066
1976188
1976329
1976643
1977039
1977356
1977427
1978049
1978096
1978264
1978430
1978841
1979107
1979207
1979315
1979401
1979535
1979564
1979845
1980376
1980856
1981123
1981217
1981558
1982502
1982982
1983707
1984924
1985254
1985746
1986220
1986420
1986776
1986790
1986878
1988450
1988676
1989085
1989130
1989187
1989662
1989829
1989838
1989853
1990436
1991165
1991311
1991575
1991825
1991895
1993050
1993292
1993398
1993449
1993622
1993786
1994260
1994773
1995195
1995615
1995867
1996196
1996313
1996797
1996804
1997164
1997879
1998014
1998448
1998920
1999885
2000172
2000792
2001327
2001995
2002078
2002266
2002427
2002830
2002873
2003974
2004237
2004778
2005195
2005316
2005854
2006057
2006279
2006303
2006332
2006350
2006703
2006825
2007336
2007516
2007674
2007852
2008103
2008362
2008452
2008811
2009095
2009095
2009286
2009778
2009843
2009853
2009878
2010187
2010571
2010619
2010791
2010820
2010883
2010934
2010964
2011145
2011198
2011533
2011618
2011622
2011791
2012491
2013006
2013366
2013627
2013875
2013919
2014206
2014375
2014449
2015203
2015717
2016073
2016150
2016968
2017569
2018422
2018566
2018691
2018911
2019824
2020673
2020902
2021314
2021629
2021857
2021882
2022038
2023137
2023161
2023174
2023650
2023957
2024002
2024166
2025202
2025349
2025670
2026252
2026257
2026265
2026515
2026824
2026890
2027026
2027056
2027355
2027670
2028029
2028118
2028471
2028648
2028987
2029267
2029434
2029939
2030018
2030330
2030401
2030582
2030808
2030813
2030920
2030932
2031512
2032015
2032221
2032233
2032268
2032994
2033593
2033597
2033705
2034080
2034727
2034743
2035077
2035255
2035315
2035835
2036119
2036191
2036339
2036812
2037015
2037025
2037066
2037210
2037509
2037727
2038540
2040023
2040222
2040255
2040636
2041820
2042120
2042146
2042193
2042344
2042973
2043194
2043507
2043610
2043739
2043753
2044583
2045138
2045156
2045223
2045565
2045699
2045877
2045932
2046504
2046681
2047201
2047397
2047694
2048134
2048318
2049393
2050167
2051622
2052336
2052442
2052846
2053884
2053993
2054398
2054445
2054799
2055073
2055148
2055382
2055522
2055556
2055727
2055998
2056027
2056279
2056441
2056454
2056851
2057128
2057199
2057614
2057661
2058255
2059112
2059215
2060368
2060544
2060552
2060700
2060853
2061138
2061182
2061379
2061398
2061892
2061963
2062293
2062398
2062400
2063313
2064041
2064073
2066119
2066729
2067635
2068553
2070010
2070134
2070587
2071056
2071078
2071485
2072079
2073438
2074733
2075115
2075709
2075756
2075806
2076131
2076253
2076580
2076659
2077694
2077735
2077998
2078119
2078278
2078811
2078840
2079190
2079644
2079751
2080032
2080574
2080729
2080827
2080935
2081011
2081214
2081481
2081501
2081857
2082476
2082545
2083367
2083430
2083795
2083855
2084479
2084615
2084725
2084819
2085017
2085111
2086250
2086413
2087060
2087068
2087172
2087654
2087824
2089007
2089012
2089114
2089637
2089641
2089681
2089700
2090619
2090983
2091119
2091459
2091922
2091937
2092025
2092379
2092803
2092920
2093066
2093238
2093239
2093313
2093486
2093623
2093747
2093755
2094225
2094800
2095162
2095220
2096735
2096743
2096749
2096855
2097522
2098129
2098401
2098463
2099606
2100126
2100306
2100591
2100610
2100666
2101324
2101591
2101815
2101820
2102201
2102306
2102582
2102595
2102964
2103334
2103632
2103705
2103747
2104306
2104331
2104785
2104872
2105529
2105800
2105934
2106179
2106818
2107480
2108115
2108171
2108336
2108575
2109083
2109137
2109156
2109254
2109460
2109835
2110588
2111135
2111246
2111601
2111965
2112448
2112534
2112723
2112851
2113001
2113131
2113611
2113857
2113952
2114395
2114998
2115390
2115620
2115898
2116690
2116854
2117013
2117040
2117255
2117837
2117890
2118389
2118825
2120012
2120330
2120738
2120754
2120760
2121318
2122027
2122083
2122590
2122797
2123534
2123857
2124812
2124890
2125218
2126167
2126575
2127080
2127494
2127694
2127698
2127864
2128128
2128670
2129263
2129369
2129443
2129559
2129851
2129990
2130730
2131448
2131477
2132085
2132414
2132462
2132488
2132928
2133115
2133846
2134241
2134341
2134962
2135326
2135459
2137057
2137226
2137657
2137899
2138033
2138051
2139408
2139542
2140145
2140682
2140737
2140780
2141025
2141244
2141535
2141754
2142115
2142348
2143298
2144245
2144412
2144650
2144809
2144949
2145135
2145136
2145153
2145948
2146091
2146461
2147024
2147104
2147125
2147415
2147945
2147947
2148011
2148774
2149947
2150326
2150412
2150419
2150709
2151257
2151755
2151826
2151837
2151960
2152187
2152252
2153003
2153927
2153981
2154020
2154322
2154679
2154950
2155334
2155423
2157059
2157320
2157568
2158229
2158557
2158575
2159860
2159988
2160120
2160761
2161068
2161079
2161327
2161867
2161911
2162246
2163337
2163558
2163751
2164215
2164292
2164397
2164854
2167153
2167363
2167435
2167743
2168032
2168329
2168990
2169031
2169391
2170059
2170805
2170856
2171048
2171443
2171659
2171692
2172156
2172698
2173191
2173281
2173726
2174964
2175433
2175543
2175645
2175835
2175941
2176789
2177154
2177702
2177786
2177791
2178232
2178233
2178871
2179453
2179916
2181272
2181337
2181484
2181961
2182952
2183138
2183412
2183510
2184058
2184437
2184855
2184962
2185307
2185403
2185857
2187950
2188141
2188374
2188525
2189149
2189803
2190383
2190388
2190436
2190500
2190934
2191124
2191371
2191471
2191626
2191770
2191990
2192017
2192709
2192709
2192768
2193209
2194117
2194537
2194610
2194661
2194706
2195469
2195935
2196207
2196257
2196419
2196558
2196699
2196725
2197192
2197386
2197848
2198278
2198304
2198327
2198625
2199342
2199516
2199762
2200031
2200054
2200169
2200336
2200439
2200744
2200899
2200997
2201914
2202047
2202366
2203283
2203745
2204347
2204360
2204630
2204990
2205139
2205425
2205635
2206206
2206355
2206551
2206567
2206578
2206705
2206750
2207093
2207293
2207610
2207716
2207732
2208494
2208895
2209180
2209306
2210405
2210675
2211273
2211350
2211496
2211498
2211913
2212704
2212908
2213126
2214188
2214302
2214568
2215565
2215619
2215713
2216581
2216927
2216947
2217228
2217252
2217349
2217461
2217461
2218129
2218781
2218846
2219466
2219858
2220239
2220241
2220306
2220321
2220333
2220400
2220878
2220991
2221006
2221293
2221390
2222414
2222724
2222779
2222882
2223383
2223426
2223692
2223953
2224051
2224630
2225083
2225125
2225464
2225465
2226120
2226406
2226539
2226627
2226696
2227029
2227123
2227456
2227983
2228015
2228344
2229160
2229568
2230149
2230286
2231396
2232378
2232672
2232711
2233842
2234287
2234794
2235373
2235545
2235968
2236819
2237206
2237225
2237388
2237749
2237887
2238099
2238201
2238365
2238486
2238713
2238744
2238792
2239031
2239235
2239414
2240050
2241321
2241584
2242160
2242569
2242671
2243179
2243328
2243702
2243808
2244309
2244339
2245073
2245475
2245792
2245929
2246215
2247711
2247774
2247914
2248024
2248313
2248752
2248893
2250583
2250908
2251317
2252244
2252401
2252485
2253870
2253958
2254402
2254679
2254995
2255211
2255805
2256037
2256242
2256263
2256461
2256577
2256643
2257359
2257522
2258301
2258545
2258597
2258972
2259378
2259471
2259573
2259613
2259972
2259983
2261024
2261035
2261037
2261190
2262341
2262428
2262661
2262999
2263132
2265575
2265986
2266256
2266656
2267360
2268281
2268360
2268425
2269355
2269758
2270237
2270316
2270682
2270984
2271107
2271398
2271554
2271671
2271731
2272081
2272621
2272933
2273103
2273133
2273143
2273275
2273281
2273463
2273479
2273934
2275498
2275577
2276174
2276180
2276482
2276640
2278168
2278247
2278578
2278780
2278975
2279049
2279198
2279763
2280001
2281638
2282354
2282824
2283480
2283707
2283734
2283905
2283912
2284445
2284827
2285243
2285281
2285441
2285856
2286222
2287005
2287032
2287751
2288328
2290507
2290612
2291055
2291296
2291297
2292118
2292144
2292464
2292477
2292905
2293397
2293523
2293746
2294077
2294473
2294800
2294931
2295143
2295219
2295272
2295512
2295703
2297744
2298829
2298921
2298931
2299106
2301016
2301942
2302070
2302126
2302536
2302674
2302810
2303105
2303504
2303537
2304277
2304336
2304737
2305381
2305616
2305676
2306265
2306392
2306679
2307060
2307498
2308207
2308546
2308559
2308842
2309076
2309216
2309609
2310372
2310410
2310604
2310696
2311990
2312479
2313105
2313192
2314097
2314188
2314638
2314702
2315374
2315696
2315977
2316449
2316538
2317441
2318634
2319220
2319287
2319720
2319865
2320074
2322815
2323524
2323530
2323892
2325000
2326198
2326337
2326703
2327629
2327833
2328181
2328230
2328943
2329069
2329122
2329505
2330103
2330161
2330322
2330855
2331655
2332490
2332631
2333180
2333274
2333835
2334907
2335303
2335340
2336237
2336321
2336445
2336637
2337110
2337354
2337462
2337572
2337596
2338083
2338385
2338799
2338809
2339294
2339614
2339722
2339762
2340031
2340525
2340745
2340962
2341691
2342112
2342218
2342570
2342934
2343200
2343459
2343478
2343558
2343763
2344344
2344347
2344748
2345278
2345790
2345889
2346852
2346965
2346995
2347140
2347290
2347496
2347659
2347756
2347792
2348148
2348552
2349773
2349923
2350491
2350511
2350763
2350926
2351127
2351263
2351549
2351610
2352207
2352358
2353687
2353704
2353772
2353806
2354667
2356196
2357072
2357357
2357800
2357806
2358000
2358021
2358988
2359035
2359271
2359281
2359346
2359478
2359749
2359775
2360246
2360443
2360516
2360604
2360886
2360918
2362559
2363277
2363362
2363530
2363789
2364234
2364750
2364803
2365995
2366298
2366642
2367149
2368222
2368296
2368684
2368782
2369170
2369955
2370729
2370797
2371393
2371508
2372488
2373083
2373286
2373411
2373732
2373880
2375736
2375788
2376225
2376328
2376472
2376928
2377298
2377338
2377543
2377702
2377887
2378668
2379116
2379383
2379607
2379799
2379906
2380123
2380521
2380621
2380733
2380866
2381592
2382544
2382658
2383478
2385561
2385604
2386189
2386421
2386473
2386889
2387390
2387801
2387826
2388519
2388719
2388832
2388874
2389324
2389352
2389946
2390364
2390543
2391052
2391785
2392059
2392331
2392765
2392907
2393462
2393593
2393978
2394055
2394388
2394616
2394884
2395415
2396444
2396469
2396571
2396804
2396981
2397023
2397869
2398230
2400301
2400518
2400646
2400972
2401022
2401031
2402050
2402160
2403004
2403075
2403252
2403947
2403994
2404084
2404802
2404806
2405234
2405829
2405904
2406454
2406492
2406529
2406709
2406749
2406974
2407044
2407229
2407465
2407855
2408079
2408709
2409012
2409088
2409298
2409331
2409552
2410582
2410584
2410848
2411768
2412052
2414050
2414883
2415245
2415321
2415582
2415700
2416107
2416202
2416854
2418057
2418060
2418608
2418640
2418749
2420689
2420788
2420894
2421122
2421854
2421920
2422327
2422358
2423207
2423235
2423477
2423489
2423534
2424024
2424492
2424600
2424698
2425669
2426097
2426786
2427357
2428048
2428815
2429308
2430153
2430190
2430536
2430656
2430776
2431097
2432493
2432598
2432931
2433253
2433260
2433577
2433820
2434365
2434911
2435042
2435134
2435514
2435612
2436117
2436542
2436939
2436960
2437014
2437151
2437187
2437244
2437456
2438991
2439998
2440150
2440932
2441598
2442003
2442350
2442611
2442984
2443203
2443384
2444543
2445346
2445435
2445456
2445809
2446097
2446123
2446711
2446797
2446843
2447012
2447208
2447480
2447838
2447896
2448287
2448759
2448860
2449000
2449177
2449243
2449348
2449383
2450236
2450309
2450501
2450511
2451106
2451223
2451669
2452060
2452537
2452612
2453287
2453418
2453900
2454007
2454059
2454973
2455280
2456572
2456621
2456628
2456952
2457102
2457929
2458165
2458204
2458207
2458926
2459236
2459543
2459693
2460264
2460636
2461165
2461578
2462543
2463079
2463200
2463654
2463932
2465155
2465488
2465988
2466473
2467222
2467736
2467816
2468049
2468412
2468503
2468637
2469044
2469375
2469383
2471265
2471824
2471913
2473392
2473917
2474059
2474332
2474489
2474587
2474610
2474682
2475050
2475076
2475172
2475451
2475802
2475876
2476031
2476372
2476397
2476898
2477559
2477802
2477809
2478901
2480088
2480135
2480222
2480324
2480517
2480859
2480888
2481066
2481124
2481827
2482079
2482375
2482386
2482674
2482843
2482846
2482883
2483680
2483952
2483973
2484084
2485259
2485292
2485375
2485535
2485647
2486117
2486314
2487144
2487287
2487412
2487557
2487717
2487945
2488234
2488254
2488777
2488906
2489657
2489757
2489897
2490207
2490466
2490596
2490726
2490843
2491366
2491505
2491784
2492131
2492467
2493045
2493384
2494123
2494239
2494522
2494659
2494793
2494823
2495247
2495858
2496409
2496670
2497767
2498030
2498147
2498730
2498979
2499835
2499928
2500317
2500373
2501029
2501088
2501164
2501276
2501607
2502028
2502368
2502579
2502926
2503084
2503668
2503924
2504192
2504461
2504516
2504612
2504885
2505251
2505599
2505734
2505919
2506082
2506861
2507197
2507473
2507564
2507683
2507712
2508302
2508338
2509045
2509496
2509519
2509586
2509639
2509659
2509979
2509995
2509998
2510085
2510156
2510427
2511074
2511382
2512768
2512891
2512983
2513099
2513321
2514336
2514433
2516041
2516327
2516664
2517313
2517368
2518290
2518393
2518577
2518859
2519227
2519228
2519448
2520651
2520654
2521916
2523444
2524105
2524136
2525243
2525331
2525398
2526044
2526099
2526175
2526399
2526648
2526942
2526943
2527774
2528116
2528782
2529059
2529610
2529838
2530491
2530513
2530680
2531104
2531279
2531755
2531831
2531941
2532322
2532393
2532564
2532798
2533063
2533069
2533892
2535186
2535845
2536070
2536118
2536717
2536799
2536963
2537406
2537476
2537656
2537755
2538204
2539135
2540200
2540343
2540385
2540468
2540763
2540813
2541386
2542010
2542203
2542325
2542659
2543803
2543927
2543943
2544491
2544619
2544966
2545167
2545319
2545425
2545476
2546057
2546078
2546296
2546770
2547302
2547450
2547508
2549076
2549812
2549819
2549925
2550235
2550962
2551126
2551133
2551177
2551450
2551741
2551907
2552382
2552809
2553048
2553687
2553925
2554032
2554162
2554475
2554738
2554823
2555077
2555285
2556416
2556550
2556874
2556997
2558300
2558728
2559169
2560388
2562808
2562844
2562920
2563688
2563769
2563881
2564609
2564630
2564681
2565710
2566210
2566217
2566565
2566717
2567032
2568153
2568220
2568313
2568403
2568653
2569212
2569279
2569935
2570071
2570073
2570137
2570414
2571448
2571484
2571521
2572403
2572450
2572935
2573056
2573091
2573871
2573881
2574503
2574548
2575092
2575743
2576069
2576102
2576612
2576617
2576656
2577231
2577457
2578283
2578594
2579253
2579301
2579730
2579771
2579956
2580086
2580361
2580372
2580683
2581050
2581420
2581807
2581935
2582142
2582302
2582341
2582432
2582565
2582594
2582769
2583569
2583773
2584118
2585847
2586464
2586634
2586698
2587026
2587074
2588101
2588435
2588493
2588908
2589489
2589771
2590424
2590622
2590685
2590719
2590891
2591221
2591826
2592425
2592626
2592830
2593137
2593524
2593682
2593900
2594258
2594316
2594850
2594887
2594903
2594955
2595460
2595707
2596444
2596525
2597091
2597095
2597300
2597747
2597864
2598137
2598274
2598715
2599486
2599599
2599615
2599696
2599895
2599959
2600035
2600074
2600878
2600992
2602195
2602647
2602979
2603020
2603423
2603493
2603553
2604716
2604894
2605711
2605743
2606093
2606864
2607008
2607036
2607582
2607837
2608386
2608489
2608777
2608902
2609074
2609433
2609987
2610437
2611360
2611622
2611755
2611885
2612840
2612958
2613082
2613284
2613340
2613928
2613943
2614036
2614122
2614427
2614594
2614741
2615097
2615159
2615345
2615560
2615679
2615879
2616299
2616720
2617105
2617325
2617371
2617494
2617575
2617841
2618097
2618485
2618976
2619178
2619321
2619374
2619753
2620165
2620837
2621631
2622090
2622241
2622479
2622479
2624042
2624329
2624388
2625713
2625962
2626010
2626469
2627154
2627336
2627689
2627836
2628022
2628097
2628179
2628970
2629314
2629323
2629923
2629942
2630067
2630362
2630388
2630697
2631018
2631073
2631336
2631888
2632257
2632656
2632819
2632888
2633372
2633604
2633955
2634312
2634425
2634459
2634463
2634508
2635613
2636214
2636886
2637049
2637405
2637661
2637992
2638055
2640146
2640271
2640932
2641166
2641970
2643014
2643328
2643648
2643814
2643946
2644240
2644461
2644463
2644525
2644555
2644787
2645623
2647098
2647348
2647434
2647964
2648285
2648369
2648712
2648999
2649210
2649279
2649593
2649684
2649712
2649727
2650115
2650589
2651294
2651460
2651499
2652115
2652225
2652636
2653225
2653232
2653883
2654955
2655281
2655614
2656508
2656780
2657456
2657689
2658263
2658428
2658534
2659171
2659188
2659458
2659896
2661349
2661775
2662290
2663099
2663737
2663797
2664594
2665320
2665435
2665534
2665559
2666209
2666251
2667019
2667505
2667654
2667937
2668023
2668451
2669338
2669686
2670405
2670690
2670757
2672289
2672306
2672647
2672744
2672863
2673289
2673642
2673863
2674144
2674224
2674255
2674821
2675091
2675513
2675916
2675946
2675966
2677274
2677304
2677351
2677599
2677695
2678191
2678413
2678743
2678760
2678946
2679189
2679565
2679568
2679650
2680702
2681154
2681803
2681845
2681903
2681909
2681921
2682037
2682083
2682540
2683042
2683119
2683158
2684243
2684274
2684403
2684514
2684618
2685190
2685869
2686273
2686735
2686925
2687418
2688004
2688338
2688509
2689627
2689896
2690060
2690625
2691600
2692088
2692411
2692850
2693117
2693156
2693201
2693240
2693639
2693811
2694234
2694592
2694734
2694882
2695244
2695453
2695767
2696183
2696734
2696766
2696800
2696972
2697381
2698319
2698656
2698703
2698943
2699271
2699617
2699640
2700314
2700472
2700526
2701073
2701230
2701352
2701474
2701475
2701525
2701648
2703306
2703554
2703816
2703984
2704234
2704430
2704595
2704601
2704751
2704790
2704832
2705692
2706731
2707243
2707480
2708012
2708460
2708715
2708942
2709241
2709281
2710088
2710802
2711289
2711624
2711754
2711781
2712736
2712767
2713178
2713228
2713312
2713387
2713444
2713687
2714040
2714076
2714456
2714912
2715017
2715309
2715382
2715604
2716134
2716493
2716573
2716703
2716814
2716868
2717480
2717534
2717970
2718333
2718630
2718778
2719650
2719963
2720095
2720414
2720896
2721088
2721629
2722039
2722468
2722681
2723118
2723340
2723387
2723594
2724961
2725187
2725330
2725590
2726737
2726748
2726976
2727099
2727140
2727371
2727687
2728109
2728249
2728934
2728973
2729512
2729754
2731301
2731430
2731666
2732170
2732645
2732703
2733069
2733107
2733210
2733441
2733726
2733793
2734074
2734841
2735351
2735486
2736090
2736624
2736965
2736981
2738125
2738209
2738220
2738628
2740301
2741515
2741591
2742000
2742399
2742736
2743854
2743881
2745165
2745800
2745805
2745928
2746428
2746559
2747020
2747287
2747515
2747817
2747867
2747932
2748218
2748264
2748638
2748866
2749184
2749805
2750338
2750457
2750627
2751173
2751287
2751650
2751921
2752211
2752277
2752785
2753199
2753350
2753788
2754254
2754365
2754543
2754785
2754889
2755052
2755226
2755417
2755749
2755894
2755940
2756231
2756598
2756805
2757912
2758189
2759343
2759414
2759443
2759528
2759550
2759876
2760878
2761611
2761737
2761892
2761940
2762182
2763057
2763413
2763428
2763752
2764650
2764705
2765255
2765316
2765351
2765517
2765879
2766171
2766405
2768222
2769109
2769145
2769314
2769347
2769463
2769811
2770244
2770668
2770850
2770933
2771258
2771443
2771482
2771917
2772219
2772655
2772657
2772708
2772790
2772984
2773179
2773236
2773289
2773400
2773593
2774111
2774963
2774982
2775093
2775696
2775878
2776213
2776472
2777200
2777233
2777547
2778010
2778065
2778293
2778686
2779399
2780185
2780298
2780501
2780643
2781312
2781366
2782332
2782858
2782919
2783700
2783837
2784027
2784166
2784456
2784508
2784651
2784687
2784814
2784943
2785168
2785264
2785474
2785475
2785709
2785973
2786749
2787524
2788139
2788242
2788309
2788469
2788952
2788969
2789289
2789500
2789566
2789572
2789616
2789911
2790338
2790388
2790695
2790858
2791055
2791676
2792075
2792535
2792562
2792640
2793338
2794064
2794441
2794720
2794810
2795056
2795155
2796042
2797126
2797555
2797807
2798092
2798219
2798511
2798862
2799083
2799260
2799490
2800671
2800679
2801289
2801572
2801584
2801751
2802081
2802231
2802468
2802628
2803162
2803298
2803319
2803651
2803663
2803799
2804120
2804573
2805281
2805726
2805799
2805848
2805851
2806151
2807098
2807279
2807498
2807719
2807937
2808579
2808613
2808624
2809355
2809599
2809706
2809844
2810804
2811063
2811362
2811797
2812043
2812166
2812514
2812713
2813700
2813875
2813900
2814973
2815271
2815418
2816488
2816542
2816646
2816744
2816802
2817040
2817388
2817655
2817849
2817954
2818097
2819412
2819569
2819774
2819810
2820025
2820655
2820845
2820975
2821984
2822205
2822555
2823326
2824094
2825197
2825229
2825480
2825799
2826063
2826381
2826442
2826609
2826831
2826950
2827199
2827257
2828196
2828252
2828593
2828644
2828767
2829141
2829995
2830533
2830767
2830790
2831156
2831712
2832088
2832676
2832866
2833199
2833355
2833549
2833704
2833916
2834157
2834252
2834313
2834341
2834472
2834959
2835216
2835247
2835542
2835632
2835646
2835935
2836163
2836488
2836532
2836933
2838607
2838990
2839144
2839176
2839331
2840648
2841130
2841517
2841984
2842013
2842501
2843206
2843296
2843496
2843556
2843745
2843958
2844158
2844752
2845047
2845052
2845133
2845178
2846031
2846506
2846738
2846827
2847681
2848098
2848258
2848323
2848472
2848577
2848787
2848857
2849728
2849836
2850578
2850872
2851461
2851746
2851930
2852314
2852352
2852732
2852824
2853315
2853471
2853536
2853579
2854213
2854370
2854577
2854656
2855555
2856190
2856247
2856792
2856876
2857097
2857100
2857290
2857480
2858288
2858632
2858756
2859090
2859154
2859404
2860838
2861599
2861783
2861884
2864883
2865428
2865537
2866095
2866203
2866234
2866600
2866981
2867147
2868695
2868856
2869108
2869310
2869385
2870024
2870028
2870109
2870241
2870279
2870853
2870982
2871365
2872152
2872347
2872739
2873652
2874380
2874826
2875821
2875998
2876089
2876148
2876294
2876377
2876901
2877113
2877725
2877891
2877943
2879051
2879291
2879801
2879938
2880041
2881517
2881528
2881833
2882005
2882374
2882599
2883205
2883558
2884024
2884024
2884663
2884818
2886075
2887765
2888405
2888632
2888769
2888988
2889304
2889319
2889455
2889642
2889800
2890100
2890166
2890397
2891056
2891160
2891205
2891245
2891451
2892279
2892524
2892939
2893567
2893864
2894137
2894447
2894913
2895055
2895261
2895529
2896264
2896521
2896601
2896756
2897485
2897794
2897995
2898678
2898753
2899111
2899177
2899313
2899946
2900282
2900323
2901331
2901384
2901620
2901654
2902092
2902110
2902945
2903659
2903666
2903909
2904531
2904549
2904676
2904954
2905522
2905776
2906200
2907118
2907288
2907373
2908255
2908840
2909729
2910267
2910332
2910678
2910748
2911039
2911085
2911777
2912010
2912931
2913221
2913398
2913501
2914905
2914957
2915246
2915850
2916488
2917398
2917436
2917670
2917785
2918294
2918550
2918724
2918770
2919340
2919599
2919652
2919741
2919854
2919929
2920171
2920280
2920951
2921222
2921407
2921585
2922328
2922368
2922501
2922703
2923608
2924308
2924847
2924901
2925622
2925733
2925946
2926452
2926779
2926906
2927246
2927496
2927572
2927605
2928137
2928396
2928955
2929035
2929194
2929553
2929799
2930684
2930731
2930876
2931023
2931070
2931186
2931375
2931560
2931651
2932350
2932802
2932971
2934024
2934211
2934440
2934721
2934868
2935266
2935595
2936514
2936627
2937490
2937633
2939479
2939657
2939678
2939940
2940537
2940763
2940850
2941115
2941124
2941177
2941390
2942687
2943214
2943719
2944091
2944349
2944444
2944670
2944864
2945398
2945542
2945631
2945770
2945914
2945995
2946118
2946135
2946267
2946648
2946665
2946779
2947018
2947223
2947746
2947802
2947907
2947933
2947996
2948624
2948862
2949176
2949180
2949205
2949461
2949513
2949546
2949555
2949809
2950360
2951395
2951486
2952479
2952542
2952910
2952985
2953354
2954153
2955318
2957697
2958254
2959131
2959428
2960560
2960821
2961085
2961405
2961576
2961639
2961951
2962001
2962058
2962730
2962859
2963053
2963453
2963808
2964057
2964712
2964743
2964909
2965116
2965430
2965450
2965661
2965897
2966817
2967347
2967436
2967702
2968317
2969500
2969650
2969989
2970418
2971284
2971831
2972360
2972578
2972770
2972961
2973313
2973466
2973523
2973554
2973632
2974078
2974359
2974398
2974825
2975144
2975256
2975512
2975831
2977769
2977953
2978033
2978112
2978251
2978651
2978798
2979334
2979747
2980287
2980660
2980708
2980940
2980962
2981112
2981282
2981289
2981566
2982100
2982147
2982312
2982734
2983053
2983188
2983221
2983582
2984281
2984316
2984427
2985411
2985897
2986657
2987410
2987632
2987830
2988052
2988348
2988388
2989845
2989930
2990057
2990432
2990740
2990772
2990970
2991416
2991437
2992093
2992534
2993062
2993145
2993330
2994052
2994433
2994549
2994640
2994693
2995310
2995628
2996178
2996337
2996338
2996993
2997104
2997222
2997717
2999543
3000323
3000957
3002331
3003182
3004207
3004402
3004408
3004481
3004521
3004535
3004556
3004835
3004923
3004992
3005405
3006150
3006403
3006503
3006681
3006800
3006929
3007942
3008953
3009247
3009396
3009645
3009955
3010567
3011040
3011090
3011225
3011407
3011786
3011820
3012755
3012798
3012870
3013560
3013618
3013798
3014067
3014578
3014587
3014596
3014734
3014852
3015224
3015541
3015767
3015842
3015924
3016522
3016891
3017031
3017052
3017066
3017111
3018755
3018799
3018973
3019283
3019446
3019620
3020206
3020562
3020564
3020646
3020991
3021538
3024027
3024082
3024113
3025534
3026035
3026540
3027134
3027503
3027516
3027956
3028044
3028573
3028736
3028767
3029845
3030166
3030378
3030872
3030944
3031203
3032064
3032818
3033164
3033329
3033377
3033450
3033734
3033955
3034188
3034340
3034822
3034923
3035488
3035612
3036114
3037026
3037470
3038359
3038526
3038640
3038653
3039065
3039548
3039917
3039998
3040885
3041425
3041453
3041678
3041862
3043009
3043308
3043975
3044625
3045011
3045647
3045651
3045986
3046128
3046130
3046176
3046185
3046537
3046615
3047184
3047489
3047642
3047680
3047822
3047923
3047926
3047999
3048043
3048142
3048738
3048997
3049139
3049248
3049499
3049924
3050078
3050284
3050319
3050517
3050665
3050743
3051052
3051139
3051193
3051316
3051444
