48
83
761
976
1124
1386
2472
2487
3139
3615
3878
3981
3996
4175
4533
4591
4869
4981
4998
5271
5390
5414
5552
5897
6120
6409
6842
7122
7350
7537
7950
8471
8639
8661
9170
9346
10387
10417
10591
10894
11361
11384
11715
11720
11739
11943
12663
12983
13166
13187
13552
13607
13825
14129
14285
14444
15034
15062
15102
15382
15712
15987
16089
16140
16179
16295
16358
16626
16806
18127
18861
18919
19152
19500
19948
20191
20372
20469
20504
20689
22156
22301
22363
22533
22784
22883
23454
23526
23543
23648
23691
23804
24353
24688
24822
24988
25089
25274
25612
26194
26471
26680
27164
27471
27779
27788
27817
28118
28248
28609
29226
29384
29956
29975
30390
30570
30575
31044
31971
32177
32701
32880
33047
33085
33655
33867
33940
34149
34151
34609
34666
34671
35103
35278
35532
35588
35984
36466
36858
37251
38099
38149
38244
38392
38554
39071
39619
39695
39740
40304
40415
40711
40777
40783
41239
41347
41455
41708
41715
41891
41984
42058
42531
43356
43530
43998
44199
44220
44252
44464
44664
44777
46170
46639
47125
47415
47657
48148
48502
48870
49019
49300
49594
49608
49794
50556
50769
50786
51179
51280
51627
51932
51962
52141
52458
52995
53016
53150
53940
54226
54651
55183
55264
55391
55502
55795
55906
56561
57037
57152
57342
57419
57827
58090
58594
58696
58727
59066
59300
59403
60079
60090
60555
60635
60656
60735
60828
61682
62762
62896
62948
63203
63451
63562
63708
63779
63998
64108
64285
64331
64550
65124
65136
65326
65818
65955
65971
66235
66293
66321
66394
66654
66768
66951
67128
67179
67390
67396
67457
67545
67901
67941
68429
68920
69033
69707
69805
69973
70203
70468
71231
71242
71589
71979
72502
72635
73394
73816
74118
74324
74503
74734
74810
74930
75063
75304
75319
75480
75513
75905
75961
76035
76356
76727
77153
77214
77269
77471
77559
77631
77639
77772
78070
78339
78424
78437
78795
78827
79209
79514
80081
80649
82145
82323
82340
82859
83683
84074
84300
84379
84522
85543
85854
86147
86887
87190
87215
87266
87601
88441
88674
88772
88959
89090
89129
89353
89567
89766
89770
90185
90312
90378
90639
91118
91145
91376
91422
91597
91819
92250
92287
92445
92646
92758
92777
92896
93436
93550
93643
93748
94180
94727
94928
95200
95457
95961
95997
96436
96667
96773
97010
97141
97230
97274
97493
98087
98567
98669
99008
99041
99076
99235
99241
99515
99792
99964
100234
100345
100700
100928
101207
101380
101738
102163
102378
102616
102830
102846
102920
104524
104560
104933
105315
105364
105533
105661
105952
106241
106318
106362
106467
106865
106988
107193
107213
107460
107815
107889
108001
108053
108064
108131
108196
108199
108594
108713
109083
109517
109637
110073
110287
110324
110466
110474
110593
110789
111185
111397
111760
112698
113199
113600
113714
113728
113781
114089
114101
114126
114179
114186
114967
115017
115346
115442
115505
115683
116110
116210
116226
116722
116855
117014
117091
117186
117364
117440
117483
117571
117779
118084
118356
118800
119064
119685
119827
119933
120242
120357
120538
120642
120807
121045
121244
121939
122225
122338
122461
122785
123277
123531
123703
123797
123827
124115
124121
124342
124441
124562
124891
125079
125135
125299
125862
125998
126354
126485
126684
127335
127358
127750
128232
128446
128649
128807
129499
129729
129797
129834
130232
130354
130655
130811
131278
131387
131410
131518
132639
132717
132791
132992
133262
133306
133608
134075
134277
134281
134284
134311
134399
134678
135179
135353
135909
136028
136396
136538
136695
136906
137414
137583
137644
137753
138192
138390
138430
138487
138809
139418
139443
139514
139565
139797
139892
140192
140650
140900
141763
142111
142364
142406
142423
142689
142784
142885
143101
143127
143315
143976
144525
144927
145182
145277
145350
145401
145495
145864
145881
145885
146080
146707
146768
146872
146906
146952
147626
147825
147895
148068
148254
148275
149003
149089
149209
149440
149538
149674
150210
150368
150381
150499
150767
150823
150997
151804
151834
152569
152902
152930
153295
153437
153439
153860
154115
154468
154716
154916
155972
156276
156848
156959
157134
157679
157945
158466
158633
159094
159485
160009
160344
160774
161033
161058
161336
161488
161607
161689
161742
161837
161843
161994
162277
162513
162576
163207
163925
164123
164160
164392
164662
164851
165723
165969
166087
166192
166320
167121
167130
167152
167338
167678
167712
167783
167792
167880
169072
169160
169260
169422
169707
170321
170342
170447
170482
170820
171137
171313
171563
171712
172051
172364
172667
173142
173523
173625
173673
173986
174008
174093
174131
174376
174483
174998
175341
175406
176466
176545
176899
177168
177260
177427
177849
177903
177929
178551
178926
179027
179632
179691
180115
180882
181203
181228
181413
181487
181788
181834
181841
182385
182423
182448
182470
182602
182823
182978
183001
183075
183535
183957
184317
184783
184904
185053
185314
185549
185633
185726
185900
185954
186716
186804
186818
186878
187246
187331
187836
187911
188047
188115
188303
189102
189282
189494
189634
190053
190260
190294
190998
191384
191818
191833
192160
192165
192182
192354
193131
193813
194051
194237
194388
194543
194882
195205
195228
195458
195463
195580
195587
195734
195912
196076
196148
196220
196257
196369
196527
197105
197117
197117
197210
197342
197942
198038
198065
199113
199822
200194
200363
200697
200944
201220
201384
201416
201434
201546
201665
202036
202338
202441
202529
202644
203118
203468
203521
203619
203677
203802
203829
203889
203897
203900
204308
205078
205616
205788
205828
205917
205966
206045
206138
206361
206737
206797
207299
207527
207700
208205
208346
208629
208632
209162
209264
209461
209519
209863
209864
209997
210142
210479
211104
211110
211437
211458
211499
211571
211782
211830
212015
212160
212198
212834
213018
213073
213419
213621
213748
214168
214680
215030
215388
216023
216411
216426
216504
216611
216739
216758
216926
217214
217305
217825
218304
218368
218387
218762
218865
219024
219360
219712
219752
220246
220310
220358
220422
220458
220562
220569
220587
220614
220904
221137
221315
221500
221635
222461
222817
222888
223142
223464
223471
223546
223910
223970
224031
224122
224374
224512
224848
224913
225483
225577
225613
225886
226027
226301
226788
226833
226923
227228
227598
227904
228330
228441
228556
228573
228823
229198
229571
229665
229890
230120
230479
230571
230612
231132
231555
231618
231694
232164
232178
233171
233177
233303
233353
233490
233833
233865
233926
234020
234079
234100
234943
235078
235154
235595
235835
236178
236904
237263
237403
237427
237987
238050
239305
239573
239599
239605
239790
240067
240139
240186
240406
240525
240892
241018
241160
241331
241890
242205
242234
242428
242448
242914
242948
243270
243312
243365
243725
243741
243931
244802
245076
245131
246009
246832
247119
247195
247318
247465
247496
247752
247834
247876
247918
247971
248045
248175
248208
248812
248860
249038
249316
249328
249402
249611
249639
250027
250484
250505
250878
251259
251312
251438
251756
252102
252462
253246
253457
253502
253592
253654
254207
254248
254378
254734
254844
255628
255974
255997
256008
256236
256311
256365
256518
257038
257205
257242
257300
257309
257361
257486
257631
258028
258104
258536
258829
259053
259194
259493
259509
260692
260874
261162
261176
261477
261641
261841
262084
262806
262990
263670
263782
264145
264362
264437
264530
264558
264799
264822
264987
265107
265153
265381
265388
265511
265619
265862
265873
266420
266839
267106
267368
267403
267408
267835
268093
268199
268221
268888
269009
269186
269327
270025
270416
270832
271149
271214
271331
271638
272266
272567
272998
273822
274088
274148
274343
274693
274698
274735
274756
275013
275041
275059
275881
276035
276273
276436
276658
277035
277062
277215
277288
277413
277694
277708
278278
278503
278562
278771
278854
278912
279374
279717
279745
279871
280186
280319
280411
280503
280783
280796
280851
281081
281163
281173
281246
281298
281357
281589
282212
282277
282476
282750
282773
282800
283177
283180
284096
284520
284696
285027
285068
285317
285334
285586
285738
285800
285847
286108
286463
286699
286778
287379
288023
288572
288801
289091
289122
289338
289383
289872
289932
290478
290564
290595
290634
290922
290969
291901
291956
293120
293150
293696
293704
293884
293950
294098
294111
294180
294222
294250
294522
294693
294761
294922
295115
295208
296553
296655
296775
296956
297301
297330
297506
297723
298836
299328
299380
299630
299692
299852
299902
300432
300437
300463
301410
301617
301889
302421
303076
303417
303636
303700
303730
303934
303971
304209
304276
304675
304965
305076
305256
305796
306034
306069
306222
306327
306377
306431
307403
307670
308242
308356
308617
308791
309941
310202
310482
310726
311170
311199
312072
312526
312653
312687
313115
313115
313202
313989
314032
314803
314928
315109
315146
315206
315686
315745
315751
316069
316419
316459
316891
317178
317345
318158
318208
318454
319051
319075
319329
319425
319538
319590
319673
319882
319905
320773
320777
320852
321125
321205
321296
321366
321391
321538
321574
322287
322689
322921
323912
324133
324279
324442
324499
324515
324587
324993
325061
325247
325378
325503
325513
325621
325863
325982
326850
326894
326978
328075
328369
328482
328490
328572
328799
329095
329164
329697
329770
329787
329956
330194
330408
330788
330843
331120
331159
331428
331853
332051
332219
332484
332829
332852
333188
333490
334117
334165
334414
334485
334511
334609
334784
335325
335695
336122
336266
337370
337643
337782
337824
338262
338686
339766
340021
340071
340235
340919
340925
340977
341328
341850
342377
342573
343021
343096
343173
343307
343422
343456
343677
343988
344109
344128
344740
345140
345216
345243
345310
345388
345484
345660
345866
346044
346114
346674
347084
347449
347485
347743
348144
348190
348296
348602
349060
349123
349246
349247
349329
349407
349459
349479
349576
350683
351135
351514
351963
352424
352555
352839
353034
353224
353241
353424
353701
353795
353867
354291
354650
354806
354861
354881
354947
354988
355040
355302
355361
355494
355507
355799
355888
356288
356301
356569
357199
357275
357438
357470
357624
357909
358043
358338
358767
359272
359401
359448
359854
359875
360112
360582
360762
360828
360854
360961
361181
361545
361644
361879
362225
362242
362298
362403
362615
362735
362977
363569
363986
364549
364597
364738
364854
365287
365538
365691
365984
366316
366366
366789
366864
367440
367758
368056
368183
368478
368480
368620
369328
369953
370457
370988
371171
371660
371694
372227
372314
372997
373522
373543
374165
374987
375017
375048
375064
375317
375329
375346
375950
376161
376406
376675
376708
376791
376884
376950
377156
377158
377192
377300
377378
377408
377846
377889
378874
378963
379183
379294
379615
379802
379892
379984
380093
380147
380362
380393
380516
380686
381017
381196
381361
381373
381385
381691
381828
382198
382638
382910
382970
383574
383834
384307
384333
384533
384667
384924
385020
385046
385234
385546
385822
385845
385905
386135
386147
386205
386953
387293
387616
387871
387954
388077
388233
388579
388716
389132
389267
389341
389414
389746
391190
391978
392362
392499
393325
393875
393909
394478
394535
394566
394896
395714
395768
396030
396367
396613
396811
396867
397158
397180
397185
397251
397662
397952
398057
398074
398122
398413
398614
399714
399980
400121
400230
400601
400903
401172
401317
401321
401336
401511
401546
401924
402086
402403
402512
402734
402815
403422
403500
403560
403697
404109
404552
404936
404993
405440
405575
405919
406190
406733
407161
407259
407343
407422
407782
407829
408265
408815
409442
409576
409724
410522
410579
410736
411168
411179
411208
411464
411867
411952
412202
412280
412715
412945
413106
413498
413938
414071
414841
415015
415428
415609
415954
416147
416178
416909
416922
417525
418081
418465
418603
418821
419106
419257
419348
419433
419617
419670
419704
419750
419933
420253
420986
421035
421343
422392
422703
422856
423323
423907
424028
424070
424123
424568
424691
424993
425149
425375
426427
426625
426726
426795
427198
427257
427474
427839
428004
428104
428184
428332
428404
428423
428656
428812
428819
428943
429100
429188
429519
430155
430171
430193
430211
430244
430558
430836
431223
431924
432093
432217
432355
432646
433183
433383
433676
434075
434313
435162
435476
435578
436262
436488
437243
437348
437435
437447
437531
437686
438308
438688
439062
439284
439378
439629
439742
439917
440229
441840
441921
441961
442411
442530
442578
442904
443103
443130
443551
443934
444160
444163
444249
444618
444925
444966
445177
445215
445396
445821
445952
446070
446254
446259
446311
447126
447593
447680
447969
448193
448217
448249
448349
448883
448894
448913
449232
449484
449663
449786
449964
450029
450050
450092
450220
450441
450535
450575
450697
450749
450869
450888
451148
451353
451618
451662
452879
452922
453032
453061
453120
453180
453189
453404
453613
453633
453702
453904
454939
455128
455151
455183
455379
455537
455612
455699
455757
455796
456516
456642
457011
457153
457540
457653
457821
458034
459028
459573
459647
460019
460223
460461
460588
460591
460778
460868
461734
461840
462273
462369
462972
463124
463228
463312
463478
463500
463675
464245
464419
464447
464633
464738
465123
465459
465611
466729
467061
467980
468036
468314
468379
468465
468491
468523
468934
469062
469314
469790
469908
471040
471171
471195
471352
471368
472005
472165
472419
472963
473018
473251
473264
473302
473396
473570
473591
474039
474221
474306
474379
474395
475264
475323
475566
475727
475811
475981
475993
476169
476334
476404
476415
476462
476749
476770
476817
476967
476983
477690
478368
478711
478730
478768
479088
479494
479791
479936
480111
480149
481041
481797
482006
482246
482256
483095
483114
483157
483401
483430
483453
483553
485489
485852
486010
486147
486214
486285
486299
486624
486829
486831
486965
487300
487608
487920
488258
488520
488560
488961
489882
490152
490168
490271
490458
490584
492327
492518
492583
493355
493789
493846
493962
494312
494350
494494
494641
495045
495317
496338
496527
496648
496854
497969
498005
498105
498110
498708
498765
499684
499705
499828
500331
500409
500515
500779
501055
501249
501986
501988
502055
502062
502556
502681
503114
503155
503345
504057
504615
504697
504969
505621
505677
505820
505989
506191
506244
506717
507066
507838
508531
508827
509268
510183
510325
510335
510531
510556
510655
510949
510990
511007
511354
511379
511399
511568
513040
513079
513514
513526
513713
514069
514191
514671
514790
514891
515198
515213
515240
515485
515812
515986
516116
516412
516430
516887
517312
517418
517556
518008
518042
518576
518744
518842
519106
519269
519352
519450
519545
519637
520056
520388
520512
520654
520714
520816
521641
521810
521949
521997
522495
522543
522680
522811
523381
523605
523808
523962
524174
524871
525442
525533
525553
525587
525821
526028
526263
526475
526693
526729
526738
527240
527756
527870
527955
527992
528489
528582
528620
528732
528885
529024
529083
529123
529443
529460
529510
529579
529580
530174
530216
530308
530455
530490
530584
530812
530822
530971
530978
531054
531624
532036
532103
532108
532157
532251
532934
533149
533182
533649
533796
533988
534081
534157
534214
534602
534710
534912
534913
535032
535115
535217
535338
535466
535577
535937
535940
536681
536692
536931
537129
537170
538322
538548
538587
538779
538891
538897
538991
539067
539787
540078
540164
540652
540729
540831
540855
541337
541905
541969
542046
542048
542053
542461
543425
543495
543565
543912
544242
544362
544842
544876
544993
545141
545244
546345
546385
546925
548366
550174
550251
550279
550541
551208
551271
551304
551307
551711
551863
552426
552959
553079
553118
553327
553628
553791
554088
554651
554714
554884
555005
555149
555220
555333
555816
556314
556352
556376
556805
557189
557335
557347
558026
558040
558071
558112
558231
558806
558943
559049
559650
560346
560628
561374
561602
561794
562140
562284
562618
562652
562740
562864
562912
562948
563253
563754
564348
564361
565078
565221
565356
565675
565760
566149
566177
566572
566876
567569
567615
567884
567894
568134
568371
568736
569586
570030
570094
570318
570450
570914
571205
571482
571777
572339
572664
572967
573220
573432
573538
573831
573935
574069
574104
574482
575179
575703
575860
576438
576708
576982
577099
577143
577259
577308
577383
577472
577933
578043
578465
578794
579080
579102
579371
579460
579619
579680
579791
579798
579877
580053
580567
580616
580807
581084
581322
581443
582220
582539
582915
582929
583152
583699
583944
584310
584820
585259
585337
585495
585913
585944
586650
586859
587085
587340
587538
587757
587806
588715
589597
589940
589963
590118
590390
590467
590490
590954
591390
591557
592017
592024
592451
592474
592727
592976
592997
593126
593128
593298
593631
593767
593823
593832
593867
594476
594636
595151
595398
595425
596039
597062
597841
597898
598269
598387
598957
599041
599977
600469
600716
600753
601696
602334
602404
602419
602648
602653
602722
602947
603029
603031
603598
603601
603674
603893
604045
604529
604737
604758
604900
605015
605056
605212
605691
606054
606137
606351
607034
607269
607653
608444
608484
608494
608546
608567
608641
608825
608877
608961
609058
609279
609640
609698
609908
609918
610026
610773
610820
611142
611270
611738
611800
611907
611980
612161
612227
612478
612500
612936
613757
613929
614162
614171
614451
614874
615084
615288
616138
616209
616490
616500
616922
617131
617641
617833
617847
617890
618120
618211
618254
618291
618506
618942
618953
618998
619256
619358
619404
619938
619986
621157
621238
621262
621447
621553
621686
621861
622203
622239
622479
622575
622589
623368
623729
623895
623908
623935
624202
624527
624828
625154
625358
625495
625806
626505
627161
627568
627870
628212
628235
628600
628639
628682
628828
629166
629378
629720
629888
630137
630204
630233
630755
630821
631060
631092
631113
631326
631345
631901
632180
632269
632355
632388
632742
632933
633624
633752
634152
634199
634484
635234
635786
635983
636530
636742
636808
637041
637071
637108
638582
639182
639913
640044
640078
640719
641221
641384
641598
643241
643520
643850
643950
643957
643989
644069
644127
644385
644436
644503
644510
644721
644782
645039
645410
645595
645769
646111
646160
646433
646821
647075
647354
647416
647861
647944
648065
648105
648431
648495
649408
649844
650209
650585
650716
650950
651459
651612
652098
652117
652192
652336
652929
653292
653687
654051
654286
654547
654591
654638
654640
655008
655347
655454
655700
655788
656076
656130
656342
656948
657165
658087
658322
658506
658705
658946
659027
659115
659374
659472
659532
659910
660301
661148
661170
661331
661728
662117
662135
662332
662753
663428
663447
663448
663479
663785
664112
664638
664657
664874
665190
665232
665352
665511
666105
666438
666729
667521
667529
668750
668978
669816
670033
670198
670785
670816
670849
670875
671427
671579
671865
672172
672335
672421
672469
672512
673071
673200
673683
673761
674136
674326
674649
674725
674869
674994
674997
675166
675205
675620
675627
675730
675817
676001
676027
676051
676454
676797
676960
677851
678154
678163
678323
678399
678535
679148
679207
679347
680156
680558
680745
680806
680833
680872
680901
680954
681010
681099
681118
681259
681793
681895
682327
682447
682632
682743
682929
683874
684317
684578
684646
684791
685081
685141
685236
685300
685561
685584
685811
685825
686019
686299
686376
686788
687034
687271
687283
687415
687641
688101
688400
688477
689203
689279
689403
689458
689467
689648
690021
690802
691113
691122
692076
692499
692531
692885
693316
693325
693388
693489
694209
694516
694554
694987
695058
695304
695331
695466
695567
695792
695935
695935
696171
696208
696493
696956
697079
697686
698019
698170
698667
699394
699492
699636
699648
699665
700097
700386
701299
701491
701705
702004
702234
702236
702341
702361
702423
702462
702623
702715
702961
703033
703099
703107
703130
703568
703727
705011
705155
705311
705664
705860
706051
706161
706692
706763
706929
707172
707307
708009
708345
708524
708570
708692
708806
709376
709420
709465
709502
709782
709805
710156
710217
710255
710758
710908
710939
711574
711613
712528
712595
712638
713794
714024
714029
714160
714371
714655
714736
714860
715194
715571
716461
716722
717287
717605
717695
717760
717865
717871
718062
718347
718476
718940
719098
719190
719261
719963
719986
720290
720305
720573
720661
720750
720954
721233
721271
721329
721340
721573
721580
721583
721871
722033
722649
722652
722665
723711
723777
724362
724581
724719
724758
724959
725320
725653
725727
725889
726208
726490
726824
726980
726987
727190
727606
727664
727691
728099
728751
728965
729280
729444
729468
729572
729577
730094
730788
730962
731187
731703
731750
732191
732354
732387
732530
732719
732808
732902
733072
733111
733231
733365
734393
734709
734888
735043
735189
735356
735593
736205
736550
736688
736710
736932
736946
736984
737003
737068
737075
737666
738139
738227
738567
738737
738871
739424
739748
739763
739903
739926
739944
740069
740373
740808
740940
741137
741726
741930
741950
742167
742321
742720
742930
743243
743357
743396
743793
743838
744091
744285
744457
744584
744645
744678
744889
744910
744914
744930
745027
745061
745130
745565
745715
745921
746004
746188
746824
746831
746982
747438
747495
747568
747856
747874
748124
748433
748655
748897
749230
749376
749594
750205
750237
750284
751229
751330
751340
751976
752152
752255
752387
752518
752913
753174
753327
753946
754080
754407
756255
756267
756492
756803
756968
756972
757443
757670
757777
757923
757925
758150
758380
758675
759071
759134
759482
760879
760945
761176
761241
761245
761286
761668
761850
762313
762362
762599
762918
762970
763634
763638
763748
763810
764542
765035
765130
765379
765772
766279
766503
767527
767769
768197
768598
768624
769059
769179
769830
769915
769962
770441
770865
770955
771050
772086
772401
772548
772594
772835
772836
773065
773190
774357
774688
774729
774825
774998
775048
775083
775604
775661
775720
776318
776409
776421
777421
777554
777693
778195
778274
778554
778626
778839
778901
779609
779876
780070
780134
780200
780284
780361
780388
780989
781200
781556
781597
781758
781908
782158
782197
782301
783288
783388
783398
783453
784032
784263
785321
785530
785736
785824
785826
785857
786315
786478
786593
786723
786993
787898
788008
788148
788388
788448
788549
789075
789295
789388
789467
789610
789832
790179
790524
790550
790661
791002
791240
791249
791337
791731
791904
792086
792228
792248
792504
793539
794469
794571
794643
794718
794792
794845
794976
795042
795138
795578
795636
795748
796000
796028
796751
796835
797017
797601
797810
797871
798739
798756
798791
800511
800610
801264
801681
802342
802352
802786
802823
803038
803110
803525
803801
804311
804839
805499
805747
805940
806072
806598
806748
807136
807147
807762
808155
808672
808970
809450
809701
810916
811069
811491
811594
811793
811879
812270
812337
812485
812516
812657
812877
813465
813476
813640
813679
813787
813943
813953
814182
814354
814590
814783
814815
814913
815127
815422
815980
816078
816300
816443
816557
817077
817098
817222
817253
817707
817973
818428
818875
818916
819057
819171
819699
819740
819763
820149
820334
820496
820592
820690
820996
821103
821211
822015
822532
822772
823916
823941
824027
824319
824325
824539
825103
825144
825294
825442
825850
826098
826161
826335
826374
826380
826389
826558
826709
826724
827015
827026
827271
828617
828758
829139
829396
829489
829661
829778
830116
830525
830619
830784
830832
830872
831247
831284
831325
831934
832011
832075
832449
832605
832751
832777
832912
833031
833102
833467
833482
833514
833706
834118
834235
834364
834555
834787
834852
835585
836249
836532
837256
837878
838167
838365
838880
839014
839172
839319
839632
840066
840103
840250
840431
840578
840797
841178
841900
842569
842794
843182
843216
843288
843606
843658
843927
844151
844234
844616
844802
845108
845145
845749
845800
845943
846300
846347
846469
847161
847223
847452
847459
847509
847820
847937
848176
848253
848488
848516
848981
848993
849269
849293
849375
849457
849831
849954
850614
850708
850775
851581
851635
851957
852418
852501
853014
853146
853212
853666
853732
853832
854134
854267
854656
854850
855030
855282
855812
856342
856381
856712
856814
857012
857331
857948
857951
858327
858679
858752
858974
859485
860281
860379
860551
861010
861126
861219
861437
861583
861986
862294
862320
862452
862701
863158
863357
863608
864566
864605
865016
865220
865352
865469
866066
866082
866453
866718
866771
867021
867074
867293
867518
867549
867758
867887
867950
868098
868199
868495
868916
869249
869934
870130
870214
870377
870378
870549
870664
870860
870979
871564
871849
871851
872176
872279
872544
872757
872828
872906
872957
873210
873528
873867
874146
874152
874652
874674
874737
874977
874998
875833
876083
876176
876766
876858
877137
877291
877690
877766
878824
878931
879042
879169
879199
879355
879504
879564
880198
880354
880367
880578
880803
881059
881347
881545
882177
882468
882964
883132
883168
883351
884008
884111
884281
884380
884788
884979
885030
885315
885363
886007
886178
886491
886639
886681
886771
886807
887189
887298
887824
887947
888174
888604
888623
888792
888797
889297
889543
889616
889858
890100
890252
890724
890873
891015
891336
892587
892767
892921
893329
893679
893856
894179
894330
895035
895570
896216
896508
896817
897346
897794
897822
897825
898356
898400
898534
898756
899003
899245
899374
899397
899611
899774
899992
900300
900949
901269
901600
901945
901992
902111
902161
902180
902606
902798
903117
903609
903767
904019
904632
904872
905344
905493
905562
905693
906246
906609
906613
906704
906760
906924
907517
907522
907549
908081
908140
908308
908573
908767
909150
909181
909336
909886
909923
909951
910076
910144
910251
910352
910954
911257
911801
911806
912006
912856
912962
912964
914000
914351
914390
914916
914936
915374
916084
916310
916643
917255
917517
917842
917984
918015
918208
918449
918551
919777
920078
920373
920404
920576
920707
920814
920816
921023
921057
921490
922207
922322
922331
922795
923052
923069
923424
923647
923710
924072
924696
924995
925003
925120
925152
925189
925456
925573
925858
926930
926993
927067
927102
927111
927244
927273
927367
927449
927675
927916
928254
928492
928895
929753
929865
930458
930683
931198
931246
931312
931465
931757
931788
931804
931993
932299
932436
933191
933356
933463
933775
933778
933978
934080
934312
934452
934595
935034
935384
935744
935861
936246
936600
937007
937305
937398
937572
937806
937928
938175
938520
939144
940066
940075
940384
940426
940434
940657
941033
941614
941918
941941
941971
942698
943570
943649
943893
943925
943939
944129
944403
944749
945061
945287
945329
945760
945800
945958
946350
946444
946646
946725
946741
947140
947171
947285
947317
947632
947679
947905
947944
947998
948761
948768
949819
949973
950072
950171
950219
950467
950885
950885
950939
951111
951137
951556
951635
952917
953148
953350
953386
954451
954768
955394
955677
955705
955976
956421
956430
956525
956722
956942
957338
957495
957610
957878
957892
957976
957981
958096
958247
958641
958692
958706
959009
959193
959512
959536
959884
960249
960318
960539
960577
960620
961332
961371
961605
961663
962512
962908
962909
963628
964192
964196
964549
965038
965203
965269
965693
966571
966741
966906
967179
967510
968050
968599
969185
969569
969630
969682
970166
970332
970781
971075
971318
971356
971400
971465
971525
971526
972366
972440
972678
972887
973015
973219
973330
974061
974323
974328
974533
974609
975325
975336
975441
975841
976000
977012
977406
977809
977867
977964
978001
978221
978416
978442
978897
979430
979805
979814
979899
980093
980258
980339
980353
980555
980594
981410
981524
981955
982408
982475
983691
983869
984327
984339
984984
985258
985292
985407
985408
985540
985662
985722
985936
986329
986727
987147
987150
987172
987615
987683
987733
988350
988455
988762
989021
989478
990019
990189
990258
990340
990371
990750
990981
991764
992023
992103
992132
992244
992317
992410
992474
992781
993318
993546
993740
994034
994303
994495
994683
994962
995213
995276
996183
996675
997212
997407
997628
997701
997713
997724
997840
997877
998137
999145
999255
999278
999307
999551
1000623
1000988
1001409
1001526
1001946
1002113
1002379
1002626
1002674
1002699
1003092
1003941
1003994
1004663
1004834
1005327
1005446
1005485
1005873
1007160
1007361
1007751
1007776
1007909
1008026
1008232
1008237
1008364
1008425
1008898
1008908
1008994
1009548
1009558
1009637
1009776
1009829
1010069
1010177
1010503
1010504
1010578
1011556
1012273
1012299
1012596
1012701
1012728
1012959
1013194
1013288
1013337
1013365
1013442
1013651
1013927
1014505
1015039
1015363
1015962
1016024
1016850
1016954
1017022
1017145
1017159
1017352
1017540
1017630
1018359
1018578
1018646
1019011
1019014
1019111
1019573
1019736
1020143
1020162
1020330
1020436
1020483
1020590
1020639
1020698
1020773
1021554
1021944
1022056
1022414
1022574
1022653
1022897
1022932
1022992
1023407
1023557
1023798
1024225
1024242
1024413
1024495
1025272
1025446
1025605
1025659
1025674
1026021
1026441
1026460
1026478
1027013
1028956
1029008
1029095
1029349
1029360
1029506
1029644
1030126
1030151
1031175
1031541
1032253
1032382
1032523
1032564
1032600
1033030
1033115
1033584
1033755
1034195
1034343
1034430
1034652
1034837
1034894
1035047
1035206
1035472
1035516
1035598
1035645
1035853
1035926
1035940
1036277
1036406
1036655
1036808
1036816
1036970
1037374
1037790
1038148
1038171
1038363
1038581
1039157
1039288
1039414
1039654
1039731
1039755
1039939
1040087
1040581
1040739
1040883
1040899
1040976
1041015
1041028
1041200
1041754
1041808
1042036
1042137
1042264
1042449
1043114
1043165
1043384
1043572
1043856
1043923
1044153
1044420
1044430
1044708
1045067
1045492
1045643
1045862
1046181
1046331
1046849
1046851
1046923
1047179
1047265
1047330
1047617
1047860
1047934
1048360
1049050
1049506
1049638
1049781
1049859
1050153
1050915
1051102
1051433
1051451
1051642
1051713
1051740
1051827
1051918
1051982
1052008
1052023
1052090
1052239
1053271
1053641
1053840
1053994
1054543
1054615
1054940
1054967
1055548
1055696
1056201
1056546
1056651
1056696
1057681
1058043
1058076
1058236
1058288
1058439
1058584
1058864
1059009
1059066
1059459
1059535
1059648
1059727
1059941
1059997
1060341
1060610
1061103
1061333
1061532
1061575
1061964
1062704
1062987
1063217
1063531
1063601
1063781
1065338
1065506
1065594
1066032
1066210
1066482
1066513
1066544
1066607
1066809
1067359
1067403
1067876
1068026
1068218
1068232
1068244
1068342
1068480
1068707
1068770
1068827
1069026
1069123
1069364
1069464
1069526
1069609
1069904
1069987
1070621
1070888
1071360
1072251
1072294
1072365
1072457
1072728
1072767
1072812
1073120
1073626
1073918
1074250
1074750
1074812
1075291
1075402
1075529
1075562
1075722
1076345
1076389
1076411
1076477
1076680
1077162
1077329
1077450
1077582
1077775
1078438
1078539
1078629
1078689
1078939
1079152
1079378
1079438
1079761
1079796
1080019
1080145
1080520
1080979
1081168
1081434
1081541
1081612
1081864
1082000
1082207
1082216
1083018
1083096
1083740
1084341
1084898
1085131
1085389
1086281
1086440
1086451
1087504
1087867
1087964
1088460
1088634
1088749
1088917
1089593
1089758
1090008
1090014
1090080
1090256
1091119
1091449
1091527
1091646
1091671
1091687
1091713
1091778
1091818
1091851
1091857
1091911
1092083
1092215
1092219
1092321
1092394
1092430
1092824
1092827
1093561
1093765
1093960
1093998
1094273
1094352
1094626
1094716
1095139
1095227
1095432
1095873
1096063
1096524
1096949
1096959
1097439
1097507
1097550
1097588
1097876
1097958
1098006
1098456
1098536
1099759
1099978
1100812
1100852
1100938
1101218
1101441
1102214
1102416
1102428
1102699
1103165
1103572
1103729
1103753
1103807
1103834
1103971
1104121
1104627
1104812
1105724
1106019
1106320
1107020
1107029
1107486
1107773
1107815
1107879
1107915
1108053
1108124
1108228
1108788
1109104
1109742
1110023
1110099
1110462
1110580
1110805
1110914
1111078
1111202
1111401
1111577
1111759
1111878
1111945
1112250
1112341
1112455
1112529
1112676
1112692
1112857
1113005
1113811
1115089
1115303
1115341
1115543
1115855
1116458
1116706
1117411
1117544
1117702
1117927
1118106
1118360
1118958
1119502
1119607
1119718
1119868
1119957
1120083
1120298
1120591
1120923
1121216
1121590
1121601
1121625
1121878
1121910
1122361
1122390
1122697
1122847
1123240
1123243
1123584
1123644
1124285
1124502
1124834
1124868
1125220
1125584
1127184
1127233
1127757
1127843
1127857
1128158
1128166
1129268
1129375
1129563
1129568
1129989
1130137
1130363
1130546
1130560
1130941
1131423
1131487
1131671
1131900
1132972
1133117
1133234
1133264
1133649
1133652
1133833
1133841
1134203
1134308
1134392
1134442
1134774
1134967
1135041
1135213
1135370
1135806
1135916
1136269
1136283
1136460
1136477
1136890
1137276
1137424
1137432
1137482
1137645
1137805
1138031
1138483
1138782
1140622
1140717
1140864
1141232
1141426
1141431
1141502
1141649
1141953
1141997
1142179
1142427
1143215
1143332
1143864
1143962
1144241
1144649
1145075
1145105
1145245
1145606
1145801
1146229
1146353
1146585
1146740
1146823
1146981
1147327
1147494
1147555
1147724
1147942
1148187
1148604
1148842
1148977
1149148
1149411
1149664
1149822
1149915
1150336
1150455
1150512
1150604
1150622
1150632
1150712
1150851
1150860
1150931
1151230
1151269
1152067
1152776
1152971
1153655
1153748
1154162
1154659
1154733
1154777
1154894
1154906
1155039
1155337
1155461
1155735
1156101
1156246
1156363
1156524
1156824
1157097
1157111
1157117
1158095
1158226
1158319
1158488
1159082
1159131
1159439
1159475
1159476
1159782
1160025
1160131
1160382
1160577
1160968
1161189
1161253
1161498
1161569
1162351
1162610
1162681
1162711
1162931
1163162
1163203
1163334
1163487
1163651
1164059
1164281
1164745
1165019
1165065
1165127
1165344
1165346
1165529
1165917
1166147
1166158
1166319
1166357
1166364
1166529
1166766
1166854
1167539
1167550
1167602
1167606
1167970
1168061
1168083
1168703
1169533
1169664
1169739
1170299
1170674
1171141
1171539
1171694
1171858
1172026
1172066
1172131
1172562
1172689
1172936
1173558
1173711
1173751
1173967
1174126
1174137
1174243
1174353
1174415
1174633
1174800
1174893
1175199
1175448
1175454
1175513
1175558
1175654
1175851
1176071
1176147
1176267
1176300
1176390
1176620
1176733
1176887
1177065
1177341
1177363
1177661
1177832
1178278
1178337
1178641
1178847
1178876
1179133
1179667
1179956
1179960
1180050
1180226
1180582
1180602
1181552
1181794
1181808
1182924
1183108
1183183
1183322
1184237
1184240
1184359
1184539
1184589
1184715
1184813
1184884
1185269
1185305
1185415
1185844
1185998
1186166
1186440
1186449
1186828
1186842
1186911
1187018
1187063
1187156
1187248
1187303
1187506
1188133
1188181
1188230
1188255
1188800
1188872
1189217
1189401
1189634
1190223
1190934
1190941
1191042
1191356
1191568
1191622
1191839
1191876
1191878
1192085
1192151
1192240
1192269
1192464
1192558
1193237
1193642
1193926
1194127
1194210
1194233
1194954
1195381
1195894
1196477
1196667
1197800
1198706
1199568
1199699
1199855
1199904
1199937
1200085
1201003
1201050
1201612
1201818
1201834
1201867
1201908
1202328
1202393
1202400
1202476
1202534
1203387
1204024
1204159
1204451
1204691
1205021
1206045
1206398
1206565
1206587
1207140
1207612
1207760
1208150
1208622
1209023
1209123
1209258
1209370
1209647
1209958
1210255
1210435
1210467
1210500
1210508
1210736
1210926
1211147
1211431
1211963
1212276
1212309
1212443
1213004
1213225
1213445
1213467
1213540
1213684
1213788
1213793
1214220
1214536
1214656
1215459
1215504
1215554
1215614
1216472
1217332
1217580
1217608
1217902
1217940
1218101
1218374
1218428
1218468
1218757
1218873
1218980
1219006
1219024
1219188
1219294
1219536
1219925
1220138
1220571
1220736
1220791
1221241
1221542
1221881
1222289
1222436
1222658
1222668
1222722
1222825
1222874
1223338
1223509
1224117
1224352
1224528
1224824
1224934
1225049
1225066
1225185
1225356
1225973
1226255
1226749
1226932
1226967
1227827
1227943
1228498
1228884
1229374
1229723
1229849
1229873
1230570
1230843
1231071
1231134
1231380
1231731
1232041
1232660
1232721
1232726
1232821
1233616
1233879
1233968
1234282
1234690
1234784
1234925
1234934
1235232
1235768
1235968
1236027
1236198
1236333
1236553
1236557
1236749
1236800
1237221
1237231
1237638
1237733
1237735
1237765
1238095
1238446
1238635
1238659
1238794
1239199
1239585
1239610
1239748
1240616
1240872
1240903
1241852
1241869
1241997
1242177
1242249
1242402
1242964
1243160
1243301
1243668
1243765
1244036
1244534
1245234
1245569
1245753
1245933
1245964
1246001
1246075
1246202
1246521
1246789
1247093
1247345
1247740
1247832
1247857
1247956
1248156
1248185
1248283
1248339
1248603
1248813
1248884
1248994
1249093
1249354
1249845
1250133
1250339
1250681
1250877
1250920
1251143
1251276
1251408
1251506
1251602
1251651
1252435
1252731
1252778
1252973
1253344
1253464
1253522
1253876
1253881
1254301
1254719
1254725
1254764
1254835
1255286
1256100
1256518
1257209
1257259
1257793
1257924
1258140
1258406
1258831
1258882
1259409
1259933
1260068
1260080
1260109
1260680
1260879
1261354
1261481
1261847
1262493
1262543
1264090
1264278
1264320
1265021
1265537
1265709
1265801
1265848
1266317
1266808
1267546
1267622
1267812
1268359
1268499
1268593
1268695
1268993
1269163
1269180
1269611
1269832
1270291
1270298
1270533
1270567
1270800
1270924
1271457
1271658
1271947
1272038
1272103
1272212
1272312
1272617
1272725
1272804
1272924
1272979
1273005
1273040
1273052
1273218
1273365
1273389
1273792
1273899
1275664
1275811
1275879
1276095
1276416
1276663
1276746
1276984
1277451
1277477
1277615
1277900
1277970
1278097
1278240
1278617
1278641
1278756
1278988
1279010
1279414
1279467
1279551
1279696
1279724
1279880
1279984
1279994
1280409
1280477
1280485
1280653
1281120
1281354
1281613
1281744
1282017
1282241
1282342
1282477
1282520
1282639
1282794
1282831
1282910
1283282
1283391
1283459
1283936
1284269
1284507
1284565
1284987
1285183
1285762
1286002
1286355
1286473
1286568
1286665
1286727
1286889
1287024
1287135
1287525
1287889
1288467
1289071
1289250
1289309
1289558
1290135
1290323
1290487
1290623
1290989
1291187
1291662
1291779
1292072
1292148
1292259
1292317
1292438
1292583
1292836
1293457
1293492
1293733
1294094
1294716
1294863
1294893
1295236
1295356
1295689
1295902
1295938
1295978
1296680
1296794
1296960
1297019
1297158
1297801
1297943
1298741
1298988
1299154
1299237
1299319
1299744
1299823
1299862
1300151
1300362
1300782
1301087
1301128
1301407
1301763
1302248
1302411
1302544
1302773
1302805
1302947
1303206
1303372
1303699
1303791
1303795
1303939
1304307
1304344
1304928
1305111
1305233
1305490
1305567
1305955
1306077
1306849
1307110
1307186
1307285
1307571
1307760
1307913
1308078
1308104
1308105
1308184
1308251
1308273
1308500
1308500
1308652
1308950
1308972
1309436
1309619
1309990
1310094
1310209
1310509
1310510
1310677
1311092
1311827
1312071
1312081
1312194
1312626
1312933
1313024
1313058
1313411
1313854
1313986
1314036
1314346
1315012
1315574
1315633
1316023
1316046
1316358
1316429
1316431
1316475
1316579
1316941
1317177
1317218
1318305
1318777
1319221
1319632
1319708
1320341
1321173
1321386
1321699
1322456
1323275
1323356
1323538
1323947
1324074
1324110
1324121
1324210
1324238
1324322
1324345
1324584
1324643
1325065
1325158
1325680
1325840
1325883
1326046
1326125
1326134
1326170
1326284
1326377
1326967
1326993
1327687
1328358
1328393
1328505
1329022
1329347
1329982
1330021
1330353
1330382
1330489
1330527
1330655
1330746
1331141
1331153
1331271
1331594
1331677
1331788
1331813
1331884
1332152
1332338
1332988
1333111
1333506
1333524
1333570
1333758
1333847
1334181
1334631
1334722
1334811
1335027
1335662
1335779
1336072
1336131
1336410
1337058
1337349
1337364
1337637
1338095
1338138
1338257
1338308
1338567
1339276
1339491
1339819
1339896
1340118
1340173
1340389
1340720
1340885
1341192
1341597
1341780
1341940
1342095
1342410
1343058
1343529
1343530
1344074
1344104
1344557
1344697
1345386
1345399
1345606
1345651
1345680
1346031
1346211
1346452
1347779
1347864
1348033
1348402
1348415
1348818
1349014
1349392
1349745
1350448
1350807
1351476
1351566
1351599
1352028
1352864
1353069
1353104
1353281
1353429
1353525
1353676
1354154
1354213
1354459
1354800
1354997
1355190
1355333
1355386
1355433
1355526
1355584
1355659
1355707
1355733
1355875
1356080
1356120
1356471
1356796
1356983
1356991
1357066
1357403
1358084
1358560
1359670
1359711
1360358
1360404
1360745
1361054
1361706
1361792
1361908
1362008
1362086
1362299
1362348
1362366
1362671
1362725
1362866
1363502
1363541
1364086
1364273
1364327
1364331
1364373
1364395
1364443
1364782
1365052
1365362
1365864
1365946
1366202
1366334
1366492
1367394
1367407
1367710
1368163
1368194
1368578
1368583
1368988
1369157
1369264
1369756
1370052
1370144
1370606
1370627
1371204
1371557
1371666
1372185
1372420
1372859
1373398
1373488
1373586
1373595
1373648
1374218
1374761
1375527
1375899
1376573
1376773
1376852
1376957
1377707
1377896
1378700
1378933
1378984
1379176
1379341
1379755
1379809
1380044
1380169
1380243
1380308
1380848
1380951
1381034
1381633
1381850
1381851
1382077
1382150
1382205
1382237
1382810
1383018
1383921
1384192
1384451
1385808
1385824
1385851
1386109
1386338
1386593
1387153
1387367
1387886
1388177
1388250
1388277
1388311
1388463
1388587
1388917
1389455
1389685
1389746
1389965
1389974
1390178
1390291
1390384
1390779
1391065
1391083
1391122
1391201
1391248
1391708
1392142
1392280
1392505
1392603
1392792
1393002
1394188
1394306
1394457
1394519
1394579
1394779
1395164
1395354
1395416
1395535
1395685
1395786
1396593
1396609
1396740
1396903
1397127
1397311
1398188
1398278
1398363
1399395
1399466
1399711
1399889
1399906
1400401
1400612
1400934
1400941
1401300
1401537
1401790
1402143
1402366
1402380
1402493
1402514
1402654
1402764
1403495
1404074
1404298
1404540
1404624
1404659
1404687
1405054
1405187
1405332
1405420
1406103
1406293
1406980
1407276
1407459
1407767
1407860
1408648
1409057
1409130
1409363
1409403
1409417
1409898
1410078
1410334
1410461
1410927
1410948
1411015
1411443
1411576
1411755
1412812
1413269
1413418
1414543
1414657
1415015
1415346
1415357
1415414
1415823
1415974
1416010
1416351
1416387
1416502
1416506
1416723
1416897
1416918
1416954
1417085
1418318
1418501
1418653
1418657
1418854
1419111
1419362
1419522
1419870
1419934
1420243
1421754
1421802
1422187
1422474
1422549
1422758
1422974
1423015
1423424
1423488
1423866
1424231
1424243
1424755
1425036
1425273
1425829
1425925
1426260
1426263
1426620
1426716
1427662
1427856
1427868
1427931
1427996
1428464
1428807
1428957
1429041
1429098
1429113
1429406
1429492
1429691
1429860
1430015
1430485
1430816
1430832
1430969
1431176
1431182
1431391
1431502
1431950
1432031
1432252
1432397
1432482
1432668
1432826
1432878
1433081
1433369
1433498
1433541
1433707
1434065
1434725
1435403
1435483
1435855
1436061
1436208
1436482
1437059
1437580
1438170
1438363
1438607
1438664
1438741
1438912
1439052
1439673
1440064
1440228
1440482
1440643
1440822
1440980
1441029
1441391
1441457
1441593
1441819
1442158
1442166
1442328
1442420
1442983
1443495
1443948
1444162
1444295
1445155
1445308
1445345
1445422
1446114
1446203
1446214
1446384
1447304
1448664
1448860
1449274
1449307
1449949
1450017
1450086
1450263
1450589
1450683
1451003
1451326
1451368
1452037
1452118
1452249
1452630
1452639
1452801
1453400
1453573
1453859
1453980
1454120
1454214
1454313
1454512
1455424
1455511
1455610
1455949
1456013
1456304
1456460
1456546
1456775
1457063
1457118
1457184
1457229
1457483
1457576
1457589
1457659
1458277
1458820
1458820
1459062
1459094
1459200
1459337
1459507
1459660
1459661
1459760
1459854
1460053
1460710
1460965
1461091
1461316
1461423
1461537
1462014
1462032
1462042
1462067
1462447
1462868
1462955
1463075
1463178
1463467
1463793
1463922
1464082
1464193
1464493
1464687
1464892
1465550
1466404
1466540
1467084
1467163
1467317
1467367
1467635
1467852
1467856
1468232
1468500
1468500
1468521
1468761
1468792
1468825
1469727
1470344
1470564
1470680
1470729
1471061
1471893
1471927
1472091
1472859
1472954
1473197
1473622
1473872
1474326
1474382
1474857
1475204
1475996
1476194
1476357
1476612
1476652
1476663
1476757
1476789
1476811
1477682
1477744
1478190
1478264
1479453
1480672
1481391
1481418
1482404
1482492
1482698
1483152
1483259
1483719
1483857
1484948
1485427
1485576
1485904
1486052
1486652
1487060
1487070
1487197
1487262
1487638
1487871
1488265
1488512
1488999
1489257
1489406
1489451
1490134
1490270
1491468
1491597
1492086
1492451
1492934
1492937
1492991
1494183
1494263
1494374
1494572
1494899
1495261
1495689
1497730
1498780
1498883
1498914
1498941
1499569
1499944
1500006
1500171
1501085
1501224
1501376
1501479
1501686
1501815
1501941
1501996
1502107
1502173
1503222
1503393
1504086
1504176
1504549
1504919
1504936
1505017
1505022
1505468
1505847
1505905
1506001
1506328
1506405
1506964
1507141
1507213
1507717
1508003
1508056
1508290
1508294
1508404
1508413
1508485
1508506
1509130
1509192
1509648
1509905
1510078
1511087
1511863
1511892
1511938
1511946
1511947
1511986
1512628
1512662
1512695
1512720
1513203
1513513
1513718
1513758
1514055
1514111
1514124
1514139
1514313
1514462
1514527
1514850
1514882
1515381
1515449
1515581
1515613
1515670
1515722
1515760
1515987
1516014
1516489
1516675
1516828
1516828
1516896
1516981
1517059
1517723
1518169
1518182
1518270
1518300
1518876
1518876
1519491
1519595
1519941
1519992
1520285
1520321
1520863
1521142
1521208
1521244
1521263
1521932
1522132
1522242
1522646
1522741
1523328
1523991
1524325
1524775
1525128
1525326
1525490
1526056
1526230
1526321
1527180
1527228
1527510
1527549
1527561
1527665
1527859
1528025
1528160
1528341
1528590
1528797
1528879
1528931
1529410
1529661
1529765
1530225
1530288
1530453
1530970
1531504
1531640
1532131
1532869
1533081
1533250
1533321
1533476
1533749
1534040
1534357
1534902
1535277
1535561
1535587
1535720
1535852
1536363
1536372
1536665
1536807
1537325
1537386
1537637
1538317
1538466
1538646
1538862
1539008
1539154
1539295
1539592
1539742
1540181
1540275
1540448
1540847
1541550
1541602
1542219
1542252
1542546
1542845
1543017
1543222
1543379
1543409
1543947
1544141
1544335
1544442
1544758
1544902
1545325
1545693
1546233
1546300
1546631
1546635
1546762
1546958
1547002
1547018
1547571
1547821
1547942
1548383
1548424
1549590
1549665
1549769
1549904
1549930
1550894
1550906
1551056
1551771
1552338
1552531
1552593
1552951
1553251
1553276
1553314
1553344
1553681
1553947
1553964
1554706
1554779
1554962
1555026
1555193
1555229
1555317
1555644
1555737
1555912
1555917
1556149
1556309
1556382
1556679
1556796
1556819
1557756
1557937
1558186
1558390
1558448
1558498
1558566
1558732
1558932
1559017
1559079
1559597
1559604
1559751
1560528
1561166
1561550
1561550
1561653
1561743
1562077
1563364
1564234
1564835
1564948
1565378
1565386
1565561
1565739
1565999
1566023
1566106
1566203
1566447
1566674
1566799
1566808
1567393
1567436
1567566
1567789
1567850
1568412
1568952
1569004
1569119
1570228
1570319
1570571
1571610
1571625
1571642
1571981
1572369
1572397
1572597
1572609
1572674
1572683
1572955
1574208
1574233
1574238
1576200
1576208
1576257
1576476
1576532
1576724
1577117
1578504
1578617
1578836
1579203
1579343
1580069
1580116
1580554
1580927
1581210
1581768
1582008
1582055
1582500
1582516
1582996
1583011
1583301
1583629
1584160
1584477
1584805
1585114
1585333
1585705
1586100
1586484
1586502
1586574
1586638
1586811
1587487
1587552
1587572
1587699
1587703
1587718
1587767
1588192
1589457
1589560
1589612
1589742
1589901
1590340
1590616
1590886
1591164
1591233
1591364
1591500
1591558
1591640
1591641
1591741
1592021
1592298
1592341
1592376
1592394
1593070
1593358
1593417
1593430
1593446
1593672
1593974
1594061
1594131
1594155
1594293
1594675
1594848
1595257
1595359
1595523
1595556
1596501
1596719
1596734
1596931
1597116
1597145
1597315
1597327
1597580
1598159
1598280
1598379
1598428
1598512
1598725
1599278
1599363
1600011
1600140
1600550
1600686
1601283
1601324
1601451
1601720
1602742
1603079
1603182
1603535
1603609
1603635
1604944
1604976
1605176
1605471
1605529
1605789
1606344
1606730
1607191
1607542
1607682
1608007
1609103
1609219
1609616
1610533
1610922
1611142
1611602
1611873
1611884
1612086
1612180
1612633
1612635
1612798
1612997
1613280
1614084
1614191
1614364
1614475
1614686
1614775
1614819
1614845
1615043
1615110
1615287
1615361
1615637
1615748
1615890
1616419
1616462
1616635
1616761
1616768
1616777
1616781
1616952
1617130
1617253
1617283
1617779
1617979
1618770
1618867
1618936
1619058
1619498
1619520
1619554
1619651
1619777
1619905
1620196
1620278
1620561
1620746
1621642
1621900
1621925
1622040
1622098
1622120
1622187
1622542
1622780
1623010
1623118
1623287
1623556
1623627
1624012
1624242
1625511
1625729
1625800
1625841
1626221
1626445
1626707
1626737
1626746
1628063
1628855
1629161
1629234
1629367
1630029
1630123
1630371
1630374
1630414
1630508
1630867
1630881
1631042
1631236
1631260
1631387
1631775
1631778
1631837
1632176
1632348
1632588
1632642
1632685
1632734
1632830
1633317
1633735
1634093
1634351
1634915
1635498
1636502
1636711
1636874
1637560
1638410
1638479
1638632
1638713
1638814
1638832
1639024
1639574
1639611
1639677
1639836
1639938
1640064
1640143
1640523
1640842
1640859
1641132
1641275
1641275
1641669
1642030
1642962
1643115
1643757
1643823
1644085
1644117
1644686
1644836
1644914
1644994
1645342
1645826
1646596
1646700
1647487
1647994
1648457
1648700
1648977
1649156
1649431
1649850
1650068
1650353
1650444
1650488
1650630
1650635
1651380
1652062
1652386
1652825
1653144
1653342
1653773
1653905
1653921
1653963
1654400
1654500
1654821
1655200
1655653
1655813
1657055
1657131
1657168
1659770
1660262
1660575
1660628
1661115
1661247
1661319
1661568
1662485
1662693
1662729
1663254
1663292
1663474
1663596
1663941
1664574
1664638
1664672
1664674
1664813
1664826
1664928
1665216
1665297
1665504
1665706
1666223
1666608
1666837
1666939
1667085
1667395
1667456
1667457
1667678
1667773
1668016
1668476
1668579
1668977
1669272
1669528
1669836
1669935
1670697
1670962
1671314
1671687
1671709
1671766
1672256
1672408
1672657
1673159
1673213
1674388
1674621
1674710
1674831
1675076
1675189
1675195
1675266
1675547
1675686
1675893
1676137
1676366
1676830
1676999
1677013
1677120
1677137
1677307
1678276
1678454
1678616
1678681
1679186
1679268
1679381
1679428
1679917
1680019
1680045
1680137
1680195
1680204
1680479
1680705
1680805
1680819
1680945
1681173
1681449
1681506
1682000
1682081
1682122
1682721
1682741
1683008
1683511
1683757
1685221
1685373
1685476
1685932
1686132
1686175
1686329
1686414
1686800
1686888
1686940
1687177
1687295
1687527
1687765
1687833
1688226
1689039
1689212
1689426
1689530
1689633
1689767
1689853
1689866
1690343
1691120
1691148
1691935
1692230
1692304
1692743
1692950
1693166
1693311
1694189
1694452
1696034
1696218
1696403
1696484
1696876
1697078
1697214
1697795
1697932
1698319
1698344
1698946
1699029
1699200
1699231
1700177
1700235
1700345
1700697
1700833
1700912
1700942
1701230
1701512
1701641
1702169
1702392
1702574
1702845
1703452
1703733
1704002
1704250
1704900
1705044
1705132
1705857
1705931
1706212
1706700
1707309
1707447
1708293
1708487
1709400
1710476
1710495
1710953
1711212
1712016
1712401
1712566
1712587
1712748
1712803
1713208
1713393
1714083
1714158
1714860
1715517
1715579
1715851
1716476
1716569
1716993
1717146
1717821
1718086
1718380
1718597
1718761
1718887
1718997
1719100
1719123
1719144
1719478
1719541
1720235
1720398
1720968
1721233
1721401
1721804
1722132
1722325
1722536
1722586
1723184
1723197
1723520
1723997
1724722
1725107
1725122
1725290
1725346
1725445
1725596
1725737
1726036
1726895
1726960
1727044
1727131
1727422
1727461
1727498
1727526
1727532
1727668
1727759
1727831
1727919
1728507
1728980
1730623
1730679
1730712
1730856
1731002
1731213
1731316
1731863
1731963
1732238
1732357
1732528
1732554
1732629
1732702
1732955
1733032
1733293
1733328
1733627
1733868
1734257
1734404
1734421
1734643
1734970
1735183
1735807
1736013
1736030
1736349
1736461
1737280
1737460
1737971
1738053
1738272
1738299
1738567
1739213
1740298
1740422
1740711
1741397
1741592
1741680
1741852
1741937
1742171
1742618
1742830
1742981
1742983
1742986
1743344
1743683
1743741
1744150
1744699
1745355
1745659
1746114
1746205
1746278
1746334
1746468
1746608
1746922
1747105
1747332
1747501
1747993
1748033
1748338
1748805
1749082
1749143
1749357
1749386
1749685
1749992
1750101
1750190
1750217
1750368
1750828
1750999
1751241
1751521
1751640
1751982
1752068
1752349
1752456
1752456
1752529
1752771
1752817
1752820
1753893
1754170
1754267
1754359
1754539
1754627
1754744
1755085
1755718
1755816
1755839
1756317
1756538
1756561
1756715
1757376
1757624
1757963
1758197
1758256
1758380
1758979
1759188
1759241
1759619
1760047
1760270
1760487
1760581
1760600
1760760
1761429
1761664
1762364
1762396
1762412
1762713
1762775
1762987
1763135
1763200
1763205
1763268
1763378
1763451
1763971
1764094
1764094
1764411
1765092
1765502
1766017
1766319
1766555
1767203
1768710
1768824
1769050
1769218
1769626
1770452
1771057
1771140
1771209
1771682
1772091
1772110
1772165
1772203
1772401
1772415
1772701
1772893
1773144
1773231
1773351
1773710
1773857
1774470
1774861
1775189
1775716
1775844
1775905
1776057
1776355
1776364
1776596
1777030
1777210
1777364
1777687
1777875
1778078
1778291
1779001
1779130
1779461
1779471
1779853
1780086
1780385
1780682
1780886
1781077
1781434
1781630
1781687
1781739
1782377
1782751
1783194
1783234
1783703
1783998
1784029
1784736
1784772
1784897
1785118
1785262
1785350
1785357
1785360
1785363
1786154
1786196
1787177
1787382
1788401
1788513
1788641
1789078
1789214
1789328
1789384
1789409
1790111
1790847
1790854
1790860
1791217
1791342
1791349
1791586
1791596
1791739
1792128
1792188
1792397
1792545
1792549
1792754
1793091
1793242
1793263
1793341
1793504
1794230
1794418
1794610
1795329
1795705
1795741
1796023
1796178
1796206
1796360
1796647
1796864
1796886
1797862
1798123
1798155
1798496
1798934
1799135
1799290
1799373
1799659
1800063
1800180
1800542
1800951
1800991
1801262
1801639
1801646
1801776
1801945
1802061
1802320
1802346
1802574
1802602
1802923
1803092
1803504
1803626
1803736
1803800
1804130
1804423
1804465
1804575
1804604
1804911
1805030
1805085
1805298
1805310
1805973
1806699
1806719
1807128
1807310
1807443
1807736
1808070
1808265
1808278
1808892
1809295
1809423
1809631
1809662
1809922
1810171
1810463
1810743
1810820
1810957
1811921
1812700
1812911
1813035
1813444
1813924
1813987
1814234
1814787
1814841
1815564
1815733
1815887
1816065
1816160
1816234
1816478
1816609
1816860
1817194
1817741
1817785
1818083
1818350
1818451
1818491
1818610
1818655
1818727
1819082
1819261
1819684
1820243
1820524
1820561
1821021
1821137
1821558
1821584
1821657
1821673
1821757
1822092
1822100
1822108
1822393
1822456
1822629
1822740
1822835
1823644
1823892
1824506
1824790
1825123
1825138
1825188
1825350
1825385
1825566
1825790
1825980
1826494
1826646
1827132
1827313
1827529
1827612
1827876
1828046
1828049
1828132
1828214
1828429
1828546
1828652
1829092
1829236
1829252
1829834
1830300
1830455
1830716
1830940
1831877
1832070
1832086
1832090
1832114
1832188
1832363
1832532
1832577
1833252
1833823
1833887
1834560
1834966
1834983
1835074
1835225
1835804
1835834
1835847
1836036
1836151
1836325
1836344
1836372
1836426
1836765
1836833
1836941
1837086
1837090
1837102
1837474
1837497
1838010
1838294
1838355
1838567
1838691
1838921
1839132
1839423
1839435
1839703
1840288
1840313
1840576
1841154
1841667
1841766
1841877
1841894
1843020
1843133
1843191
1843457
1843593
1843594
1844654
1844857
1845060
1845491
1845570
1846103
1846436
1846452
1846800
1847027
1847615
1847699
1848055
1848264
1849139
1850104
1850230
1850960
1851227
1851518
1851583
1852185
1852355
1852664
1852680
1853227
1853365
1853396
1853437
1853886
1854088
1854139
1854199
1854549
1854571
1854725
1854754
1854955
1855384
1855662
1855743
1855849
1855955
1856175
1856507
1856530
1857229
1858455
1858588
1858685
1858943
1859015
1859076
1859583
1860190
1860268
1860444
1860822
1861152
1861457
1861599
1861631
1861838
1862068
1862075
1862431
1862499
1862541
1862775
1862833
1863095
1863680
1863953
1864010
1864296
1864589
1864700
1864749
1864791
1865418
1865480
1865651
1866183
1867769
1868270
1868449
1868459
1868505
1868623
1868662
1869347
1869664
1869681
1869743
1870190
1870395
1870399
1870529
1870611
1870806
1871007
1871032
1871060
1871115
1871468
1871552
1871973
1872415
1873061
1873905
1873911
1873921
1873932
1873965
1874151
1874448
1874693
1874960
1875021
1875116
1875187
1875325
1875394
1876011
1876278
1876481
1876609
1877302
1877375
1877458
1877580
1877961
1878523
1879105
1879199
1879495
1879876
1880244
1880268
1880356
1880526
1880586
1881311
1881419
1881525
1881681
1882113
1882307
1882314
1882551
1882777
1882818
1882859
1882984
1883132
1883522
1884139
1884587
1884780
1885183
1885271
1885393
1885439
1885824
1886148
1886367
1886400
1886411
1886498
1886552
1886603
1886608
1886770
1886946
1887013
1887308
1887430
1887817
1888190
1888263
1888409
1888558
1888576
1888908
1889026
1889045
1889078
1889168
1889209
1889439
1889628
1889838
1889854
1889946
1890017
1890283
1890549
1890728
1891267
1891531
1891646
1891851
1891906
1892152
1892241
1892571
1892736
1892836
1893357
1893510
1893613
1893795
1894104
1894116
1894237
1894263
1894498
1894532
1894651
1894833
1895071
1895348
1896280
1896440
1896566
1896642
1896782
1897034
1897239
1897566
1897920
1898160
1898200
1898495
1898530
1898790
1899810
1900106
1900194
1900537
1900722
1900978
1900979
1901149
1901266
1901543
1901671
1901822
1901970
1902212
1902314
1902488
1903688
1904074
1904307
1904489
1904872
1904979
1905188
1905189
1905268
1905340
1905378
1905451
1906084
1906137
1906428
1907004
1907214
1907471
1908158
1908493
1908950
1909010
1909228
1909293
1909725
1909816
1909851
1909868
1909972
1910210
1910366
1910783
1911402
1911577
1911957
1912168
1912253
1912328
1912354
1912378
1912435
1912505
1912739
1913003
1913342
1913556
1913623
1913746
1913801
1913812
1913950
1914316
1914327
1914376
1914443
1914902
1915088
1915172
1915576
1916518
1917184
1917436
1917508
1917617
1917995
1918372
1918881
1919237
1919548
1919964
1919990
1920543
1920982
1921165
1921237
1921245
1921456
1921585
1921684
1921771
1921792
1921847
1921860
1921884
1921886
1921895
1922130
1922294
1922773
1922983
1923790
1923987
1924090
1924338
1924793
1925084
1925093
1925131
1925220
1925233
1925387
1925991
1926057
1926212
1926690
1926744
1926823
1926902
1926903
1927208
1927829
1927964
1928136
1928156
1928299
1928378
1928591
1928915
1929002
1929051
1929366
1929443
1929817
1930245
1930263
1930374
1930449
1930505
1930570
1931652
1931804
1932255
1933014
1933410
1933603
1933689
1933734
1933914
1934400
1934677
1934971
1935317
1935569
1935784
1935984
1936071
1936085
1936301
1936536
1936954
1937056
1937410
1937622
1937674
1937724
1937935
1938409
1939039
1939139
1939143
1939227
1939259
1939505
1939786
1939866
1940534
1940707
1940799
1941167
1941186
1942305
1942318
1943192
1943513
1943606
1943895
1944462
1944541
1944643
1944957
1945160
1945853
1946015
1946192
1946235
1946496
1947066
1947226
1947618
1947618
1947697
1947739
1947841
1948001
1948005
1948017
1948226
1948243
1948738
1948758
1948761
1948793
1948849
1948963
1949156
1949219
1949387
1949580
1949765
1949957
1950454
1950487
1950807
1950816
1950912
1951671
1952392
1952615
1952857
1953027
1953224
1953825
1953906
1954124
1954366
1954396
1954821
1955063
1955202
1955286
1955313
1955525
1955539
1955579
1955836
1956020
1956242
1956335
1956339
1956679
1956841
1956963
1957094
1957119
1957299
1957456
1957457
1957595
1957647
1958100
1958806
1959113
1959231
1959294
1959440
1959607
1960167
1960496
1960651
1961034
1961556
1962608
1962735
1963561
1963936
1963994
1964346
1964452
1964709
1964729
1964806
1964839
1964921
1965016
1965206
1965663
1966343
1966648
1966730
1966786
1967018
1967551
1967655
1967959
1968553
1968854
1969317
1972823
1972983
1973073
1973077
1973211
1973370
1973552
1973628
1973866
1974188
1974210
1974706
1975443
1975576
1976011
1976038
1976040
1976480
1976815
1977123
1977199
1977272
1978222
1978722
1978737
1978748
1978947
1979164
1979205
1979544
1979565
1980200
1980480
1980500
1980908
1981387
1982251
1982694
1982809
1983779
1983960
1983991
1984410
1984533
1984578
1984744
1984851
1984950
1985862
1986108
1986319
1986487
1986528
1986606
1987154
1987442
1987580
1987749
1987895
1988076
1988538
1988990
1989028
1989216
1989532
1989732
1989923
1990412
1990746
1990794
1990903
1991002
1991031
1991263
1991299
1991453
1992329
1992374
1993601
1993623
1993889
1993972
1994231
1994824
1995170
1995184
1995213
1995217
1995826
1996158
1996308
1996866
1996935
1997850
1998007
1998383
1998440
1998755
1998919
1999009
1999127
1999373
1999520
1999624
1999673
1999944
2000112
2000749
2000864
2000904
2000974
2000999
2001133
2001464
2001531
2001718
2002302
2002585
2002872
2002937
2003311
2003530
2003852
2004296
2004320
2004356
2004439
2004536
2004640
2005205
2005352
2005390
2005651
2005736
2005999
2006141
2006246
2006472
2006474
2006531
2006642
2007005
2007452
2007595
2008403
2008512
2008838
2008872
2009710
2010219
2011091
2011217
2011225
2011303
2011503
2011832
2011869
2012060
2012107
2012125
2012573
2013412
2013667
2013767
2013772
2013781
2014725
2014745
2014900
2015121
2015362
2015739
2016076
2016157
2016170
2016353
2016396
2016768
2016805
2016874
2016951
2017194
2017428
2017633
2017754
2017773
2017800
2017873
2018138
2018331
2018395
2018956
2019218
2019234
2019282
2019392
2019424
2019532
2019555
2019998
2020398
2020398
2020551
2021233
2021265
2021754
2021997
2022356
2022527
2022676
2023727
2024285
2024447
2024593
2024662
2024693
2024741
2025147
2025231
2025477
2025787
2026042
2026086
2026229
2026464
2026617
2026701
2027018
2027449
2027634
2028627
2028656
2028765
2028995
2029004
2029297
2029918
2030710
2030965
2031343
2031509
2031535
2031624
2031816
2032062
2032266
2032807
2033178
2033228
2033569
2033680
2034216
2034508
2034805
2034892
2034950
2034958
2035409
2036316
2036509
2038276
2038844
2038896
2039105
2039132
2039182
2039191
2039456
2039555
2039617
2040305
2040306
2040710
2040873
2041067
2041087
2041266
2041294
2041433
2041832
2041891
2041896
2042044
2042214
2042889
2042914
2042923
2043185
2043194
2043664
2043679
2043855
2044155
2044168
2044180
2044583
2045150
2046173
2046222
2046804
2047176
2047238
2047436
2047493
2047672
2047808
2047975
2048400
2048535
2048553
2048905
2048950
2049792
2050003
2050200
2050731
2050778
2050813
2051590
2051826
2052001
2052614
2052648
2053054
2053062
2053477
2053970
2054083
2054304
2054498
2054855
2055805
2056076
2056226
2056267
2056400
2056939
2057101
2057188
2057494
2057986
2058015
2058266
2058289
2058924
2059038
2059221
2059435
2059765
2059769
2060075
2060248
2061019
2061110
2061307
2061508
2061594
2061984
2062603
2062795
2062811
2062847
2062852
2062934
2062945
2063695
2064192
2064297
2064446
2064622
2064841
2066008
2066272
2066825
2067458
2067645
2067826
2068104
2068921
2069138
2069483
2070153
2070646
2070856
2071017
2071084
2071144
2071274
2071483
2071711
2072067
2072352
2072432
2072703
2072797
2072951
2073030
2073463
2073711
2073918
2073987
2074366
2074389
2074484
2074506
2074727
2075109
2075206
2075760
2075797
2076436
2076574
2076650
2076817
2076923
2077888
2078378
2078740
2079412
2079461
2079776
2080233
2080377
2080420
2080470
2080739
2080804
2081187
2081303
2081517
2081611
2081663
2081731
2081921
2082476
2082613
2083043
2083164
2083189
2083203
2083999
2084444
2084609
2084798
2084841
2085056
2085108
2085252
2085312
2085375
2085808
2086154
2086272
2086668
2086808
2086953
2086989
2087101
2087146
2087357
2087555
2087643
2087903
2088503
2088538
2088976
2089094
2089283
2089986
2090023
2090539
2090787
2091068
2091122
2091390
2091450
2091756
2091818
2092179
2092462
2092903
2093352
2093609
2093659
2094946
2095723
2095762
2095966
2096838
2096863
2097747
2097865
2098241
2098759
2098864
2099391
2099744
2099931
2100328
2100542
2100811
2101336
2101762
2101784
2101829
2102147
2102240
2102269
2102711
2102716
2103147
2103166
2103587
2103615
2104278
2104639
2104920
2104978
2104987
2105458
2105555
2105604
2106126
2106776
2106888
2107048
2107159
2107236
2107255
2107530
2108222
2109428
2109554
2109664
2110213
2110269
2110403
2110713
2110777
2110863
2111044
2111278
2111339
2111400
2111423
2111637
2111757
2112704
2113030
2113126
2113375
2114186
2114316
2115150
2115306
2115998
2116615
2116756
2116841
2117367
2117378
2117523
2118478
2118707
2118947
2119169
2119239
2119461
2119613
2119868
2119904
2120008
2120018
2120054
2120493
2120859
2120996
2121027
2121383
2121818
2122037
2122204
2122363
2122611
2122897
2122939
2122957
2123046
2123142
2123495
2123601
2123674
2123714
2123938
2124358
2124553
2124640
2124738
2124868
2125948
2126059
2126183
2127042
2127353
2127444
2127573
2127784
2127850
2128143
2128216
2128719
2128854
2128868
2129019
2129180
2129212
2129751
2129777
2129837
2130120
2130298
2130303
2130421
2131022
2131118
2131360
2132242
2133136
2133190
2133256
2133590
2134289
2134627
2134664
2134995
2135152
2135287
2135391
2135967
2136124
2136257
2136331
2136380
2136452
2136494
2136602
2137061
2137419
2137582
2137590
2137645
2137788
2137958
2138031
2138284
2138414
2138603
2138728
2138821
2138991
2139028
2139535
2140471
2141092
2141181
2141380
2142307
2142339
2142547
2142899
2142915
2143122
2143183
2143247
2143380
2143638
2143647
2144118
2145053
2145122
2145177
2145207
2145469
2145966
2146031
2146047
2146114
2146175
2146205
2147326
2147416
2147649
2148048
2148175
2148670
2148994
2149238
2149292
2149451
2149710
2149739
2149815
2149931
2150546
2150689
2151200
2151221
2151269
2151526
2151795
2152071
2152572
2152618
2152773
2153106
2153367
2153449
2153533
2153871
2153897
2154546
2154565
2154652
2155269
2155330
2155808
2155921
2155984
2155994
2156133
2156170
2156262
2156616
2157195
2157384
2157651
2157669
2157872
2158404
2158746
2158863
2158988
2159435
2159747
2160575
2160744
2160818
2160842
2161698
2161727
2161791
2161886
2162122
2162399
2162701
2162776
2163839
2163992
2164171
2164466
2164661
2165191
2165229
2165248
2165499
2165586
2165629
2165823
2166391
2166618
2166945
2167146
2167430
2167500
2167836
2168021
2168132
2168229
2168607
2168825
2168922
2169062
2169157
2169588
2169756
2169949
2170105
2170769
2170803
2170835
2171118
2171156
2171188
2171364
2171638
2171917
2172106
2172478
2173129
2174270
2174437
2175226
2175413
2175556
2176214
2176234
2176291
2176489
2176879
2176943
2177195
2177522
2177918
2178380
2178845
2178934
2179219
2179710
2179899
2179935
2180189
2180302
2180352
2180460
2180477
2180629
2181110
2181395
2181457
2181672
2181897
2182094
2182182
2182434
2183869
2184066
2184256
2184427
2184522
2184887
2185299
2185623
2185790
2185978
2186016
2186104
2186288
2186858
2186865
2186932
2186937
2187143
2187548
2187576
2187585
2188607
2188978
2189121
2189217
2189864
2189885
2190119
2190493
2190500
2190540
2190839
2190999
2191050
2191125
2191274
2191650
2192323
2192663
2192934
2192950
2193059
2193246
2193297
2193668
2193921
2194090
2194132
2194676
2194682
2195201
2195375
2195409
2195579
2195949
2195975
2196074
2196187
2196360
2196693
2197045
2197489
2197554
2197804
2197851
2198188
2198309
2198513
2198634
2198677
2198710
2199632
2199873
2199890
2199983
2200138
2200661
2200986
2201138
2201213
2201697
2202523
2202567
2202695
2202971
2202999
2203172
2203357
2204061
2204079
2204289
2204414
2204787
2205091
2205317
2205351
2205652
2206169
2206249
2206396
2206694
2206836
2207002
2207034
2208053
2208295
2209073
2209110
2209274
2209720
2209725
2209784
2209818
2209824
2209856
2210460
2210734
2211151
2211193
2211234
2211700
2211972
2212062
2212381
2212715
2213393
2213779
2213844
2214099
2214280
2214815
2214846
2214938
2215136
2215367
2215557
2215767
2215991
2216395
2216431
2216488
2216622
2216909
2217035
2217156
2217319
2217411
2217813
2218049
2218080
2219279
2219668
2219917
2219956
2220396
2220496
2220938
2221007
2221290
2221308
2221694
2221785
2221852
2221907
2222736
2222839
2222890
2223725
2223734
2223762
2223944
2224714
2224910
2225889
2226068
2226622
2227216
2227483
2227738
2229712
2229976
2230100
2230245
2230709
2230847
2230889
2231328
2231511
2231639
2231643
2231989
2232078
2232097
2232194
2232214
2232249
2232261
2232347
2232923
2232967
2233029
2233502
2233665
2233817
2234152
2234531
2235245
2235822
2236118
2236404
2236670
2237220
2237265
2237599
2237873
2237881
2238287
2238332
2238632
2238698
2238837
2238845
2239257
2239358
2239865
2239918
2239947
2240192
2240267
2240437
2240510
2240811
2242275
2242859
2242927
2243013
2243321
2243382
2243811
2244237
2244308
2244370
2244791
2245097
2245143
2245366
2245547
2245889
2246329
2246638
2246857
2247462
2248221
2248442
2248519
2248576
2249595
2249631
2249837
2249938
2250107
2250182
2250906
2251198
2251346
2251379
2253180
2253254
2253387
2253423
2253454
2253631
2253873
2253998
2254070
2254526
2254546
2254601
2254939
2255105
2255247
2255408
2256235
2256367
2256522
2256526
2256650
2256707
2256767
2256999
2257186
2257521
2257624
2258130
2258621
2258771
2258843
2258990
2259313
2259356
2260061
2260096
2260584
2260976
2261162
2261166
2261459
2261536
2261941
2262082
2262237
2262294
2262510
2262585
2262656
2263126
2263248
2263278
2263614
2263953
2264204
2264291
2265096
2265155
2265385
2265595
2265671
2265770
2265968
2266217
2266761
2266806
2266954
2267030
2267042
2267264
2267527
2267954
2268063
2268792
2268918
2268940
2268949
2269070
2269394
2269971
2269978
2270053
2270224
2270592
2270643
2270764
2271093
2271664
2271685
2272097
2272217
2272310
2272858
2273426
2273553
2273814
2274097
2274195
2274495
2274512
2274650
2275133
2275367
2275722
2275911
2276071
2276174
2276586
2276734
2276933
2277123
2277231
2277270
2277276
2277341
2277686
2278245
2278311
2278470
2278687
2278755
2279042
2279106
2279164
2279403
2279670
2279803
2279960
2280589
2281028
2281069
2281788
2281898
2282148
2282238
2282263
2282923
2283403
2283435
2283831
2284805
2285295
2285503
2285751
2286028
2286150
2286318
2286443
2286624
2286633
2286709
2286903
2287393
2287416
2287518
2287591
2288495
2288502
2288557
2288776
2288881
2289756
2289933
2290352
2290672
2291671
2291852
2291866
2291880
2292283
2292908
2293071
2293334
2293370
2293501
2293572
2293616
2294170
2294455
2294964
2295632
2295643
2295810
2296464
2296632
2296643
2296701
2297052
2297061
2297501
2297675
2298814
2298996
2299348
2299696
2299962
2300177
2300387
2300537
2300761
2300926
2300970
2301218
2301549
2302373
2303289
2303584
2303850
2303887
2303920
2304024
2304657
2304856
2305087
2305117
2305202
2305325
2305501
2306425
2306558
2306766
2307728
2308059
2308154
2308817
2308985
2309016
2309143
2309342
2309500
2309526
2309719
2309874
2310162
2310351
2310577
2310872
2310876
2311080
2311120
2311807
2311842
2311858
2312101
2312610
2313087
2313479
2313984
2314087
2314464
2314499
2314516
2314530
2314784
2314812
2315040
2315203
2315369
2315575
2315777
2315845
2315886
2316082
2316609
2316944
2317412
2317984
2318398
2318706
2319074
2319195
2319211
2319393
2320050
2320142
2320722
2320838
2321129
2321410
2321518
2321743
2322082
2322192
2322515
2322568
2322595
2323252
2323647
2323903
2324040
2324142
2324636
2324752
2325456
2325490
2325606
2325845
2325953
2326101
2326246
2327211
2327376
2327547
2327825
2329068
2329236
2329315
2329358
2329452
2329877
2329934
2329979
2330065
2330184
2330250
2330448
2330525
2330646
2330846
2330889
2330926
2331162
2331620
2331892
2331961
2332674
2332741
2332842
2333225
2333594
2333891
2334002
2334174
2334227
2334385
2334391
2334761
2334824
2335483
2335540
2335561
2335827
2335873
2336557
2337359
2337606
2337636
2337797
2337908
2338014
2338372
2338467
2338485
2338589
2339069
2339623
2339763
2340036
2340368
2340378
2340792
2340815
2341453
2341503
2342155
2342570
2342583
2342899
2342946
2343264
2343435
2343584
2344624
2344717
2344724
2344757
2344882
2345030
2346786
2346878
2347125
2347171
2347227
2347373
2347553
2347756
2347820
2348236
2348549
2348649
2349376
2349779
2350572
2350622
2350643
2351123
2351315
2351389
2351400
2351608
2351965
2352111
2352307
2352465
2352518
2352702
2353085
2353137
2353257
2353562
2353624
2353930
2354063
2354372
2354378
2354933
2355217
2355391
2355927
2355959
2356069
2357536
2357663
2357782
2358299
2358976
2359153
2359230
2359350
2359815
2360031
2360772
2361743
2361923
2361959
2362154
2362211
2362695
2363123
2363214
2363933
2364155
2364364
2364436
2364656
2364662
2364828
2364864
2365138
2365141
2365542
2365574
2365583
2366065
2366293
2366511
2367029
2367183
2367398
2367743
2367932
2368046
2368534
2368575
2368648
2369514
2370453
2370736
2370879
2370889
2371333
2371904
2372189
2372400
2372551
2372698
2372972
2373265
2373441
2373706
2373854
2373867
2374074
2374402
2374812
2375077
2375094
2375253
2375795
2375796
2375824
2376281
2376711
2376766
2377002
2377103
2377468
2377711
2377735
2378042
2378051
2378150
2378262
2378747
2379047
2379263
2379423
2379908
2380136
2380980
2381230
2381239
2381436
2381472
2381477
2381606
2382132
2382883
2383388
2383546
2383940
2384792
2385242
2385313
2385516
2385698
2385811
2386451
2386663
2386791
2386814
2387205
2387349
2388491
2388971
2390108
2390286
2391025
2391379
2391738
2392148
2392319
2393258
2393312
2393645
2394066
2394800
2395234
2395380
2395430
2395873
2396268
2397338
2397371
2397463
2397609
2398185
2398438
2398441
2398498
2398579
2398943
2399739
2399848
2399958
2400078
2400400
2400834
2401271
2401671
2402836
2403288
2403356
2403663
2403861
2403916
2404228
2404255
2404487
2404581
2404774
2405078
2405237
2405629
2405779
2405817
2406053
2406115
2406586
2407375
2407432
2407453
2407570
2407798
2408182
2408346
2408578
2408818
2408955
2409139
2409361
2409753
2410074
2410189
2410208
2410629
2410670
2411209
2411377
2411457
2411571
2412046
2412176
2412399
2412523
2412858
2413022
2413254
2413362
2413726
2413884
2414013
2414015
2414460
2414504
2414783
2415403
2415406
2415724
2415816
2415911
2416188
2416317
2416893
2417191
2417231
2417238
2418297
2418493
2418696
2418814
2419009
2419160
2419193
2419420
2419427
2419491
2419735
2420005
2420061
2420108
2420170
2420573
2420617
2420918
2421210
2421308
2421680
2422052
2422545
2423081
2423183
2423577
2423898
2424501
2424846
2424900
2425059
2425278
2425439
2425464
2425477
2425524
2425685
2425756
2425923
2425928
2427033
2427090
2427108
2427128
2427197
2427877
2428169
2428275
2429018
2429025
2429358
2429461
2429747
2429976
2430252
2430279
2430371
2430541
2430739
2431149
2431743
2431895
2431933
2432283
2432940
2433118
2433259
2433335
2433423
2433474
2433596
2434070
2434138
2434228
2435105
2435697
2435923
2436182
2436301
2437491
2437508
2437531
2437826
2438345
2438408
2438823
2438974
2439007
2439051
2439056
2439702
2440180
2440299
2440382
2440474
2440580
2441220
2441579
2441905
2442309
2442594
2442865
2442944
2443515
2443744
2443967
2443978
2444013
2444589
2444992
2445056
2445159
2445291
2445656
2446375
2446493
2446677
2446892
2447149
2447219
2447238
2448514
2448771
2448813
2449299
2449535
2449958
2449991
2450003
2450069
2450726
2450747
2451004
2451412
2451429
2452214
2452220
2452233
2452594
2452853
2453164
2453794
2453882
2454483
2454718
2454823
2454956
2455253
2455775
2456508
2456984
2457165
2458117
2458141
2458285
2458304
2458466
2459427
2459436
2459477
2459849
2460523
2460545
2460841
2460958
2461036
2461163
2461267
2461509
2461980
2462358
2462562
2462719
2463052
2463085
2463242
2463284
2463437
2463474
2463833
2463999
2464264
2464673
2464786
2464906
2465011
2465119
2465331
2465440
2465585
2465784
2466620
2467132
2467168
2467251
2467366
2467374
2467476
2468026
2468070
2468187
2468262
2468275
2468287
2468373
2468602
2469102
2469125
2469245
2469512
2469607
2469743
2469759
2470014
2470220
2470353
2470372
2471258
2471711
2471783
2471806
2472334
2472549
2472790
2472806
2473158
2473261
2473350
2473388
2473662
2474152
2474740
2475158
2475208
2475573
2475656
2476058
2476259
2476836
2476854
2477092
2477431
2477514
2477887
2477908
2478213
2478309
2478351
2478677
2478838
2479186
2479643
2479754
2479802
2479826
2479900
2480422
2480465
2480714
2481531
2481610
2482048
2482583
2482657
2482683
2482853
2483303
2483306
2483504
2483729
2484202
2484635
2484720
2484842
2484852
2485263
2485275
2485364
2486420
2486488
2487009
2487275
2487423
2487451
2487556
2487903
2487945
2487956
2488231
2488628
2488696
2489174
2489311
2489501
2489584
2489587
2489622
2489880
2489913
2489922
2489951
2490328
2490498
2490536
2490912
2490920
2491046
2491521
2491782
2491826
2491852
2492054
2492092
2492221
2492295
2492516
2492620
2493162
2493181
2493566
2494638
2494703
2494841
2495097
2495142
2495154
2495631
2495746
2495924
2496279
2496329
2496385
2496424
2496476
2496706
2496935
2497259
2497421
2497510
2497558
2498270
2498686
2498854
2499039
2499382
2499523
2499652
2499758
2500036
2500165
2500540
2500789
2500825
2500910
2501063
2501350
2501968
2502697
2503319
2503409
2503875
2504023
2504423
2504487
2504695
2504791
2505145
2505191
2505729
2505988
2505999
2506008
2506051
2506088
2506190
2507086
2507120
2507154
2507228
2507250
2507843
2508789
2508879
2509527
2509573
2509979
2510167
2510755
2510809
2510853
2511069
2511237
2511417
2511946
2512032
2512167
2512586
2512819
2513023
2513111
2513245
2513472
2513531
2513705
2514066
2514562
2514772
2515072
2515095
2515365
2515596
2515715
2515800
2516059
2516982
2517437
2517454
2517526
2518006
2518210
2518445
2518831
2518968
2519128
2519541
2519558
2519627
2519692
2520525
2520603
2520699
2521062
2521153
2521292
2521451
2521520
2521909
2522195
2522588
2522794
2522872
2522880
2523405
2523460
2523592
2524115
2524117
2524559
2524790
2524936
2525313
2525547
2526161
2526316
2526394
2526544
2526546
2526711
2526751
2527016
2527159
2527182
2527549
2527611
2527821
2527921
2528096
2528152
2528364
2528624
2529540
2529671
2529719
2529846
2530604
2530649
2531237
2531775
2532172
2532305
2532473
2532619
2532630
2533034
2533170
2533424
2533584
2533604
2533756
2533902
2534085
2534257
2534351
2534381
2534464
2534615
2534915
2535372
2535533
2535569
2535588
2536075
2536390
2536635
2536747
2536810
2537012
2537136
2537148
2537246
2537380
2537437
2537755
2538461
2538809
2538892
2538955
2539311
2539527
2539530
2539924
2540587
2541510
2541523
2541548
2541595
2541623
2542619
2542763
2543172
2543221
2543337
2543856
2543891
2543948
2544216
2544383
2545134
2546554
2546809
2547176
2547559
2547707
2548961
2549026
2549357
2549583
2549646
2550036
2550269
2550507
2550555
2550576
2550597
2550756
2551183
2551698
2551766
2553283
2553440
2553780
2553824
2553926
2553929
2553995
2554015
2554055
2554151
2554891
2555433
2555985
2556253
2556648
2556660
2556955
2557309
2557512
2557945
2558030
2558344
2558695
2558789
2558998
2559146
2559257
2560071
2560095
2560694
2560764
2560885
2561753
2562196
2562200
2562404
2562975
2563376
2563651
2564449
2564944
2564999
2565025
2565477
2565516
2565703
2566482
2566560
2566690
2566947
2567038
2568120
2568879
2569127
2569474
2569617
2569673
2570345
2570356
2570561
2570841
2570926
2570937
2571230
2571549
2572031
2573041
2573081
2573284
2573432
2573627
2573921
2574017
2574529
2574967
2575082
2575213
2575274
2575419
2575930
2576628
2576832
2577065
2577216
2577531
2577554
2577892
2578026
2578664
2578938
2579284
2579388
2579897
2580015
2580319
2581103
2581156
2581483
2582174
2582347
2582366
2582545
2582563
2582634
2582687
2583327
2583499
2583935
2584068
2584377
2584807
2585033
2585869
2586010
2586035
2586409
2586609
2586726
2587060
2587335
2587509
2587509
2588557
2588689
2588980
2589026
2589359
2589731
2589773
2589818
2589955
2589975
2590663
2590665
2590785
2591192
2591197
2591239
2591403
2591426
2591588
2591789
2591878
2592301
2592693
2592867
2592959
2593163
2593277
2593461
2593658
2593757
2593891
2593970
2594133
2594444
2594451
2594457
2594662
2594803
2595092
2595207
2595417
2595695
2595829
2595984
2596192
2596441
2596451
2596935
2597079
2597381
2597590
2599124
2599218
2600070
2600186
2600262
2600543
2600668
2600837
2601969
2602360
2603144
2603291
2603878
2603907
2603984
2604023
2604216
2604530
2605029
2605292
2605575
2605644
2605947
2606124
2606657
2606711
2606796
2606831
2606900
2607116
2607401
2608129
2608957
2610158
2610232
2610297
2610314
2611204
2611822
2611863
2612087
2612180
2612479
2613174
2613265
2613337
2613341
2613476
2613862
2613894
2614242
2614283
2614323
2614793
2615076
2615124
2615326
2615503
2615574
2615722
2615783
2615880
2615907
2615924
2615949
2615960
2615997
2616080
2616383
2617007
2617090
2617170
2617276
2617453
2617489
2617516
2617547
2617589
2617813
2617916
2618153
2618947
2619447
2619682
2619754
2619792
2619823
2619860
2619916
2620086
2620389
2620976
2621042
2621416
2621521
2621821
2621881
2622348
2622364
2622418
2622485
2622707
2622855
2622896
2623380
2623385
2623433
2623767
2623965
2624253
2624278
2624421
2624529
2624616
2624885
2625291
2625496
2625775
2626221
2626349
2626500
2626555
2626995
2627482
2627924
2627931
2628396
2628716
2628875
2629565
2629789
2630114
2630289
2630291
2630436
2631263
2631305
2631318
2631670
2631959
2632401
2632441
2632542
2632659
2632976
2633113
2633176
2633418
2633979
2634475
2634629
2634944
2634996
2635043
2635136
2635629
2636067
2636466
2636528
2636813
2637071
2637714
2637849
2639170
2639251
2639515
2639779
2640052
2640412
2640509
2640852
2640965
2640969
2641350
2641529
2642171
2642369
2642540
2642970
2643070
2643532
2643584
2643637
2643995
2644063
2644241
2644307
2644636
2644704
2645100
2645245
2646201
2646223
2646241
2646267
2646375
2646506
2646880
2646962
2647006
2647404
2647442
2647576
2648156
2648319
2648367
2648377
2648441
2648509
2648559
2648603
2649399
2649459
2649651
2649691
2649815
2649817
2649900
2650020
2650044
2650083
2650137
2650354
2650464
2650834
2650845
2651011
2651054
2651076
2651342
2651534
2651718
2651864
2651961
2651998
2652330
2652364
2653030
2653982
2654035
2654107
2654223
2654477
2655199
2655769
2655817
2655978
2656039
2656462
2656807
2656966
2656971
2657707
2657828
2658122
2658213
2658562
2658603
2658848
2658856
2659098
2659576
2659858
2660075
2660098
2660381
2660666
2660763
2660799
2660831
2661103
2661167
2661325
2661355
2661785
2662018
2662035
2662540
2662763
2663556
2663809
2663866
2664037
2664831
2666065
2666477
2666776
2667403
2667671
2667754
2667787
2668596
2668725
2669301
2669574
2670195
2670391
2670573
2670747
2670764
2671008
2671284
2671425
2671535
2671655
2671725
2671753
2671767
2672068
2672109
2672607
2672794
2672831
2672906
2672987
2673046
2674309
2674414
2674559
2674600
2674631
2674855
2674863
2675156
2675268
2675705
2675847
2675887
2676037
2676160
2676420
2676550
2676633
2676886
2676917
2677101
2677287
2678071
2678455
2678693
2679091
2679378
2679801
2680306
2680319
2680401
2680668
2680738
2680739
2680904
2680946
2681377
2681667
2681677
2682099
2682270
2682589
2682601
2683194
2683951
2684273
2684382
2684388
2684432
2684508
2684543
2684802
2685162
2685698
2686005
2686107
2686138
2686263
2686266
2686388
2686766
2686873
2687052
2687090
2687100
2687130
2687919
2688112
2688134
2688490
2688746
2688853
2689152
2689446
2689501
2689885
2690264
2690273
2690318
2690446
2690553
2690588
2690739
2690927
2691261
2691514
2691779
2691939
2691957
2692178
2692586
2693136
2693286
2693470
2693643
2693664
2693767
2694043
2694185
2694289
2694869
2695251
2695958
2696092
2696519
2696535
2696681
2697609
2697634
2698334
2698340
2698688
2698756
2698929
2699072
2699090
2699440
2699453
2699612
2699762
2699793
2700093
2700310
2700950
2701087
2701475
2701607
2701822
2701858
2701878
2702084
2702100
2702345
2702736
2702883
2703143
2703191
2703232
2703424
2703483
2703587
2703725
2703956
2704000
2704517
2704821
2706118
2706331
2706528
2706596
2706645
2706865
2707011
2707590
2707704
2707713
2707715
2707750
2707928
2708232
2708306
2708344
2708518
2708665
2709527
2709779
2710087
2710119
2710731
2710873
2710892
2711011
2711190
2711463
2711554
2711974
2712125
2712233
2712284
2712374
2712992
2713107
2713483
2713633
2713959
2714014
2714145
2714196
2714200
2714228
2714561
2714762
2715043
2715304
2715374
2715809
2715875
2716174
2716313
2716613
2716661
2716847
2717079
2717567
2717582
2717950
2718047
2718226
2718227
2718270
2718497
2718930
2719010
2719140
2719702
2719755
2720119
2720230
2720332
2720340
2720444
2720497
2720551
2720617
2721130
2721387
2721651
2721894
2721996
2722308
2723076
2723127
2723511
2724049
2724094
2725030
2725063
2725394
2725803
2725961
2726007
2726102
2726565
2726710
2726992
2727009
2727447
2728059
2728103
2728427
2728535
2728656
2728717
2728730
2728764
2729108
2729626
2729644
2729664
2730301
2730480
2730640
2730904
2731572
2732009
2732026
2732696
2733797
2733801
2734123
2734189
2734626
2734973
2735471
2735897
2736140
2736652
2737234
2737609
2737726
2738124
2738125
2738225
2739348
2739401
2739436
2739563
2739724
2739932
2740027
2740155
2740791
2741180
2741416
2741474
2741672
2741790
2741795
2741988
2742312
2744015
2744571
2744889
2744969
2745043
2745122
2745495
2745602
2745707
2745880
2746135
2746374
2746375
2746432
2746547
2746766
2746877
2747098
2747113
2747412
2747567
2747650
2747681
2748136
2748170
2748866
2748977
2749122
2749396
2750003
2750102
2750131
2750684
2750692
2750808
2750950
2751124
2751531
2751727
2752450
2752516
2752580
2752712
2753011
2753465
2753610
2753630
2753679
2753697
2754134
2754255
2754263
2754314
2754656
2754692
2755419
2755471
2755667
2756422
2756518
2757164
2758026
2758067
2758295
2758316
2758696
2759150
2759419
2759646
2759700
2760108
2760555
2760759
2761083
2761084
2761125
2761821
2762117
2762231
2762373
2762415
2762578
2762610
2762754
2763134
2763241
2763616
2763632
2763633
2763699
2763755
2764609
2764623
2764821
2765610
2765705
2765846
2766119
2766834
2766838
2766877
2766978
2767449
2767947
2768440
2768795
2769037
2769133
2769511
2769559
2769657
2769705
2769784
2769836
2770209
2770309
2770681
2770726
2771085
2771141
2771303
2771782
2772383
2772537
2772937
2773167
2773179
2773744
2773804
2774008
2774113
2774179
2774435
2774690
2774794
2775091
2775688
2776195
2776282
2776399
2776514
2776793
2776841
2776932
2777116
2777529
2777632
2777696
2777773
2777886
2777997
2778083
2778086
2778196
2778484
2778610
2778793
2778827
2779167
2779347
2779526
2779648
2779814
2779947
2780017
2780140
2780521
2780547
2780583
2780989
2781121
2782035
2782314
2782628
2782879
2782973
2783236
2783745
2784224
2784667
2785039
2785369
2785567
2786074
2786225
2786280
2786628
2786703
2786762
2787247
2787606
2787663
2787829
2787991
2788133
2788240
2788438
2788450
2788563
2789327
2789932
2791493
2791539
2791863
2792172
2793437
2793501
2793516
2793565
2793667
2793871
2793966
2794128
2794750
2794826
2795433
2796118
2796256
2796393
2796414
2796820
2797539
2797894
2798352
2798880
2799054
2799699
2799728
2800234
2800840
2801045
2801238
2801524
2801567
2801838
2801932
2802034
2802072
2802373
2802699
2802998
2803025
2803358
2803459
2804016
2804043
2804115
2804407
2804563
2804935
2804983
2805066
2805156
2805171
2806197
2806542
2806629
2806894
2807049
2807239
2807283
2807335
2807801
2807899
2808142
2808214
2809012
2809633
2809766
2810243
2810397
2810568
2811083
2811084
2811384
2811397
2811814
2811820
2811848
2812143
2812378
2812861
2813555
2814365
2814750
2815156
2815368
2815615
2816182
2816516
2816622
2817109
2817285
2817366
2817585
2817669
2817721
2818289
2818827
2818945
2819409
2819572
2820169
2820204
2821564
2821760
2821827
2822022
2822209
2822583
2823213
2823258
2823317
2823411
2823924
2824189
2824942
2825203
2825827
2826028
2826213
2826274
2826541
2826798
2826900
2826940
2827109
2827160
2827162
2827324
2827491
2827585
2828065
2828644
2828714
2828985
2829007
2829110
2829282
2829499
2829620
2829833
2829893
2829931
2830169
2830374
2830696
2830957
2831232
2831691
2831789
2831809
2832035
2832081
2832848
2833075
2833150
2833727
2834266
2834827
2834987
2835112
2835273
2835682
2836116
2837111
2838470
2838729
2838905
2838944
2839221
2839799
2840265
2840641
2840803
2841094
2841102
2841276
2841310
2841768
2841813
2841872
2842017
2842365
2842616
2843675
2843780
2844027
2844221
2844600
2844601
2845177
2845588
2846286
2846568
2846591
2847143
2847162
2847407
2847701
2847884
2848175
2848423
2848927
2849001
2849241
2850279
2850380
2850471
2850674
2850951
2851031
2851059
2851243
2851375
2851418
2851714
2851949
2852386
2852645
2852719
2853222
2853277
2853323
2853855
2853891
2853985
2854940
2855046
2855187
2855318
2855446
2855638
2855674
2855961
2856287
2856568
2856611
2856627
2856652
2856997
2857478
2857480
2857572
2857588
2857945
2858513
2858649
2858724
2858899
2859004
2859357
2859384
2859427
2859599
2860121
2860371
2860829
2861035
2861280
2861625
2862164
2862295
2862768
2862772
2863104
2863497
2863498
2863502
2864153
2864594
2865004
2865923
2865960
2866099
2866346
2866466
2866510
2866578
2866748
2867283
2867404
2867680
2867699
2867821
2867993
2868015
2868116
2869088
2869156
2869411
2869576
2869870
2869968
2870150
2870235
2870417
2871404
2871513
2871843
2872170
2872275
2872608
2872686
2872897
2873153
2873224
2873250
2873285
2873388
2873431
2873683
2873714
2873785
2873981
2874490
2874647
2874706
2874774
2874845
2875161
2875181
2875330
2875487
2875494
2875573
2875833
2875919
2875970
2876060
2876150
2876322
2876758
2877119
2877568
2877746
2877981
2878283
2879070
2879171
2879474
2879513
2879529
2879660
2879689
2879938
2879963
2880475
2880887
2881093
2881423
2881484
2881500
2881756
2882304
2882830
2883186
2883500
2885082
2885095
2885588
2885627
2885839
2886717
2886801
2886821
2887142
2887156
2887334
2888428
2888690
2888787
2889880
2889994
2890252
2890446
2890530
2890557
2890769
2890953
2891023
2891249
2891270
2891559
2891801
2892069
2892078
2892085
2892270
2892403
2892435
2892500
2892645
2892670
2893151
2893196
2893282
2893523
2893998
2894286
2894360
2894435
2894565
2894587
2894847
2895214
2895385
2895945
2896003
2896035
2896411
2896762
2897068
2897203
2897300
2897304
2897925
2898173
2898908
2899401
2899558
2899968
2900772
2901083
2901192
2901203
2901376
2901770
2902541
2902881
2902978
2903417
2903722
2903939
2904272
2904440
2904487
2904548
2904720
2904769
2905144
2905287
2905625
2907143
2907171
2907436
2907675
2907943
2908113
2908441
2908948
2909376
2909437
2909457
2909966
2910154
2910594
2910799
2911017
2911114
2911421
2912271
2912906
2912982
2914177
2914330
2914715
2914895
2915050
2915058
2915300
2915464
2915470
2915493
2915521
2915544
2915793
2916085
2916118
2916175
2916258
2916863
2917412
2917818
2918461
2918822
2918844
2918848
2919587
2919591
2919738
2919743
2919851
2920902
2921295
2922033
2922294
2922570
2923429
2923583
2923889
2924425
2924689
2925270
2925344
2925586
2925727
2925904
2925999
2926075
2926080
2926525
2926561
2926766
2926767
2927011
2927038
2927452
2927792
2928061
2928314
2929157
2929328
2929538
2929627
2929638
2929649
2929746
2929938
2930307
2930774
2931174
2931245
2931316
2931342
2932706
2933040
2933082
2933528
2933682
2933685
2933778
2934131
2934545
2934866
2935334
2935391
2935441
2935771
2936176
2936475
2936493
2936651
2936823
2938030
2938307
2938809
2938929
2939059
2939158
2939220
2939229
2939534
2939560
2939690
2939901
2939956
2940818
2941094
2941501
2941877
2941930
2942373
2942498
2942665
2942676
2943249
2943530
2943604
2944266
2944387
2944548
2944825
2944893
2944981
2945722
2945771
2946411
2946729
2947091
2947177
2947190
2947961
2947962
2948104
2948112
2948757
2948815
2949242
2949404
2949579
2949581
2950221
2950248
2951235
2951262
2951438
2951438
2951478
2951564
2952230
2952462
2952476
2952546
2952876
2953226
2953668
2953697
2953835
2954382
2954442
2954905
2954927
2955243
2955365
2955400
2955745
2955746
2955819
2956346
2956370
2956643
2956907
2957319
2957391
2957539
2957566
2957745
2957939
2957971
2958164
2958520
2958764
2959455
2959523
2960343
2960504
2961160
2961491
2961752
2961881
2962011
2962115
2962570
2962972
2963232
2963300
2963533
2963657
2963719
2963797
2963904
2963915
2964059
2964478
2964482
2964755
2965277
2965772
2965989
2966080
2966521
2966872
2967055
2967149
2967219
2967323
2967803
2967997
2968039
2968656
2968841
2968870
2969109
2969570
2969612
2969636
2969937
2970723
2971112
2971221
2971835
2972412
2972679
2972925
2972966
2973023
2973333
2973349
2973792
2974508
2974526
2974848
2975430
2975447
2975449
2975468
2975598
2976115
2976583
2976777
2976801
2976863
2977060
2977357
2977670
2977726
2978576
2978652
2978816
2978939
2979447
2979481
2980971
2981208
2981322
2981695
2981886
2981972
2982393
2982844
2982863
2983153
2983361
2983504
2984907
2984922
2985195
2985299
2985575
2985725
2985982
2986074
2986294
2986469
2986826
2987243
2987263
2987273
2987630
2988032
2988053
2988323
2988693
2988806
2989661
2989671
2989891
2989933
2990101
2990499
2990987
2991858
2992254
2992728
2992825
2992839
2992914
2993197
2993268
2993286
2994715
2994837
2995037
2995310
2995688
2995831
2996198
2996594
2996656
2997205
2997339
2998296
2998522
2998906
2999155
2999321
2999442
2999707
2999997
3001044
